2023-04-02 13:30:08.556 [info] Log level: Info
2023-04-02 13:30:08.556 [info] Validating found git in: "git"
2023-04-02 13:30:08.556 [info] Using git "2.30.2" from "git"
2023-04-02 13:30:08.556 [info] > git rev-parse --show-toplevel [18ms]
2023-04-02 13:30:08.556 [info] fatal: not a git repository (or any of the parent directories): .git
2023-04-02 13:30:08.556 [info] > git rev-parse --show-toplevel [3ms]
2023-04-02 13:30:08.556 [info] fatal: not a git repository (or any of the parent directories): .git
2023-04-02 13:30:08.556 [info] > git rev-parse --show-toplevel [19ms]
2023-04-02 13:30:08.556 [info] fatal: not a git repository (or any of the parent directories): .git
2023-04-02 13:30:08.556 [info] > git rev-parse --show-toplevel [2ms]
2023-04-02 13:30:08.556 [info] fatal: not a git repository (or any of the parent directories): .git
2023-04-02 13:30:08.556 [info] > git rev-parse --show-toplevel [4ms]
2023-04-02 13:30:08.556 [info] fatal: not a git repository (or any of the parent directories): .git
2023-04-02 13:30:08.556 [info] > git rev-parse --show-toplevel [1ms]
2023-04-02 13:30:08.556 [info] fatal: not a git repository (or any of the parent directories): .git
2023-04-02 13:30:08.556 [info] > git rev-parse --show-toplevel [6ms]
2023-04-02 13:30:08.556 [info] fatal: not a git repository (or any of the parent directories): .git
2023-04-02 13:30:08.556 [info] > git rev-parse --show-toplevel [20ms]
2023-04-02 13:30:08.556 [info] fatal: not a git repository (or any of the parent directories): .git
2023-04-02 13:30:08.556 [info] > git rev-parse --show-toplevel [20ms]
2023-04-02 13:30:08.556 [info] fatal: not a git repository (or any of the parent directories): .git
2023-04-02 13:30:09.147 [info] > git rev-parse --show-toplevel [6ms]
2023-04-02 13:30:09.147 [info] fatal: not a git repository (or any of the parent directories): .git
2023-04-02 13:30:09.393 [info] > git rev-parse --show-toplevel [11ms]
2023-04-02 13:30:09.393 [info] fatal: not a git repository (or any of the parent directories): .git
2023-04-02 13:30:10.157 [info] > git rev-parse --show-toplevel [4ms]
2023-04-02 13:30:10.157 [info] fatal: not a git repository (or any of the parent directories): .git
2023-04-04 14:35:01.842 [info] > git rev-parse --show-toplevel [21ms]
2023-04-04 14:35:01.843 [info] fatal: not a git repository (or any of the parent directories): .git
2023-04-04 14:35:04.789 [info] > git rev-parse --show-toplevel [9ms]
2023-04-04 14:35:04.790 [info] fatal: not a git repository (or any of the parent directories): .git
2023-04-04 14:58:28.338 [info] > git init [33ms]
2023-04-04 14:58:28.341 [info] hint: Using 'master' as the name for the initial branch. This default branch name
hint: is subject to change. To configure the initial branch name to use in all
hint: of your new repositories, which will suppress this warning, call:
hint: 
hint: 	git config --global init.defaultBranch <name>
hint: 
hint: Names commonly chosen instead of 'master' are 'main', 'trunk' and
hint: 'development'. The just-created branch can be renamed via this command:
hint: 
hint: 	git branch -m <name>
2023-04-04 14:58:28.946 [info] > git rev-parse --show-toplevel [1ms]
2023-04-04 14:58:28.960 [info] > git rev-parse --git-dir --git-common-dir [3ms]
2023-04-04 14:58:28.996 [info] Open repository: /home/danielazoccari
2023-04-04 14:58:29.038 [info] No remotes found in the git config file.
2023-04-04 14:58:29.039 [info] > git config --get commit.template [18ms]
2023-04-04 14:58:29.047 [info] > git for-each-ref --format=%(refname)%00%(upstream:short)%00%(objectname)%00%(upstream:track)%00%(upstream:remotename)%00%(upstream:remoteref) refs/heads/master refs/remotes/master [10ms]
2023-04-04 14:58:29.473 [info] > git status -z -uall [401ms]
2023-04-04 14:58:31.891 [info] > git config --get commit.template [251ms]
2023-04-04 14:58:31.914 [info] No remotes found in the git config file.
2023-04-04 14:58:32.033 [info] > git for-each-ref --format=%(refname)%00%(upstream:short)%00%(objectname)%00%(upstream:track)%00%(upstream:remotename)%00%(upstream:remoteref) refs/heads/master refs/remotes/master [11ms]
2023-04-04 14:58:32.233 [info] > git status -z -uall [190ms]
2023-04-04 14:58:33.907 [info] > git check-ignore -v -z --stdin [1675ms]
2023-04-04 14:58:33.961 [info] > git show --textconv :Presentazione.html [26ms]
2023-04-04 14:58:33.961 [info] > git ls-files --stage -- /home/danielazoccari/Presentazione.html [14ms]
2023-04-04 14:58:34.487 [info] > git check-ignore -v -z --stdin [8ms]
