2023-04-16 16:21:25.275 [info] Log level: Info
2023-04-16 16:21:25.275 [info] Validating found git in: "git"
2023-04-16 16:21:25.275 [info] Using git "2.30.2" from "git"
2023-04-16 16:21:25.275 [info] > git rev-parse --show-toplevel [47ms]
2023-04-16 16:21:25.275 [info] > git rev-parse --git-dir --git-common-dir [11ms]
2023-04-16 16:21:25.275 [info] Open repository: /home/danielazoccari
2023-04-16 16:21:25.275 [info] > git rev-parse --show-toplevel [27ms]
2023-04-16 16:21:25.275 [info] > git rev-parse --show-toplevel [9ms]
2023-04-16 16:21:25.275 [info] > git config --get commit.template [49ms]
2023-04-16 16:21:25.275 [info] > git rev-parse --show-toplevel [55ms]
2023-04-16 16:21:25.275 [info] > git for-each-ref --format=%(refname)%00%(upstream:short)%00%(objectname)%00%(upstream:track)%00%(upstream:remotename)%00%(upstream:remoteref) refs/heads/main refs/remotes/main [42ms]
2023-04-16 16:21:25.275 [info] > git rev-parse --show-toplevel [53ms]
2023-04-16 16:21:25.275 [info] > git rev-parse --show-toplevel [1ms]
2023-04-16 16:21:25.275 [info] > git rev-parse --show-toplevel [3ms]
2023-04-16 16:21:25.275 [info] > git rev-parse --show-toplevel [8ms]
2023-04-16 16:21:25.275 [info] > git rev-parse --show-toplevel [5ms]
2023-04-16 16:21:25.275 [info] > git rev-parse --show-toplevel [6ms]
2023-04-16 16:21:25.275 [info] > git status -z -uall [386ms]
2023-04-16 16:21:25.275 [info] > git log --format=%H%n%aN%n%aE%n%at%n%ct%n%P%n%D%n%B -z -n133 -- /home/danielazoccari/Pre-Corso.Ch2/registrazione.html [9ms]
2023-04-16 16:21:25.275 [info] > git check-ignore -v -z --stdin [32ms]
2023-04-16 16:21:27.747 [info] > git show --textconv :Pre-Corso.Ch2/registrazione.html [132ms]
2023-04-16 16:21:27.767 [info] > git ls-files --stage -- /home/danielazoccari/Pre-Corso.Ch2/registrazione.html [26ms]
2023-04-16 16:21:29.961 [info] > git config --get commit.template [7ms]
2023-04-16 16:21:29.994 [info] > git for-each-ref --format=%(refname)%00%(upstream:short)%00%(objectname)%00%(upstream:track)%00%(upstream:remotename)%00%(upstream:remoteref) refs/heads/main refs/remotes/main [10ms]
2023-04-16 16:21:30.090 [info] > git status -z -uall [89ms]
2023-04-16 16:21:35.183 [info] > git config --get commit.template [7ms]
2023-04-16 16:21:35.201 [info] > git for-each-ref --format=%(refname)%00%(upstream:short)%00%(objectname)%00%(upstream:track)%00%(upstream:remotename)%00%(upstream:remoteref) refs/heads/main refs/remotes/main [5ms]
2023-04-16 16:21:35.301 [info] > git status -z -uall [88ms]
2023-04-16 16:21:40.410 [info] > git config --get commit.template [4ms]
2023-04-16 16:21:40.426 [info] > git for-each-ref --format=%(refname)%00%(upstream:short)%00%(objectname)%00%(upstream:track)%00%(upstream:remotename)%00%(upstream:remoteref) refs/heads/main refs/remotes/main [3ms]
2023-04-16 16:21:40.542 [info] > git status -z -uall [104ms]
2023-04-16 16:21:43.211 [info] > git log --format=%H%n%aN%n%aE%n%at%n%ct%n%P%n%D%n%B -z -n133 -- /home/danielazoccari/Pre-Corso.Ch2/registrazione.html [9ms]
2023-04-16 16:21:45.617 [info] > git config --get commit.template [15ms]
2023-04-16 16:21:45.625 [info] > git for-each-ref --format=%(refname)%00%(upstream:short)%00%(objectname)%00%(upstream:track)%00%(upstream:remotename)%00%(upstream:remoteref) refs/heads/main refs/remotes/main [9ms]
2023-04-16 16:21:45.811 [info] > git status -z -uall [164ms]
2023-04-16 16:21:50.945 [info] > git config --get commit.template [36ms]
2023-04-16 16:21:50.953 [info] > git for-each-ref --format=%(refname)%00%(upstream:short)%00%(objectname)%00%(upstream:track)%00%(upstream:remotename)%00%(upstream:remoteref) refs/heads/main refs/remotes/main [11ms]
2023-04-16 16:21:51.072 [info] > git status -z -uall [108ms]
2023-04-16 16:21:56.115 [info] > git config --get commit.template [2ms]
2023-04-16 16:21:56.130 [info] > git for-each-ref --format=%(refname)%00%(upstream:short)%00%(objectname)%00%(upstream:track)%00%(upstream:remotename)%00%(upstream:remoteref) refs/heads/main refs/remotes/main [5ms]
2023-04-16 16:21:56.251 [info] > git status -z -uall [108ms]
2023-04-16 16:22:00.068 [info] > git for-each-ref --sort -committerdate --format %(refname) %(objectname) %(*objectname) [8ms]
2023-04-16 16:22:00.933 [info] > git for-each-ref --sort -committerdate --format %(refname) %(objectname) %(*objectname) [5ms]
2023-04-16 16:22:01.311 [info] > git config --get commit.template [13ms]
2023-04-16 16:22:01.315 [info] > git for-each-ref --format=%(refname)%00%(upstream:short)%00%(objectname)%00%(upstream:track)%00%(upstream:remotename)%00%(upstream:remoteref) refs/heads/main refs/remotes/main [5ms]
2023-04-16 16:22:01.416 [info] > git status -z -uall [93ms]
2023-04-16 16:22:06.516 [info] > git config --get commit.template [9ms]
2023-04-16 16:22:06.562 [info] > git for-each-ref --format=%(refname)%00%(upstream:short)%00%(objectname)%00%(upstream:track)%00%(upstream:remotename)%00%(upstream:remoteref) refs/heads/main refs/remotes/main [6ms]
2023-04-16 16:22:06.659 [info] > git status -z -uall [86ms]
2023-04-16 16:22:11.732 [info] > git for-each-ref --format=%(refname)%00%(upstream:short)%00%(objectname)%00%(upstream:track)%00%(upstream:remotename)%00%(upstream:remoteref) refs/heads/main refs/remotes/main [2ms]
2023-04-16 16:22:11.734 [info] > git config --get commit.template [19ms]
2023-04-16 16:22:11.862 [info] > git status -z -uall [112ms]
2023-04-16 16:22:16.932 [info] > git config --get commit.template [11ms]
2023-04-16 16:22:16.939 [info] > git for-each-ref --format=%(refname)%00%(upstream:short)%00%(objectname)%00%(upstream:track)%00%(upstream:remotename)%00%(upstream:remoteref) refs/heads/main refs/remotes/main [8ms]
2023-04-16 16:22:17.063 [info] > git status -z -uall [109ms]
2023-04-16 16:22:22.144 [info] > git config --get commit.template [2ms]
2023-04-16 16:22:22.159 [info] > git for-each-ref --format=%(refname)%00%(upstream:short)%00%(objectname)%00%(upstream:track)%00%(upstream:remotename)%00%(upstream:remoteref) refs/heads/main refs/remotes/main [4ms]
2023-04-16 16:22:22.240 [info] > git status -z -uall [74ms]
2023-04-16 16:22:27.280 [info] > git config --get commit.template [4ms]
2023-04-16 16:22:27.294 [info] > git for-each-ref --format=%(refname)%00%(upstream:short)%00%(objectname)%00%(upstream:track)%00%(upstream:remotename)%00%(upstream:remoteref) refs/heads/main refs/remotes/main [1ms]
2023-04-16 16:22:27.386 [info] > git status -z -uall [86ms]
2023-04-16 16:22:28.397 [info] > git log --format=%H%n%aN%n%aE%n%at%n%ct%n%P%n%D%n%B -z -n133 -- /home/danielazoccari/Pre-Corso.Ch2/index.html [6ms]
2023-04-16 16:22:28.682 [info] > git show --textconv :Pre-Corso.Ch2/index.html [41ms]
2023-04-16 16:22:28.723 [info] > git ls-files --stage -- /home/danielazoccari/Pre-Corso.Ch2/index.html [42ms]
2023-04-16 16:22:32.457 [info] > git config --get commit.template [20ms]
2023-04-16 16:22:32.460 [info] > git for-each-ref --format=%(refname)%00%(upstream:short)%00%(objectname)%00%(upstream:track)%00%(upstream:remotename)%00%(upstream:remoteref) refs/heads/main refs/remotes/main [5ms]
2023-04-16 16:22:32.584 [info] > git status -z -uall [106ms]
2023-04-16 16:22:33.098 [info] > git log --format=%H%n%aN%n%aE%n%at%n%ct%n%P%n%D%n%B -z -n133 -- /home/danielazoccari/Pre-Corso.Ch2/registrazione.html [4ms]
2023-04-16 16:22:37.645 [info] > git config --get commit.template [4ms]
2023-04-16 16:22:37.670 [info] > git for-each-ref --format=%(refname)%00%(upstream:short)%00%(objectname)%00%(upstream:track)%00%(upstream:remotename)%00%(upstream:remoteref) refs/heads/main refs/remotes/main [7ms]
2023-04-16 16:22:37.820 [info] > git status -z -uall [133ms]
2023-04-16 16:22:42.949 [info] > git config --get commit.template [5ms]
2023-04-16 16:22:42.974 [info] > git for-each-ref --format=%(refname)%00%(upstream:short)%00%(objectname)%00%(upstream:track)%00%(upstream:remotename)%00%(upstream:remoteref) refs/heads/main refs/remotes/main [7ms]
2023-04-16 16:22:43.084 [info] > git status -z -uall [97ms]
2023-04-16 16:22:48.208 [info] > git config --get commit.template [38ms]
2023-04-16 16:22:48.251 [info] > git for-each-ref --format=%(refname)%00%(upstream:short)%00%(objectname)%00%(upstream:track)%00%(upstream:remotename)%00%(upstream:remoteref) refs/heads/main refs/remotes/main [51ms]
2023-04-16 16:22:48.338 [info] > git status -z -uall [76ms]
2023-04-16 16:22:53.447 [info] > git config --get commit.template [13ms]
2023-04-16 16:22:53.451 [info] > git for-each-ref --format=%(refname)%00%(upstream:short)%00%(objectname)%00%(upstream:track)%00%(upstream:remotename)%00%(upstream:remoteref) refs/heads/main refs/remotes/main [6ms]
2023-04-16 16:22:53.566 [info] > git status -z -uall [99ms]
2023-04-16 16:22:58.700 [info] > git config --get commit.template [14ms]
2023-04-16 16:22:58.759 [info] > git for-each-ref --format=%(refname)%00%(upstream:short)%00%(objectname)%00%(upstream:track)%00%(upstream:remotename)%00%(upstream:remoteref) refs/heads/main refs/remotes/main [14ms]
2023-04-16 16:22:58.931 [info] > git status -z -uall [131ms]
2023-04-16 16:23:04.054 [info] > git config --get commit.template [55ms]
2023-04-16 16:23:04.064 [info] > git for-each-ref --format=%(refname)%00%(upstream:short)%00%(objectname)%00%(upstream:track)%00%(upstream:remotename)%00%(upstream:remoteref) refs/heads/main refs/remotes/main [18ms]
2023-04-16 16:23:04.173 [info] > git status -z -uall [93ms]
2023-04-16 16:23:06.261 [info] > git check-ignore -v -z --stdin [23ms]
2023-04-16 16:23:07.105 [info] > git log --format=%H%n%aN%n%aE%n%at%n%ct%n%P%n%D%n%B -z -n133 -- /home/danielazoccari/.gitconfig [3ms]
2023-04-16 16:23:07.343 [info] > git show --textconv :.gitconfig [19ms]
2023-04-16 16:23:07.359 [info] > git ls-files --stage -- /home/danielazoccari/.gitconfig [20ms]
2023-04-16 16:23:09.253 [info] > git config --get commit.template [13ms]
2023-04-16 16:23:09.255 [info] > git for-each-ref --format=%(refname)%00%(upstream:short)%00%(objectname)%00%(upstream:track)%00%(upstream:remotename)%00%(upstream:remoteref) refs/heads/main refs/remotes/main [5ms]
2023-04-16 16:23:09.402 [info] > git status -z -uall [125ms]
2023-04-16 16:23:14.523 [info] > git config --get commit.template [14ms]
2023-04-16 16:23:14.576 [info] > git for-each-ref --format=%(refname)%00%(upstream:short)%00%(objectname)%00%(upstream:track)%00%(upstream:remotename)%00%(upstream:remoteref) refs/heads/main refs/remotes/main [12ms]
2023-04-16 16:23:14.684 [info] > git status -z -uall [97ms]
2023-04-16 16:23:15.109 [info] > git log --format=%H%n%aN%n%aE%n%at%n%ct%n%P%n%D%n%B -z -n133 -- /home/danielazoccari/README.md [9ms]
2023-04-16 16:23:15.688 [info] > git show --textconv :README.md [189ms]
2023-04-16 16:23:15.689 [info] > git ls-files --stage -- /home/danielazoccari/README.md [98ms]
2023-04-16 16:23:15.743 [info] > git cat-file -s 1c5f72c797c89ed44d86a33e677fab380bbf28b2 [1ms]
2023-04-16 16:23:17.152 [info] > git log --format=%H%n%aN%n%aE%n%at%n%ct%n%P%n%D%n%B -z -n133 -- /home/danielazoccari/Presentazione.html [9ms]
2023-04-16 16:23:17.691 [info] > git show --textconv :Presentazione.html [83ms]
2023-04-16 16:23:17.691 [info] > git ls-files --stage -- /home/danielazoccari/Presentazione.html [63ms]
2023-04-16 16:23:17.745 [info] > git cat-file -s b647ee807f77609b7189cda25b17bf6c404e5edb [39ms]
2023-04-16 16:23:19.799 [info] > git config --get commit.template [10ms]
2023-04-16 16:23:19.820 [info] > git for-each-ref --format=%(refname)%00%(upstream:short)%00%(objectname)%00%(upstream:track)%00%(upstream:remotename)%00%(upstream:remoteref) refs/heads/main refs/remotes/main [9ms]
2023-04-16 16:23:19.981 [info] > git status -z -uall [146ms]
2023-04-16 16:23:21.821 [info] > git check-ignore -v -z --stdin [18ms]
2023-04-16 16:23:25.146 [info] > git config --get commit.template [18ms]
2023-04-16 16:23:25.152 [info] > git for-each-ref --format=%(refname)%00%(upstream:short)%00%(objectname)%00%(upstream:track)%00%(upstream:remotename)%00%(upstream:remoteref) refs/heads/main refs/remotes/main [8ms]
2023-04-16 16:23:25.285 [info] > git status -z -uall [122ms]
2023-04-16 16:23:35.515 [info] > git for-each-ref --format=%(refname)%00%(upstream:short)%00%(objectname)%00%(upstream:track)%00%(upstream:remotename)%00%(upstream:remoteref) refs/heads/main refs/remotes/main [10ms]
2023-04-16 16:23:35.528 [info] > git config --get commit.template [35ms]
2023-04-16 16:23:36.035 [info] > git status -z -uall [486ms]
2023-04-16 16:23:41.313 [info] > git config --get commit.template [68ms]
2023-04-16 16:23:41.320 [info] > git for-each-ref --format=%(refname)%00%(upstream:short)%00%(objectname)%00%(upstream:track)%00%(upstream:remotename)%00%(upstream:remoteref) refs/heads/main refs/remotes/main [13ms]
2023-04-16 16:23:41.471 [info] > git status -z -uall [118ms]
2023-04-16 16:23:46.608 [info] > git config --get commit.template [15ms]
2023-04-16 16:23:46.613 [info] > git for-each-ref --format=%(refname)%00%(upstream:short)%00%(objectname)%00%(upstream:track)%00%(upstream:remotename)%00%(upstream:remoteref) refs/heads/main refs/remotes/main [6ms]
2023-04-16 16:23:46.728 [info] > git status -z -uall [101ms]
2023-04-16 16:23:51.787 [info] > git check-ignore -v -z --stdin [26ms]
2023-04-16 16:23:51.828 [info] > git config --get commit.template [17ms]
2023-04-16 16:23:51.833 [info] > git for-each-ref --format=%(refname)%00%(upstream:short)%00%(objectname)%00%(upstream:track)%00%(upstream:remotename)%00%(upstream:remoteref) refs/heads/main refs/remotes/main [7ms]
2023-04-16 16:23:51.955 [info] > git status -z -uall [100ms]
2023-04-16 16:23:53.070 [info] > git check-ignore -v -z --stdin [27ms]
2023-04-16 16:29:36.670 [info] > git config --get commit.template [64ms]
2023-04-16 16:29:36.874 [info] > git for-each-ref --format=%(refname)%00%(upstream:short)%00%(objectname)%00%(upstream:track)%00%(upstream:remotename)%00%(upstream:remoteref) refs/heads/main refs/remotes/main [80ms]
2023-04-16 16:29:37.915 [info] > git status -z -uall [973ms]
2023-04-16 16:29:43.458 [info] > git check-ignore -v -z --stdin [112ms]
2023-04-16 16:29:43.466 [info] > git config --get commit.template [74ms]
2023-04-16 16:29:43.482 [info] > git for-each-ref --format=%(refname)%00%(upstream:short)%00%(objectname)%00%(upstream:track)%00%(upstream:remotename)%00%(upstream:remoteref) refs/heads/main refs/remotes/main [30ms]
2023-04-16 16:29:43.938 [info] > git status -z -uall [411ms]
2023-04-16 16:29:49.256 [info] > git config --get commit.template [22ms]
2023-04-16 16:29:49.262 [info] > git for-each-ref --format=%(refname)%00%(upstream:short)%00%(objectname)%00%(upstream:track)%00%(upstream:remotename)%00%(upstream:remoteref) refs/heads/main refs/remotes/main [9ms]
2023-04-16 16:29:49.441 [info] > git status -z -uall [168ms]
2023-04-16 16:29:54.840 [info] > git config --get commit.template [117ms]
2023-04-16 16:29:54.865 [info] > git for-each-ref --format=%(refname)%00%(upstream:short)%00%(objectname)%00%(upstream:track)%00%(upstream:remotename)%00%(upstream:remoteref) refs/heads/main refs/remotes/main [55ms]
2023-04-16 16:29:55.346 [info] > git status -z -uall [383ms]
2023-04-16 16:30:00.170 [info] > git log --format=%H%n%aN%n%aE%n%at%n%ct%n%P%n%D%n%B -z -n133 -- /home/danielazoccari/Pre-Corso.Ch2/registrazione.html [74ms]
2023-04-16 16:30:00.576 [info] > git config --get commit.template [10ms]
2023-04-16 16:30:00.665 [info] > git for-each-ref --format=%(refname)%00%(upstream:short)%00%(objectname)%00%(upstream:track)%00%(upstream:remotename)%00%(upstream:remoteref) refs/heads/main refs/remotes/main [39ms]
2023-04-16 16:30:01.134 [info] > git status -z -uall [423ms]
2023-04-16 16:30:06.390 [info] > git config --get commit.template [12ms]
2023-04-16 16:30:06.461 [info] > git for-each-ref --format=%(refname)%00%(upstream:short)%00%(objectname)%00%(upstream:track)%00%(upstream:remotename)%00%(upstream:remoteref) refs/heads/main refs/remotes/main [23ms]
2023-04-16 16:30:06.806 [info] > git status -z -uall [266ms]
2023-04-16 16:30:12.221 [info] > git config --get commit.template [74ms]
2023-04-16 16:30:12.233 [info] > git for-each-ref --format=%(refname)%00%(upstream:short)%00%(objectname)%00%(upstream:track)%00%(upstream:remotename)%00%(upstream:remoteref) refs/heads/main refs/remotes/main [23ms]
2023-04-16 16:30:12.540 [info] > git status -z -uall [271ms]
2023-04-16 16:30:17.837 [info] > git for-each-ref --format=%(refname)%00%(upstream:short)%00%(objectname)%00%(upstream:track)%00%(upstream:remotename)%00%(upstream:remoteref) refs/heads/main refs/remotes/main [1ms]
2023-04-16 16:30:17.837 [info] > git config --get commit.template [35ms]
2023-04-16 16:30:18.003 [info] > git status -z -uall [152ms]
2023-04-16 16:30:23.241 [info] > git config --get commit.template [119ms]
2023-04-16 16:30:23.243 [info] > git for-each-ref --format=%(refname)%00%(upstream:short)%00%(objectname)%00%(upstream:track)%00%(upstream:remotename)%00%(upstream:remoteref) refs/heads/main refs/remotes/main [8ms]
2023-04-16 16:30:23.484 [info] > git status -z -uall [211ms]
2023-04-16 16:30:28.656 [info] > git config --get commit.template [63ms]
2023-04-16 16:30:28.672 [info] > git for-each-ref --format=%(refname)%00%(upstream:short)%00%(objectname)%00%(upstream:track)%00%(upstream:remotename)%00%(upstream:remoteref) refs/heads/main refs/remotes/main [34ms]
2023-04-16 16:30:29.029 [info] > git status -z -uall [273ms]
2023-04-16 16:30:34.195 [info] > git config --get commit.template [25ms]
2023-04-16 16:30:34.251 [info] > git for-each-ref --format=%(refname)%00%(upstream:short)%00%(objectname)%00%(upstream:track)%00%(upstream:remotename)%00%(upstream:remoteref) refs/heads/main refs/remotes/main [20ms]
2023-04-16 16:30:34.512 [info] > git status -z -uall [216ms]
2023-04-16 16:30:39.781 [info] > git config --get commit.template [98ms]
2023-04-16 16:30:39.797 [info] > git for-each-ref --format=%(refname)%00%(upstream:short)%00%(objectname)%00%(upstream:track)%00%(upstream:remotename)%00%(upstream:remoteref) refs/heads/main refs/remotes/main [19ms]
2023-04-16 16:30:40.153 [info] > git status -z -uall [320ms]
2023-04-16 16:30:45.428 [info] > git config --get commit.template [61ms]
2023-04-16 16:30:45.429 [info] > git for-each-ref --format=%(refname)%00%(upstream:short)%00%(objectname)%00%(upstream:track)%00%(upstream:remotename)%00%(upstream:remoteref) refs/heads/main refs/remotes/main [26ms]
2023-04-16 16:30:46.116 [info] > git status -z -uall [601ms]
2023-04-16 16:30:51.495 [info] > git config --get commit.template [73ms]
2023-04-16 16:30:51.500 [info] > git for-each-ref --format=%(refname)%00%(upstream:short)%00%(objectname)%00%(upstream:track)%00%(upstream:remotename)%00%(upstream:remoteref) refs/heads/main refs/remotes/main [10ms]
2023-04-16 16:30:52.096 [info] > git status -z -uall [534ms]
2023-04-16 16:30:57.490 [info] > git config --get commit.template [9ms]
2023-04-16 16:30:57.564 [info] > git for-each-ref --format=%(refname)%00%(upstream:short)%00%(objectname)%00%(upstream:track)%00%(upstream:remotename)%00%(upstream:remoteref) refs/heads/main refs/remotes/main [15ms]
2023-04-16 16:30:57.854 [info] > git status -z -uall [242ms]
2023-04-16 16:31:03.465 [info] > git config --get commit.template [133ms]
2023-04-16 16:31:03.493 [info] > git for-each-ref --format=%(refname)%00%(upstream:short)%00%(objectname)%00%(upstream:track)%00%(upstream:remotename)%00%(upstream:remoteref) refs/heads/main refs/remotes/main [39ms]
2023-04-16 16:31:03.915 [info] > git status -z -uall [352ms]
2023-04-16 16:31:09.199 [info] > git config --get commit.template [47ms]
2023-04-16 16:31:09.348 [info] > git for-each-ref --format=%(refname)%00%(upstream:short)%00%(objectname)%00%(upstream:track)%00%(upstream:remotename)%00%(upstream:remoteref) refs/heads/main refs/remotes/main [99ms]
2023-04-16 16:31:10.013 [info] > git status -z -uall [593ms]
2023-04-16 16:31:15.340 [info] > git config --get commit.template [59ms]
2023-04-16 16:31:15.391 [info] > git for-each-ref --format=%(refname)%00%(upstream:short)%00%(objectname)%00%(upstream:track)%00%(upstream:remotename)%00%(upstream:remoteref) refs/heads/main refs/remotes/main [59ms]
2023-04-16 16:31:15.835 [info] > git status -z -uall [284ms]
2023-04-16 16:31:21.022 [info] > git config --get commit.template [34ms]
2023-04-16 16:31:21.034 [info] > git for-each-ref --format=%(refname)%00%(upstream:short)%00%(objectname)%00%(upstream:track)%00%(upstream:remotename)%00%(upstream:remoteref) refs/heads/main refs/remotes/main [22ms]
2023-04-16 16:31:21.330 [info] > git status -z -uall [269ms]
2023-04-16 16:31:26.741 [info] > git config --get commit.template [18ms]
2023-04-16 16:31:26.874 [info] > git for-each-ref --format=%(refname)%00%(upstream:short)%00%(objectname)%00%(upstream:track)%00%(upstream:remotename)%00%(upstream:remoteref) refs/heads/main refs/remotes/main [46ms]
2023-04-16 16:31:27.182 [info] > git status -z -uall [276ms]
2023-04-16 16:31:32.492 [info] > git config --get commit.template [63ms]
2023-04-16 16:31:32.505 [info] > git for-each-ref --format=%(refname)%00%(upstream:short)%00%(objectname)%00%(upstream:track)%00%(upstream:remotename)%00%(upstream:remoteref) refs/heads/main refs/remotes/main [23ms]
2023-04-16 16:31:32.969 [info] > git status -z -uall [430ms]
2023-04-16 16:31:38.277 [info] > git for-each-ref --format=%(refname)%00%(upstream:short)%00%(objectname)%00%(upstream:track)%00%(upstream:remotename)%00%(upstream:remoteref) refs/heads/main refs/remotes/main [5ms]
2023-04-16 16:31:38.278 [info] > git config --get commit.template [51ms]
2023-04-16 16:31:38.687 [info] > git status -z -uall [369ms]
2023-04-16 16:31:57.607 [info] > git config --get commit.template [64ms]
2023-04-16 16:31:57.739 [info] > git for-each-ref --format=%(refname)%00%(upstream:short)%00%(objectname)%00%(upstream:track)%00%(upstream:remotename)%00%(upstream:remoteref) refs/heads/main refs/remotes/main [75ms]
2023-04-16 16:31:58.179 [info] > git status -z -uall [390ms]
2023-04-16 16:32:03.425 [info] > git config --get commit.template [45ms]
2023-04-16 16:32:03.453 [info] > git for-each-ref --format=%(refname)%00%(upstream:short)%00%(objectname)%00%(upstream:track)%00%(upstream:remotename)%00%(upstream:remoteref) refs/heads/main refs/remotes/main [30ms]
2023-04-16 16:32:03.885 [info] > git status -z -uall [392ms]
