2023-04-15 11:29:05.616 [info] Reading sessions from keychain...
2023-04-15 11:29:05.616 [info] Getting sessions for all scopes...
2023-04-15 11:29:05.616 [info] Getting sessions for user:email...
2023-04-15 11:29:05.616 [info] Got 0 sessions for ...
2023-04-15 11:29:05.616 [info] Got 0 sessions for user:email...
2023-04-15 11:29:05.616 [info] Getting sessions for all scopes...
2023-04-15 11:29:05.616 [info] Got 0 sessions for ...
2023-04-15 11:29:05.743 [info] Getting sessions for all scopes...
2023-04-15 11:29:05.743 [info] Got 0 sessions for ...
2023-04-15 11:29:43.876 [info] Getting sessions for read:user,repo,user:email,workflow...
2023-04-15 11:29:43.876 [info] Got 0 sessions for read:user,repo,user:email,workflow...
2023-04-15 11:29:52.363 [info] Logging in for the following scopes: read:user repo user:email workflow
2023-04-15 11:29:52.371 [info] Trying without local server... (read:user repo user:email workflow)
2023-04-15 11:30:21.158 [info] Exchanging code for token...
2023-04-15 11:30:21.768 [info] Token exchange success!
2023-04-15 11:30:21.777 [info] Getting user info...
2023-04-15 11:30:22.334 [info] Got account info!
2023-04-15 11:30:22.338 [info] Storing 1 sessions...
2023-04-15 11:30:22.890 [info] Getting user info...
2023-04-15 11:30:23.355 [info] Got account info!
2023-04-15 11:31:58.770 [info] Reading sessions from keychain...
2023-04-15 11:31:58.786 [info] Stored 1 sessions!
2023-04-15 11:31:58.787 [info] Login success!
2023-04-15 11:31:58.807 [info] Getting sessions for user:email...
2023-04-15 11:31:58.855 [info] Got stored sessions!
2023-04-15 11:31:58.855 [info] Got 1 verified sessions.
2023-04-15 11:31:58.856 [info] Got 0 sessions for user:email...
