2023-04-16 16:21:20.124 [info] Using settings sync service https://vscode-sync.trafficmanager.net/
2023-04-16 16:21:20.124 [info] Auto Sync is disabled.
2023-04-16 16:31:59.849 [info] Sync started.
2023-04-16 16:32:00.388 [info] Did reset the local sync state.
2023-04-16 16:32:00.567 [info] Settings: Migrating last sync user data. Resource does not exist.
2023-04-16 16:32:00.573 [info] Settings: Last sync data state does not exist.
2023-04-16 16:32:00.717 [info] Settings: Migrating last sync user data. Resource does not exist.
2023-04-16 16:32:00.718 [info] Settings: Last sync data state does not exist.
2023-04-16 16:32:01.606 [info] Keybindings: Migrating last sync user data. Resource does not exist.
2023-04-16 16:32:01.693 [info] Keybindings: Last sync data state does not exist.
2023-04-16 16:32:02.341 [info] Snippets: Migrating last sync user data. Resource does not exist.
2023-04-16 16:32:02.345 [info] Snippets: Last sync data state does not exist.
2023-04-16 16:32:02.479 [info] Tasks: Migrating last sync user data. Resource does not exist.
2023-04-16 16:32:02.482 [info] Tasks: Last sync data state does not exist.
2023-04-16 16:32:02.639 [info] GlobalState: Migrating last sync user data. Resource does not exist.
2023-04-16 16:32:02.641 [info] GlobalState: Last sync data state does not exist.
2023-04-16 16:32:02.960 [info] Extensions: Migrating last sync user data. Resource does not exist.
2023-04-16 16:32:02.962 [info] Extensions: Last sync data state does not exist.
2023-04-16 16:32:04.757 [info] Profiles: Migrating last sync user data. Resource does not exist.
2023-04-16 16:32:04.759 [info] Profiles: Last sync data state does not exist.
2023-04-16 16:32:05.011 [info] Profiles: Migrating last sync user data. Resource does not exist.
2023-04-16 16:32:05.014 [info] Profiles: Last sync data state does not exist.
2023-04-16 16:32:05.317 [info] Settings: Updated remote settings
2023-04-16 16:32:05.489 [info] Settings: Updated last synchronized settings
2023-04-16 16:32:05.513 [info] Keybindings: No changes found during synchronizing keybindings.
2023-04-16 16:32:05.711 [info] GlobalState: Migrating last sync user data. Resource does not exist.
2023-04-16 16:32:05.713 [info] GlobalState: Last sync data state does not exist.
2023-04-16 16:32:05.721 [info] Keybindings: Updated last synchronized keybindings
2023-04-16 16:32:05.737 [info] Snippets: No changes found during synchronizing snippets.
2023-04-16 16:32:05.796 [info] Snippets: Updated last synchronized snippets
2023-04-16 16:32:05.819 [info] Tasks: No changes found during synchronizing tasks.
2023-04-16 16:32:05.840 [info] GlobalState: Migrating last sync user data. Resource does not exist.
2023-04-16 16:32:05.849 [info] GlobalState: Last sync data state does not exist.
2023-04-16 16:32:05.896 [info] Tasks: Updated last synchronized tasks
2023-04-16 16:32:06.121 [info] GlobalState: Updated remote ui state. Added: workbench.panel.markers.hidden,workbench.panel.output.hidden,terminal.hidden,workbench.explorer.views.state.hidden,workbench.scm.views.state.hidden,workbench.view.search.state.hidden,workbench.activity.pinnedViewlets2,nps/lastSessionDate,nps/sessionCount,workbench.telemetryOptOutShown,memento/gettingStartedService,workbench.statusbar.hidden,colorThemeData,workbench.panel.repl.hidden,workbench.panel.pinnedPanels,workbench.view.debug.state.hidden,workbench.panel.alignment,workbench.welcomePage.walkthroughMetadata,workbench.view.extensions.state.hidden,ces/skipSurvey,cpp.1.lastSessionDate,cpp.1.sessionCount,java.2.lastSessionDate,java.2.sessionCount,javascript.1.lastSessionDate,javascript.1.sessionCount,typescript.1.lastSessionDate,typescript.1.sessionCount,userDataProfiles.state.hidden,workbench.welcomePage.hiddenCategories,csharp.1.lastSessionDate,csharp.1.sessionCount,github-daniells-21,nps/isCandidate,nps/skipVersion.
2023-04-16 16:32:06.183 [info] GlobalState: Last sync resource does not exist locally.
2023-04-16 16:32:06.281 [info] GlobalState: Updated last synchronized ui state
2023-04-16 16:32:06.640 [info] Extensions: Updated remote extensions. Added: ["vscode.bat","vscode.clojure","vscode.coffeescript","vscode.configuration-editing","vscode.cpp","vscode.csharp","vscode.css","vscode.css-language-features","vscode.dart","vscode.debug-auto-launch","vscode.debug-server-ready","vscode.diff","vscode.docker","vscode.emmet","vscode.extension-editing","vscode.fsharp","vscode.git","vscode.git-base","vscode.github","vscode.github-authentication","vscode.go","vscode.groovy","vscode.grunt","vscode.gulp","vscode.handlebars","vscode.hlsl","vscode.html","vscode.html-language-features","vscode.ini","vscode.ipynb","vscode.jake","vscode.java","vscode.javascript","vscode.json","vscode.json-language-features","vscode.julia","vscode.latex","vscode.less","vscode.log","vscode.lua","vscode.make","vscode.markdown","vscode.markdown-language-features","vscode.markdown-math","vscode.media-preview","vscode.merge-conflict","vscode.microsoft-authentication","ms-vscode.js-debug","ms-vscode.js-debug-companion","ms-vscode.vscode-js-profile-table","vscode.builtin-notebook-renderers","vscode.npm","vscode.objective-c","vscode.perl","vscode.php","vscode.php-language-features","vscode.powershell","vscode.pug","vscode.python","vscode.r","vscode.razor","vscode.references-view","vscode.restructuredtext","vscode.ruby","vscode.rust","vscode.scss","vscode.search-result","vscode.shaderlab","vscode.shellscript","vscode.simple-browser","vscode.sql","vscode.swift","vscode.theme-abyss","vscode.theme-defaults","vscode.theme-kimbie-dark","vscode.theme-monokai","vscode.theme-monokai-dimmed","vscode.theme-quietlight","vscode.theme-red","vscode.vscode-theme-seti","vscode.theme-solarized-dark","vscode.theme-solarized-light","vscode.theme-tomorrow-night-blue","vscode.typescript","vscode.typescript-language-features","vscode.vb","vscode.xml","vscode.yaml","ritwickdey.liveserver"].
2023-04-16 16:32:06.696 [info] Extensions: Updated last synchronized extensions.
2023-04-16 16:32:06.714 [info] Profiles: No changes found during synchronizing profiles.
2023-04-16 16:32:06.759 [info] Profiles: Updated last synchronized profiles.
2023-04-16 16:32:06.839 [info] Sync done. Took 6964ms
2023-04-16 16:32:06.932 [info] Auto Sync: Triggered by Interval
2023-04-16 16:32:06.937 [info] Sync started.
2023-04-16 16:32:07.469 [info] Settings: No changes found during synchronizing settings.
2023-04-16 16:32:07.506 [info] Keybindings: No changes found during synchronizing keybindings.
2023-04-16 16:32:07.528 [info] Snippets: No changes found during synchronizing snippets.
2023-04-16 16:32:07.568 [info] Tasks: No changes found during synchronizing tasks.
2023-04-16 16:32:07.654 [info] GlobalState: No changes found during synchronizing ui state.
2023-04-16 16:32:08.627 [info] Extensions: No changes found during synchronizing extensions.
2023-04-16 16:32:08.672 [info] Profiles: No changes found during synchronizing profiles.
2023-04-16 16:32:08.707 [info] Sync done. Took 1781ms
2023-04-16 16:33:15.563 [info] Auto Sync: Triggered by Activity
2023-04-16 16:33:15.568 [info] Sync started.
2023-04-16 16:33:15.756 [info] Settings: No changes found during synchronizing settings.
2023-04-16 16:33:15.988 [info] Keybindings: No changes found during synchronizing keybindings.
2023-04-16 16:33:16.159 [info] Snippets: No changes found during synchronizing snippets.
2023-04-16 16:33:16.298 [info] Tasks: No changes found during synchronizing tasks.
2023-04-16 16:33:16.412 [info] GlobalState: No changes found during synchronizing ui state.
2023-04-16 16:33:17.545 [info] Extensions: No changes found during synchronizing extensions.
2023-04-16 16:33:17.594 [info] Profiles: No changes found during synchronizing profiles.
2023-04-16 16:33:17.610 [info] Sync done. Took 2062ms
