2023-04-16 16:21:20.775 [info] Extension host with pid 4129 started
2023-04-16 16:21:20.775 [info] Skipping acquiring lock for /home/danielazoccari/.config/Code/User/workspaceStorage/ef38076e675e4f3814692a400186508b.
2023-04-16 16:21:21.357 [info] ExtensionService#_doActivateExtension vscode.emmet, startup: false, activationEvent: 'onLanguage'
2023-04-16 16:21:21.396 [info] ExtensionService#_doActivateExtension vscode.html-language-features, startup: false, activationEvent: 'onLanguage:html'
2023-04-16 16:21:22.270 [info] ExtensionService#_doActivateExtension vscode.git-base, startup: true, activationEvent: '*', root cause: vscode.git
2023-04-16 16:21:22.570 [info] ExtensionService#_doActivateExtension vscode.git, startup: true, activationEvent: '*'
2023-04-16 16:21:22.731 [info] ExtensionService#_doActivateExtension vscode.github, startup: true, activationEvent: '*'
2023-04-16 16:21:23.627 [info] Eager extensions activated
2023-04-16 16:21:23.803 [warning] [Decorations] CAPPING events from decorations provider vscode.git 789
2023-04-16 16:21:24.313 [info] ExtensionService#_doActivateExtension vscode.debug-auto-launch, startup: false, activationEvent: 'onStartupFinished'
2023-04-16 16:21:24.320 [info] ExtensionService#_doActivateExtension vscode.merge-conflict, startup: false, activationEvent: 'onStartupFinished'
2023-04-16 16:21:24.377 [info] ExtensionService#_doActivateExtension ritwickdey.LiveServer, startup: false, activationEvent: 'onStartupFinished'
2023-04-16 16:21:27.240 [info] ExtensionService#_doActivateExtension vscode.github-authentication, startup: false, activationEvent: 'onAuthenticationRequest:github'
2023-04-16 16:21:27.930 [info] ExtensionService#_doActivateExtension vscode.microsoft-authentication, startup: false, activationEvent: 'onAuthenticationRequest:microsoft'
2023-04-16 16:21:30.129 [warning] [Decorations] CAPPING events from decorations provider vscode.git 794
2023-04-16 16:21:35.356 [warning] [Decorations] CAPPING events from decorations provider vscode.git 883
2023-04-16 16:21:40.565 [warning] [Decorations] CAPPING events from decorations provider vscode.git 883
2023-04-16 16:21:45.858 [warning] [Decorations] CAPPING events from decorations provider vscode.git 883
2023-04-16 16:21:51.092 [warning] [Decorations] CAPPING events from decorations provider vscode.git 883
2023-04-16 16:21:56.280 [warning] [Decorations] CAPPING events from decorations provider vscode.git 883
2023-04-16 16:22:01.434 [warning] [Decorations] CAPPING events from decorations provider vscode.git 883
2023-04-16 16:22:06.678 [warning] [Decorations] CAPPING events from decorations provider vscode.git 883
2023-04-16 16:22:11.891 [warning] [Decorations] CAPPING events from decorations provider vscode.git 883
2023-04-16 16:22:17.104 [warning] [Decorations] CAPPING events from decorations provider vscode.git 883
2023-04-16 16:22:22.258 [warning] [Decorations] CAPPING events from decorations provider vscode.git 883
2023-04-16 16:22:27.408 [warning] [Decorations] CAPPING events from decorations provider vscode.git 883
2023-04-16 16:22:32.610 [warning] [Decorations] CAPPING events from decorations provider vscode.git 883
2023-04-16 16:22:37.847 [warning] [Decorations] CAPPING events from decorations provider vscode.git 883
2023-04-16 16:22:43.109 [warning] [Decorations] CAPPING events from decorations provider vscode.git 884
2023-04-16 16:22:48.356 [warning] [Decorations] CAPPING events from decorations provider vscode.git 884
2023-04-16 16:22:53.591 [warning] [Decorations] CAPPING events from decorations provider vscode.git 884
2023-04-16 16:22:58.954 [warning] [Decorations] CAPPING events from decorations provider vscode.git 884
2023-04-16 16:23:04.196 [warning] [Decorations] CAPPING events from decorations provider vscode.git 884
2023-04-16 16:23:07.191 [info] ExtensionService#_doActivateExtension vscode.npm, startup: false, activationEvent: 'onLanguage:properties'
2023-04-16 16:23:09.433 [warning] [Decorations] CAPPING events from decorations provider vscode.git 884
2023-04-16 16:23:14.707 [warning] [Decorations] CAPPING events from decorations provider vscode.git 885
2023-04-16 16:23:15.145 [info] ExtensionService#_doActivateExtension vscode.extension-editing, startup: false, activationEvent: 'onLanguage:markdown'
2023-04-16 16:23:15.176 [info] ExtensionService#_doActivateExtension vscode.markdown-language-features, startup: false, activationEvent: 'onLanguage:markdown'
2023-04-16 16:23:16.959 [info] ExtensionService#_doActivateExtension vscode.markdown-math, startup: false, activationEvent: 'api', root cause: vscode.markdown-language-features
2023-04-16 16:23:20.052 [warning] [Decorations] CAPPING events from decorations provider vscode.git 885
2023-04-16 16:23:25.327 [warning] [Decorations] CAPPING events from decorations provider vscode.git 885
2023-04-16 16:23:35.579 [info] ExtensionService#_doActivateExtension vscode.configuration-editing, startup: false, activationEvent: 'onLanguage:jsonc'
2023-04-16 16:23:35.654 [info] ExtensionService#_doActivateExtension vscode.json-language-features, startup: false, activationEvent: 'onLanguage:jsonc'
2023-04-16 16:23:35.906 [info] ExtensionService#_doActivateExtension vscode.typescript-language-features, startup: false, activationEvent: 'onLanguage:jsonc'
2023-04-16 16:23:36.170 [warning] [Decorations] CAPPING events from decorations provider vscode.git 886
2023-04-16 16:23:41.510 [warning] [Decorations] CAPPING events from decorations provider vscode.git 888
2023-04-16 16:23:46.764 [warning] [Decorations] CAPPING events from decorations provider vscode.git 889
2023-04-16 16:23:51.988 [warning] [Decorations] CAPPING events from decorations provider vscode.git 891
2023-04-16 16:29:38.231 [warning] [Decorations] CAPPING events from decorations provider vscode.git 892
2023-04-16 16:29:44.165 [warning] [Decorations] CAPPING events from decorations provider vscode.git 892
2023-04-16 16:29:49.478 [warning] [Decorations] CAPPING events from decorations provider vscode.git 892
2023-04-16 16:29:55.401 [warning] [Decorations] CAPPING events from decorations provider vscode.git 892
2023-04-16 16:30:01.222 [warning] [Decorations] CAPPING events from decorations provider vscode.git 892
2023-04-16 16:30:06.869 [warning] [Decorations] CAPPING events from decorations provider vscode.git 892
2023-04-16 16:30:12.635 [warning] [Decorations] CAPPING events from decorations provider vscode.git 892
2023-04-16 16:30:18.040 [warning] [Decorations] CAPPING events from decorations provider vscode.git 892
2023-04-16 16:30:23.521 [warning] [Decorations] CAPPING events from decorations provider vscode.git 892
2023-04-16 16:30:29.091 [warning] [Decorations] CAPPING events from decorations provider vscode.git 892
2023-04-16 16:30:34.548 [warning] [Decorations] CAPPING events from decorations provider vscode.git 892
2023-04-16 16:30:40.236 [warning] [Decorations] CAPPING events from decorations provider vscode.git 892
2023-04-16 16:30:46.243 [warning] [Decorations] CAPPING events from decorations provider vscode.git 892
2023-04-16 16:30:52.327 [warning] [Decorations] CAPPING events from decorations provider vscode.git 892
2023-04-16 16:30:58.062 [warning] [Decorations] CAPPING events from decorations provider vscode.git 892
2023-04-16 16:31:04.017 [warning] [Decorations] CAPPING events from decorations provider vscode.git 892
2023-04-16 16:31:10.206 [warning] [Decorations] CAPPING events from decorations provider vscode.git 892
2023-04-16 16:31:15.869 [warning] [Decorations] CAPPING events from decorations provider vscode.git 892
2023-04-16 16:31:21.482 [warning] [Decorations] CAPPING events from decorations provider vscode.git 892
2023-04-16 16:31:27.262 [warning] [Decorations] CAPPING events from decorations provider vscode.git 892
2023-04-16 16:31:33.094 [warning] [Decorations] CAPPING events from decorations provider vscode.git 892
2023-04-16 16:31:38.916 [warning] [Decorations] CAPPING events from decorations provider vscode.git 892
2023-04-16 16:31:58.249 [warning] [Decorations] CAPPING events from decorations provider vscode.git 892
2023-04-16 16:32:04.009 [warning] [Decorations] CAPPING events from decorations provider vscode.git 901
2023-04-16 16:33:33.054 [info] Extension host terminating: renderer closed the MessagePort
2023-04-16 16:33:33.523 [error] Canceled: Canceled
	at new l (/usr/share/code/resources/app/out/vs/workbench/api/node/extensionHostProcess.js:98:105190)
	at c.O (/usr/share/code/resources/app/out/vs/workbench/api/node/extensionHostProcess.js:108:11692)
	at G.<computed>.Q.charCodeAt.G.<computed> (/usr/share/code/resources/app/out/vs/workbench/api/node/extensionHostProcess.js:108:8967)
	at m.g (/usr/share/code/resources/app/out/vs/workbench/api/node/extensionHostProcess.js:98:125211)
	at m.executeCommand (/usr/share/code/resources/app/out/vs/workbench/api/node/extensionHostProcess.js:98:124587)
	at L.registerCommand.description (/usr/share/code/resources/app/out/vs/workbench/api/node/extensionHostProcess.js:98:123880)
	at m.h (/usr/share/code/resources/app/out/vs/workbench/api/node/extensionHostProcess.js:98:125797)
	at m.g (/usr/share/code/resources/app/out/vs/workbench/api/node/extensionHostProcess.js:98:124687)
	at m.executeCommand (/usr/share/code/resources/app/out/vs/workbench/api/node/extensionHostProcess.js:98:124587)
	at Object.executeCommand (/usr/share/code/resources/app/out/vs/workbench/api/node/extensionHostProcess.js:114:23801)
	at D (/usr/share/code/resources/app/extensions/git/dist/main.js:2:1467156)
	at E.invoke (/usr/share/code/resources/app/out/vs/workbench/api/node/extensionHostProcess.js:63:145)
	at h.deliver (/usr/share/code/resources/app/out/vs/workbench/api/node/extensionHostProcess.js:63:2121)
	at n.fire (/usr/share/code/resources/app/out/vs/workbench/api/node/extensionHostProcess.js:63:1729)
	at Object.m [as dispose] (/usr/share/code/resources/app/extensions/git/dist/main.js:2:1481885)
	at /usr/share/code/resources/app/extensions/git/dist/main.js:2:1485952
	at Array.forEach (<anonymous>)
	at g.dispose (/usr/share/code/resources/app/extensions/git/dist/main.js:2:1485938)
	at t.<anonymous> (/usr/share/code/resources/app/out/vs/workbench/api/node/extensionHostProcess.js:96:12398)
	at t.dispose (/usr/share/code/resources/app/out/vs/workbench/api/node/extensionHostProcess.js:96:12533)
	at t.<anonymous> (/usr/share/code/resources/app/extensions/git/dist/main.js:2:1469286)
	at t.dispose (/usr/share/code/resources/app/out/vs/workbench/api/node/extensionHostProcess.js:96:12533)
	at C (/usr/share/code/resources/app/out/vs/workbench/api/node/extensionHostProcess.js:10:12084)
	at E.Y (/usr/share/code/resources/app/out/vs/workbench/api/node/extensionHostProcess.js:110:11147)
	at /usr/share/code/resources/app/out/vs/workbench/api/node/extensionHostProcess.js:110:9131
	at Array.map (<anonymous>)
	at E.R (/usr/share/code/resources/app/out/vs/workbench/api/node/extensionHostProcess.js:110:9118)
	at E.terminate (/usr/share/code/resources/app/out/vs/workbench/api/node/extensionHostProcess.js:110:9389)
	at d.terminate (/usr/share/code/resources/app/out/vs/workbench/api/node/extensionHostProcess.js:114:1544)
	at p (/usr/share/code/resources/app/out/vs/workbench/api/node/extensionHostProcess.js:124:18690)
	at MessagePortMain.<anonymous> (/usr/share/code/resources/app/out/vs/workbench/api/node/extensionHostProcess.js:124:14829)
	at MessagePortMain.emit (node:events:526:28)
	at MessagePortMain._internalPort.emit (node:electron/js2c/utility_init:5:364) setContext undefined
2023-04-16 16:33:33.808 [info] Extension host with pid 4129 exiting with code 0
