2023-04-16 17:08:25.426 [info] Log level: Info
2023-04-16 17:08:25.426 [info] Validating found git in: "git"
2023-04-16 17:08:25.426 [info] Using git "2.30.2" from "git"
2023-04-16 17:08:25.426 [info] > git rev-parse --show-toplevel [73ms]
2023-04-16 17:08:25.426 [info] > git rev-parse --git-dir --git-common-dir [80ms]
2023-04-16 17:08:25.426 [info] Open repository: /home/danielazoccari
2023-04-16 17:08:25.426 [info] > git config --get commit.template [23ms]
2023-04-16 17:08:25.426 [info] > git rev-parse --show-toplevel [171ms]
2023-04-16 17:08:25.426 [info] > git rev-parse --show-toplevel [33ms]
2023-04-16 17:08:25.426 [info] > git rev-parse --show-toplevel [17ms]
2023-04-16 17:08:25.426 [info] > git rev-parse --show-toplevel [11ms]
2023-04-16 17:08:25.426 [info] > git for-each-ref --format=%(refname)%00%(upstream:short)%00%(objectname)%00%(upstream:track)%00%(upstream:remotename)%00%(upstream:remoteref) refs/heads/main refs/remotes/main [115ms]
2023-04-16 17:08:25.426 [info] > git rev-parse --show-toplevel [42ms]
2023-04-16 17:08:25.426 [info] > git rev-parse --show-toplevel [30ms]
2023-04-16 17:08:25.426 [info] > git rev-parse --show-toplevel [26ms]
2023-04-16 17:08:25.426 [info] > git rev-parse --show-toplevel [39ms]
2023-04-16 17:08:25.426 [info] > git rev-parse --show-toplevel [15ms]
2023-04-16 17:08:25.426 [info] > git status -z -uall [1655ms]
2023-04-16 17:08:25.426 [info] > git config --get commit.template [572ms]
2023-04-16 17:08:25.426 [info] > git check-ignore -v -z --stdin [343ms]
2023-04-16 17:08:25.426 [info] > git for-each-ref --format=%(refname)%00%(upstream:short)%00%(objectname)%00%(upstream:track)%00%(upstream:remotename)%00%(upstream:remoteref) refs/heads/main refs/remotes/main [94ms]
2023-04-16 17:08:25.426 [info] > git status -z -uall [534ms]
2023-04-16 17:08:25.426 [info] > git log --format=%H%n%aN%n%aE%n%at%n%ct%n%P%n%D%n%B -z -n206 -- /home/danielazoccari/Pre-Corso.Ch2/registrazione.html [241ms]
2023-04-16 17:08:28.333 [info] > git show --textconv :Pre-Corso.Ch2/registrazione.html [42ms]
2023-04-16 17:08:28.347 [info] > git ls-files --stage -- /home/danielazoccari/Pre-Corso.Ch2/registrazione.html [15ms]
2023-04-16 17:09:03.095 [info] > git config --get commit.template [15ms]
2023-04-16 17:09:03.344 [info] > git for-each-ref --format=%(refname)%00%(upstream:short)%00%(objectname)%00%(upstream:track)%00%(upstream:remotename)%00%(upstream:remoteref) refs/heads/main refs/remotes/main [209ms]
2023-04-16 17:09:03.912 [info] > git status -z -uall [531ms]
2023-04-16 17:09:09.206 [info] > git config --get commit.template [7ms]
2023-04-16 17:09:09.270 [info] > git for-each-ref --format=%(refname)%00%(upstream:short)%00%(objectname)%00%(upstream:track)%00%(upstream:remotename)%00%(upstream:remoteref) refs/heads/main refs/remotes/main [9ms]
2023-04-16 17:09:10.079 [info] > git status -z -uall [755ms]
2023-04-16 17:09:15.362 [info] > git config --get commit.template [33ms]
2023-04-16 17:09:15.386 [info] > git for-each-ref --format=%(refname)%00%(upstream:short)%00%(objectname)%00%(upstream:track)%00%(upstream:remotename)%00%(upstream:remoteref) refs/heads/main refs/remotes/main [25ms]
2023-04-16 17:09:15.752 [info] > git status -z -uall [345ms]
2023-04-16 17:09:20.913 [info] > git config --get commit.template [26ms]
2023-04-16 17:09:20.938 [info] > git for-each-ref --format=%(refname)%00%(upstream:short)%00%(objectname)%00%(upstream:track)%00%(upstream:remotename)%00%(upstream:remoteref) refs/heads/main refs/remotes/main [30ms]
2023-04-16 17:09:21.154 [info] > git status -z -uall [188ms]
2023-04-16 17:09:26.400 [info] > git config --get commit.template [29ms]
2023-04-16 17:09:26.401 [info] > git for-each-ref --format=%(refname)%00%(upstream:short)%00%(objectname)%00%(upstream:track)%00%(upstream:remotename)%00%(upstream:remoteref) refs/heads/main refs/remotes/main [12ms]
2023-04-16 17:09:26.618 [info] > git status -z -uall [192ms]
2023-04-16 17:09:31.843 [info] > git config --get commit.template [31ms]
2023-04-16 17:09:31.861 [info] > git for-each-ref --format=%(refname)%00%(upstream:short)%00%(objectname)%00%(upstream:track)%00%(upstream:remotename)%00%(upstream:remoteref) refs/heads/main refs/remotes/main [19ms]
2023-04-16 17:09:32.182 [info] > git status -z -uall [277ms]
2023-04-16 17:09:37.466 [info] > git config --get commit.template [17ms]
2023-04-16 17:09:37.555 [info] > git for-each-ref --format=%(refname)%00%(upstream:short)%00%(objectname)%00%(upstream:track)%00%(upstream:remotename)%00%(upstream:remoteref) refs/heads/main refs/remotes/main [36ms]
2023-04-16 17:09:38.176 [info] > git status -z -uall [578ms]
2023-04-16 17:09:43.500 [info] > git config --get commit.template [5ms]
2023-04-16 17:09:43.559 [info] > git for-each-ref --format=%(refname)%00%(upstream:short)%00%(objectname)%00%(upstream:track)%00%(upstream:remotename)%00%(upstream:remoteref) refs/heads/main refs/remotes/main [17ms]
2023-04-16 17:09:43.863 [info] > git status -z -uall [277ms]
2023-04-16 17:09:49.017 [info] > git config --get commit.template [23ms]
2023-04-16 17:09:49.028 [info] > git for-each-ref --format=%(refname)%00%(upstream:short)%00%(objectname)%00%(upstream:track)%00%(upstream:remotename)%00%(upstream:remoteref) refs/heads/main refs/remotes/main [16ms]
2023-04-16 17:09:49.197 [info] > git status -z -uall [153ms]
2023-04-16 17:09:54.402 [info] > git config --get commit.template [15ms]
2023-04-16 17:09:54.443 [info] > git for-each-ref --format=%(refname)%00%(upstream:short)%00%(objectname)%00%(upstream:track)%00%(upstream:remotename)%00%(upstream:remoteref) refs/heads/main refs/remotes/main [14ms]
2023-04-16 17:09:54.732 [info] > git status -z -uall [259ms]
2023-04-16 17:09:59.901 [info] > git config --get commit.template [35ms]
2023-04-16 17:09:59.908 [info] > git for-each-ref --format=%(refname)%00%(upstream:short)%00%(objectname)%00%(upstream:track)%00%(upstream:remotename)%00%(upstream:remoteref) refs/heads/main refs/remotes/main [17ms]
2023-04-16 17:10:00.268 [info] > git status -z -uall [315ms]
2023-04-16 17:10:05.382 [info] > git config --get commit.template [14ms]
2023-04-16 17:10:05.385 [info] > git for-each-ref --format=%(refname)%00%(upstream:short)%00%(objectname)%00%(upstream:track)%00%(upstream:remotename)%00%(upstream:remoteref) refs/heads/main refs/remotes/main [4ms]
2023-04-16 17:10:05.584 [info] > git status -z -uall [168ms]
2023-04-16 17:10:10.704 [info] > git config --get commit.template [5ms]
2023-04-16 17:10:10.756 [info] > git for-each-ref --format=%(refname)%00%(upstream:short)%00%(objectname)%00%(upstream:track)%00%(upstream:remotename)%00%(upstream:remoteref) refs/heads/main refs/remotes/main [16ms]
2023-04-16 17:10:11.036 [info] > git status -z -uall [257ms]
2023-04-16 17:10:16.153 [info] > git config --get commit.template [2ms]
2023-04-16 17:10:16.179 [info] > git for-each-ref --format=%(refname)%00%(upstream:short)%00%(objectname)%00%(upstream:track)%00%(upstream:remotename)%00%(upstream:remoteref) refs/heads/main refs/remotes/main [12ms]
2023-04-16 17:10:16.341 [info] > git status -z -uall [141ms]
2023-04-16 17:10:21.409 [info] > git config --get commit.template [2ms]
2023-04-16 17:10:21.438 [info] > git for-each-ref --format=%(refname)%00%(upstream:short)%00%(objectname)%00%(upstream:track)%00%(upstream:remotename)%00%(upstream:remoteref) refs/heads/main refs/remotes/main [14ms]
2023-04-16 17:10:21.615 [info] > git status -z -uall [155ms]
2023-04-16 17:10:26.753 [info] > git config --get commit.template [38ms]
2023-04-16 17:10:26.765 [info] > git for-each-ref --format=%(refname)%00%(upstream:short)%00%(objectname)%00%(upstream:track)%00%(upstream:remotename)%00%(upstream:remoteref) refs/heads/main refs/remotes/main [22ms]
2023-04-16 17:10:27.053 [info] > git status -z -uall [277ms]
2023-04-16 17:10:32.237 [info] > git config --get commit.template [30ms]
2023-04-16 17:10:32.243 [info] > git for-each-ref --format=%(refname)%00%(upstream:short)%00%(objectname)%00%(upstream:track)%00%(upstream:remotename)%00%(upstream:remoteref) refs/heads/main refs/remotes/main [21ms]
2023-04-16 17:10:32.399 [info] > git status -z -uall [128ms]
2023-04-16 17:10:37.483 [info] > git config --get commit.template [7ms]
2023-04-16 17:10:37.509 [info] > git for-each-ref --format=%(refname)%00%(upstream:short)%00%(objectname)%00%(upstream:track)%00%(upstream:remotename)%00%(upstream:remoteref) refs/heads/main refs/remotes/main [8ms]
2023-04-16 17:10:37.675 [info] > git status -z -uall [151ms]
2023-04-16 17:10:42.761 [info] > git config --get commit.template [3ms]
2023-04-16 17:10:42.777 [info] > git for-each-ref --format=%(refname)%00%(upstream:short)%00%(objectname)%00%(upstream:track)%00%(upstream:remotename)%00%(upstream:remoteref) refs/heads/main refs/remotes/main [5ms]
2023-04-16 17:10:42.936 [info] > git status -z -uall [149ms]
2023-04-16 17:10:48.060 [info] > git config --get commit.template [2ms]
2023-04-16 17:10:48.075 [info] > git for-each-ref --format=%(refname)%00%(upstream:short)%00%(objectname)%00%(upstream:track)%00%(upstream:remotename)%00%(upstream:remoteref) refs/heads/main refs/remotes/main [3ms]
2023-04-16 17:10:48.226 [info] > git status -z -uall [129ms]
2023-04-16 17:10:53.389 [info] > git for-each-ref --format=%(refname)%00%(upstream:short)%00%(objectname)%00%(upstream:track)%00%(upstream:remotename)%00%(upstream:remoteref) refs/heads/main refs/remotes/main [5ms]
2023-04-16 17:10:53.393 [info] > git config --get commit.template [59ms]
2023-04-16 17:10:53.623 [info] > git status -z -uall [211ms]
2023-04-16 17:10:58.771 [info] > git config --get commit.template [27ms]
2023-04-16 17:10:58.790 [info] > git for-each-ref --format=%(refname)%00%(upstream:short)%00%(objectname)%00%(upstream:track)%00%(upstream:remotename)%00%(upstream:remoteref) refs/heads/main refs/remotes/main [22ms]
2023-04-16 17:10:59.032 [info] > git status -z -uall [218ms]
2023-04-16 17:11:04.231 [info] > git config --get commit.template [30ms]
2023-04-16 17:11:04.233 [info] > git for-each-ref --format=%(refname)%00%(upstream:short)%00%(objectname)%00%(upstream:track)%00%(upstream:remotename)%00%(upstream:remoteref) refs/heads/main refs/remotes/main [12ms]
2023-04-16 17:11:04.558 [info] > git status -z -uall [302ms]
2023-04-16 17:11:09.724 [info] > git config --get commit.template [9ms]
2023-04-16 17:11:09.756 [info] > git for-each-ref --format=%(refname)%00%(upstream:short)%00%(objectname)%00%(upstream:track)%00%(upstream:remotename)%00%(upstream:remoteref) refs/heads/main refs/remotes/main [9ms]
2023-04-16 17:11:10.004 [info] > git status -z -uall [229ms]
2023-04-16 17:11:15.132 [info] > git config --get commit.template [3ms]
2023-04-16 17:11:15.183 [info] > git for-each-ref --format=%(refname)%00%(upstream:short)%00%(objectname)%00%(upstream:track)%00%(upstream:remotename)%00%(upstream:remoteref) refs/heads/main refs/remotes/main [20ms]
2023-04-16 17:11:15.375 [info] > git status -z -uall [180ms]
2023-04-16 17:11:20.638 [info] > git config --get commit.template [28ms]
2023-04-16 17:11:20.652 [info] > git for-each-ref --format=%(refname)%00%(upstream:short)%00%(objectname)%00%(upstream:track)%00%(upstream:remotename)%00%(upstream:remoteref) refs/heads/main refs/remotes/main [14ms]
2023-04-16 17:11:20.861 [info] > git status -z -uall [197ms]
2023-04-16 17:11:26.075 [info] > git config --get commit.template [37ms]
2023-04-16 17:11:26.086 [info] > git for-each-ref --format=%(refname)%00%(upstream:short)%00%(objectname)%00%(upstream:track)%00%(upstream:remotename)%00%(upstream:remoteref) refs/heads/main refs/remotes/main [13ms]
2023-04-16 17:11:26.417 [info] > git status -z -uall [317ms]
2023-04-16 17:11:31.869 [info] > git config --get commit.template [70ms]
2023-04-16 17:11:31.917 [info] > git for-each-ref --format=%(refname)%00%(upstream:short)%00%(objectname)%00%(upstream:track)%00%(upstream:remotename)%00%(upstream:remoteref) refs/heads/main refs/remotes/main [52ms]
2023-04-16 17:11:32.159 [info] > git status -z -uall [223ms]
2023-04-16 17:11:37.329 [info] > git config --get commit.template [7ms]
2023-04-16 17:11:37.349 [info] > git for-each-ref --format=%(refname)%00%(upstream:short)%00%(objectname)%00%(upstream:track)%00%(upstream:remotename)%00%(upstream:remoteref) refs/heads/main refs/remotes/main [5ms]
2023-04-16 17:11:37.641 [info] > git status -z -uall [275ms]
2023-04-16 17:11:42.749 [info] > git config --get commit.template [3ms]
2023-04-16 17:11:42.767 [info] > git for-each-ref --format=%(refname)%00%(upstream:short)%00%(objectname)%00%(upstream:track)%00%(upstream:remotename)%00%(upstream:remoteref) refs/heads/main refs/remotes/main [4ms]
2023-04-16 17:11:42.913 [info] > git status -z -uall [137ms]
2023-04-16 17:11:48.034 [info] > git config --get commit.template [6ms]
2023-04-16 17:11:48.057 [info] > git for-each-ref --format=%(refname)%00%(upstream:short)%00%(objectname)%00%(upstream:track)%00%(upstream:remotename)%00%(upstream:remoteref) refs/heads/main refs/remotes/main [6ms]
2023-04-16 17:11:48.275 [info] > git status -z -uall [197ms]
2023-04-16 17:11:53.397 [info] > git config --get commit.template [41ms]
2023-04-16 17:11:53.421 [info] > git for-each-ref --format=%(refname)%00%(upstream:short)%00%(objectname)%00%(upstream:track)%00%(upstream:remotename)%00%(upstream:remoteref) refs/heads/main refs/remotes/main [22ms]
2023-04-16 17:11:53.636 [info] > git status -z -uall [188ms]
2023-04-16 17:11:58.758 [info] > git config --get commit.template [7ms]
2023-04-16 17:11:58.792 [info] > git for-each-ref --format=%(refname)%00%(upstream:short)%00%(objectname)%00%(upstream:track)%00%(upstream:remotename)%00%(upstream:remoteref) refs/heads/main refs/remotes/main [17ms]
2023-04-16 17:11:58.960 [info] > git status -z -uall [155ms]
2023-04-16 17:12:04.033 [info] > git config --get commit.template [2ms]
2023-04-16 17:12:04.058 [info] > git for-each-ref --format=%(refname)%00%(upstream:short)%00%(objectname)%00%(upstream:track)%00%(upstream:remotename)%00%(upstream:remoteref) refs/heads/main refs/remotes/main [6ms]
2023-04-16 17:12:04.284 [info] > git status -z -uall [191ms]
2023-04-16 17:12:09.490 [info] > git config --get commit.template [44ms]
2023-04-16 17:12:09.501 [info] > git for-each-ref --format=%(refname)%00%(upstream:short)%00%(objectname)%00%(upstream:track)%00%(upstream:remotename)%00%(upstream:remoteref) refs/heads/main refs/remotes/main [15ms]
2023-04-16 17:12:09.671 [info] > git status -z -uall [155ms]
2023-04-16 17:12:14.820 [info] > git config --get commit.template [6ms]
2023-04-16 17:12:14.842 [info] > git for-each-ref --format=%(refname)%00%(upstream:short)%00%(objectname)%00%(upstream:track)%00%(upstream:remotename)%00%(upstream:remoteref) refs/heads/main refs/remotes/main [4ms]
2023-04-16 17:12:15.095 [info] > git status -z -uall [226ms]
2023-04-16 17:12:20.212 [info] > git config --get commit.template [3ms]
2023-04-16 17:12:20.230 [info] > git for-each-ref --format=%(refname)%00%(upstream:short)%00%(objectname)%00%(upstream:track)%00%(upstream:remotename)%00%(upstream:remoteref) refs/heads/main refs/remotes/main [5ms]
2023-04-16 17:12:20.394 [info] > git status -z -uall [146ms]
2023-04-16 17:12:25.524 [info] > git config --get commit.template [3ms]
2023-04-16 17:12:25.565 [info] > git for-each-ref --format=%(refname)%00%(upstream:short)%00%(objectname)%00%(upstream:track)%00%(upstream:remotename)%00%(upstream:remoteref) refs/heads/main refs/remotes/main [17ms]
2023-04-16 17:12:25.772 [info] > git status -z -uall [177ms]
2023-04-16 17:12:30.884 [info] > git config --get commit.template [1ms]
2023-04-16 17:12:30.921 [info] > git for-each-ref --format=%(refname)%00%(upstream:short)%00%(objectname)%00%(upstream:track)%00%(upstream:remotename)%00%(upstream:remoteref) refs/heads/main refs/remotes/main [11ms]
2023-04-16 17:12:31.233 [info] > git status -z -uall [296ms]
2023-04-16 17:12:36.340 [info] > git config --get commit.template [2ms]
2023-04-16 17:12:36.356 [info] > git for-each-ref --format=%(refname)%00%(upstream:short)%00%(objectname)%00%(upstream:track)%00%(upstream:remotename)%00%(upstream:remoteref) refs/heads/main refs/remotes/main [4ms]
2023-04-16 17:12:36.579 [info] > git status -z -uall [211ms]
2023-04-16 17:12:41.798 [info] > git for-each-ref --format=%(refname)%00%(upstream:short)%00%(objectname)%00%(upstream:track)%00%(upstream:remotename)%00%(upstream:remoteref) refs/heads/main refs/remotes/main [2ms]
2023-04-16 17:12:41.801 [info] > git config --get commit.template [48ms]
2023-04-16 17:12:41.966 [info] > git status -z -uall [153ms]
2023-04-16 17:12:47.083 [info] > git config --get commit.template [7ms]
2023-04-16 17:12:47.102 [info] > git for-each-ref --format=%(refname)%00%(upstream:short)%00%(objectname)%00%(upstream:track)%00%(upstream:remotename)%00%(upstream:remoteref) refs/heads/main refs/remotes/main [6ms]
2023-04-16 17:12:47.260 [info] > git status -z -uall [148ms]
2023-04-16 17:12:52.337 [info] > git config --get commit.template [24ms]
2023-04-16 17:12:52.349 [info] > git for-each-ref --format=%(refname)%00%(upstream:short)%00%(objectname)%00%(upstream:track)%00%(upstream:remotename)%00%(upstream:remoteref) refs/heads/main refs/remotes/main [13ms]
2023-04-16 17:12:52.571 [info] > git status -z -uall [199ms]
2023-04-16 17:12:57.692 [info] > git config --get commit.template [9ms]
2023-04-16 17:12:57.719 [info] > git for-each-ref --format=%(refname)%00%(upstream:short)%00%(objectname)%00%(upstream:track)%00%(upstream:remotename)%00%(upstream:remoteref) refs/heads/main refs/remotes/main [8ms]
2023-04-16 17:12:57.959 [info] > git status -z -uall [205ms]
2023-04-16 17:13:03.086 [info] > git config --get commit.template [3ms]
2023-04-16 17:13:03.137 [info] > git for-each-ref --format=%(refname)%00%(upstream:short)%00%(objectname)%00%(upstream:track)%00%(upstream:remotename)%00%(upstream:remoteref) refs/heads/main refs/remotes/main [18ms]
2023-04-16 17:13:03.279 [info] > git status -z -uall [130ms]
2023-04-16 17:13:08.471 [info] > git config --get commit.template [50ms]
2023-04-16 17:13:08.488 [info] > git for-each-ref --format=%(refname)%00%(upstream:short)%00%(objectname)%00%(upstream:track)%00%(upstream:remotename)%00%(upstream:remoteref) refs/heads/main refs/remotes/main [22ms]
2023-04-16 17:13:08.830 [info] > git status -z -uall [317ms]
2023-04-16 17:13:14.007 [info] > git config --get commit.template [14ms]
2023-04-16 17:13:14.048 [info] > git for-each-ref --format=%(refname)%00%(upstream:short)%00%(objectname)%00%(upstream:track)%00%(upstream:remotename)%00%(upstream:remoteref) refs/heads/main refs/remotes/main [10ms]
2023-04-16 17:13:14.326 [info] > git status -z -uall [249ms]
2023-04-16 17:13:19.455 [info] > git config --get commit.template [8ms]
2023-04-16 17:13:19.527 [info] > git for-each-ref --format=%(refname)%00%(upstream:short)%00%(objectname)%00%(upstream:track)%00%(upstream:remotename)%00%(upstream:remoteref) refs/heads/main refs/remotes/main [17ms]
2023-04-16 17:13:19.787 [info] > git status -z -uall [177ms]
2023-04-16 17:13:24.902 [info] > git config --get commit.template [35ms]
2023-04-16 17:13:24.915 [info] > git for-each-ref --format=%(refname)%00%(upstream:short)%00%(objectname)%00%(upstream:track)%00%(upstream:remotename)%00%(upstream:remoteref) refs/heads/main refs/remotes/main [16ms]
2023-04-16 17:13:25.231 [info] > git status -z -uall [278ms]
2023-04-16 17:13:30.366 [info] > git config --get commit.template [33ms]
2023-04-16 17:13:30.375 [info] > git for-each-ref --format=%(refname)%00%(upstream:short)%00%(objectname)%00%(upstream:track)%00%(upstream:remotename)%00%(upstream:remoteref) refs/heads/main refs/remotes/main [12ms]
2023-04-16 17:13:30.721 [info] > git status -z -uall [320ms]
2023-04-16 17:13:35.799 [info] > git config --get commit.template [8ms]
2023-04-16 17:13:35.828 [info] > git for-each-ref --format=%(refname)%00%(upstream:short)%00%(objectname)%00%(upstream:track)%00%(upstream:remotename)%00%(upstream:remoteref) refs/heads/main refs/remotes/main [9ms]
2023-04-16 17:13:36.260 [info] > git status -z -uall [411ms]
2023-04-16 17:13:41.429 [info] > git config --get commit.template [38ms]
2023-04-16 17:13:41.444 [info] > git for-each-ref --format=%(refname)%00%(upstream:short)%00%(objectname)%00%(upstream:track)%00%(upstream:remotename)%00%(upstream:remoteref) refs/heads/main refs/remotes/main [19ms]
2023-04-16 17:13:41.691 [info] > git status -z -uall [181ms]
2023-04-16 17:13:46.797 [info] > git config --get commit.template [12ms]
2023-04-16 17:13:46.835 [info] > git for-each-ref --format=%(refname)%00%(upstream:short)%00%(objectname)%00%(upstream:track)%00%(upstream:remotename)%00%(upstream:remoteref) refs/heads/main refs/remotes/main [10ms]
2023-04-16 17:13:47.123 [info] > git status -z -uall [262ms]
2023-04-16 17:13:52.201 [info] > git config --get commit.template [6ms]
2023-04-16 17:13:52.234 [info] > git for-each-ref --format=%(refname)%00%(upstream:short)%00%(objectname)%00%(upstream:track)%00%(upstream:remotename)%00%(upstream:remoteref) refs/heads/main refs/remotes/main [13ms]
2023-04-16 17:13:52.559 [info] > git status -z -uall [300ms]
2023-04-16 17:13:57.669 [info] > git config --get commit.template [4ms]
2023-04-16 17:13:57.712 [info] > git for-each-ref --format=%(refname)%00%(upstream:short)%00%(objectname)%00%(upstream:track)%00%(upstream:remotename)%00%(upstream:remoteref) refs/heads/main refs/remotes/main [12ms]
2023-04-16 17:13:57.988 [info] > git status -z -uall [245ms]
2023-04-16 17:14:03.080 [info] > git config --get commit.template [5ms]
2023-04-16 17:14:03.108 [info] > git for-each-ref --format=%(refname)%00%(upstream:short)%00%(objectname)%00%(upstream:track)%00%(upstream:remotename)%00%(upstream:remoteref) refs/heads/main refs/remotes/main [8ms]
2023-04-16 17:14:03.491 [info] > git status -z -uall [365ms]
2023-04-16 17:14:08.606 [info] > git config --get commit.template [19ms]
2023-04-16 17:14:08.608 [info] > git for-each-ref --format=%(refname)%00%(upstream:short)%00%(objectname)%00%(upstream:track)%00%(upstream:remotename)%00%(upstream:remoteref) refs/heads/main refs/remotes/main [4ms]
2023-04-16 17:14:08.825 [info] > git status -z -uall [204ms]
2023-04-16 17:14:14.029 [info] > git config --get commit.template [35ms]
2023-04-16 17:14:14.045 [info] > git for-each-ref --format=%(refname)%00%(upstream:short)%00%(objectname)%00%(upstream:track)%00%(upstream:remotename)%00%(upstream:remoteref) refs/heads/main refs/remotes/main [32ms]
2023-04-16 17:14:14.331 [info] > git status -z -uall [246ms]
2023-04-16 17:14:19.448 [info] > git config --get commit.template [39ms]
2023-04-16 17:14:19.464 [info] > git for-each-ref --format=%(refname)%00%(upstream:short)%00%(objectname)%00%(upstream:track)%00%(upstream:remotename)%00%(upstream:remoteref) refs/heads/main refs/remotes/main [19ms]
2023-04-16 17:14:19.692 [info] > git status -z -uall [186ms]
2023-04-16 17:14:24.804 [info] > git config --get commit.template [33ms]
2023-04-16 17:14:24.814 [info] > git for-each-ref --format=%(refname)%00%(upstream:short)%00%(objectname)%00%(upstream:track)%00%(upstream:remotename)%00%(upstream:remoteref) refs/heads/main refs/remotes/main [11ms]
2023-04-16 17:14:25.175 [info] > git status -z -uall [337ms]
2023-04-16 17:14:30.280 [info] > git config --get commit.template [32ms]
2023-04-16 17:14:30.282 [info] > git for-each-ref --format=%(refname)%00%(upstream:short)%00%(objectname)%00%(upstream:track)%00%(upstream:remotename)%00%(upstream:remoteref) refs/heads/main refs/remotes/main [10ms]
2023-04-16 17:14:30.636 [info] > git status -z -uall [334ms]
2023-04-16 17:14:35.758 [info] > git config --get commit.template [42ms]
2023-04-16 17:14:35.768 [info] > git for-each-ref --format=%(refname)%00%(upstream:short)%00%(objectname)%00%(upstream:track)%00%(upstream:remotename)%00%(upstream:remoteref) refs/heads/main refs/remotes/main [14ms]
2023-04-16 17:14:36.146 [info] > git status -z -uall [358ms]
2023-04-16 17:14:41.243 [info] > git config --get commit.template [34ms]
2023-04-16 17:14:41.248 [info] > git for-each-ref --format=%(refname)%00%(upstream:short)%00%(objectname)%00%(upstream:track)%00%(upstream:remotename)%00%(upstream:remoteref) refs/heads/main refs/remotes/main [7ms]
2023-04-16 17:14:41.661 [info] > git status -z -uall [387ms]
2023-04-16 17:14:46.845 [info] > git for-each-ref --format=%(refname)%00%(upstream:short)%00%(objectname)%00%(upstream:track)%00%(upstream:remotename)%00%(upstream:remoteref) refs/heads/main refs/remotes/main [13ms]
2023-04-16 17:14:46.846 [info] > git config --get commit.template [51ms]
2023-04-16 17:14:47.105 [info] > git status -z -uall [212ms]
2023-04-16 17:14:52.205 [info] > git config --get commit.template [23ms]
2023-04-16 17:14:52.244 [info] > git for-each-ref --format=%(refname)%00%(upstream:short)%00%(objectname)%00%(upstream:track)%00%(upstream:remotename)%00%(upstream:remoteref) refs/heads/main refs/remotes/main [9ms]
2023-04-16 17:14:52.509 [info] > git status -z -uall [233ms]
2023-04-16 17:14:57.632 [info] > git config --get commit.template [32ms]
2023-04-16 17:14:57.648 [info] > git for-each-ref --format=%(refname)%00%(upstream:short)%00%(objectname)%00%(upstream:track)%00%(upstream:remotename)%00%(upstream:remoteref) refs/heads/main refs/remotes/main [23ms]
2023-04-16 17:14:57.972 [info] > git status -z -uall [304ms]
2023-04-16 17:15:03.237 [info] > git config --get commit.template [91ms]
2023-04-16 17:15:03.250 [info] > git for-each-ref --format=%(refname)%00%(upstream:short)%00%(objectname)%00%(upstream:track)%00%(upstream:remotename)%00%(upstream:remoteref) refs/heads/main refs/remotes/main [14ms]
2023-04-16 17:15:03.451 [info] > git status -z -uall [189ms]
2023-04-16 17:15:08.543 [info] > git config --get commit.template [35ms]
2023-04-16 17:15:08.559 [info] > git for-each-ref --format=%(refname)%00%(upstream:short)%00%(objectname)%00%(upstream:track)%00%(upstream:remotename)%00%(upstream:remoteref) refs/heads/main refs/remotes/main [18ms]
2023-04-16 17:15:08.777 [info] > git status -z -uall [203ms]
2023-04-16 17:15:13.887 [info] > git for-each-ref --format=%(refname)%00%(upstream:short)%00%(objectname)%00%(upstream:track)%00%(upstream:remotename)%00%(upstream:remoteref) refs/heads/main refs/remotes/main [14ms]
2023-04-16 17:15:13.888 [info] > git config --get commit.template [30ms]
2023-04-16 17:15:14.059 [info] > git status -z -uall [114ms]
2023-04-16 17:15:19.165 [info] > git config --get commit.template [2ms]
2023-04-16 17:15:19.178 [info] > git for-each-ref --format=%(refname)%00%(upstream:short)%00%(objectname)%00%(upstream:track)%00%(upstream:remotename)%00%(upstream:remoteref) refs/heads/main refs/remotes/main [3ms]
2023-04-16 17:15:19.333 [info] > git status -z -uall [144ms]
2023-04-16 17:15:24.465 [info] > git config --get commit.template [64ms]
2023-04-16 17:15:24.481 [info] > git for-each-ref --format=%(refname)%00%(upstream:short)%00%(objectname)%00%(upstream:track)%00%(upstream:remotename)%00%(upstream:remoteref) refs/heads/main refs/remotes/main [49ms]
2023-04-16 17:15:24.742 [info] > git status -z -uall [230ms]
2023-04-16 17:15:29.868 [info] > git config --get commit.template [26ms]
2023-04-16 17:15:29.871 [info] > git for-each-ref --format=%(refname)%00%(upstream:short)%00%(objectname)%00%(upstream:track)%00%(upstream:remotename)%00%(upstream:remoteref) refs/heads/main refs/remotes/main [13ms]
2023-04-16 17:15:30.204 [info] > git status -z -uall [307ms]
2023-04-16 17:15:35.321 [info] > git config --get commit.template [45ms]
2023-04-16 17:15:35.329 [info] > git for-each-ref --format=%(refname)%00%(upstream:short)%00%(objectname)%00%(upstream:track)%00%(upstream:remotename)%00%(upstream:remoteref) refs/heads/main refs/remotes/main [21ms]
2023-04-16 17:15:35.659 [info] > git status -z -uall [305ms]
2023-04-16 17:15:40.752 [info] > git config --get commit.template [14ms]
2023-04-16 17:15:40.800 [info] > git for-each-ref --format=%(refname)%00%(upstream:short)%00%(objectname)%00%(upstream:track)%00%(upstream:remotename)%00%(upstream:remoteref) refs/heads/main refs/remotes/main [16ms]
2023-04-16 17:15:41.074 [info] > git status -z -uall [229ms]
2023-04-16 17:15:46.289 [info] > git config --get commit.template [61ms]
2023-04-16 17:15:46.299 [info] > git for-each-ref --format=%(refname)%00%(upstream:short)%00%(objectname)%00%(upstream:track)%00%(upstream:remotename)%00%(upstream:remoteref) refs/heads/main refs/remotes/main [12ms]
2023-04-16 17:15:46.598 [info] > git status -z -uall [279ms]
2023-04-16 17:15:51.749 [info] > git config --get commit.template [32ms]
2023-04-16 17:15:51.771 [info] > git for-each-ref --format=%(refname)%00%(upstream:short)%00%(objectname)%00%(upstream:track)%00%(upstream:remotename)%00%(upstream:remoteref) refs/heads/main refs/remotes/main [25ms]
2023-04-16 17:15:52.066 [info] > git status -z -uall [269ms]
2023-04-16 17:15:57.219 [info] > git config --get commit.template [44ms]
2023-04-16 17:15:57.234 [info] > git for-each-ref --format=%(refname)%00%(upstream:short)%00%(objectname)%00%(upstream:track)%00%(upstream:remotename)%00%(upstream:remoteref) refs/heads/main refs/remotes/main [18ms]
2023-04-16 17:15:57.618 [info] > git status -z -uall [317ms]
2023-04-16 17:16:02.694 [info] > git config --get commit.template [5ms]
2023-04-16 17:16:02.728 [info] > git for-each-ref --format=%(refname)%00%(upstream:short)%00%(objectname)%00%(upstream:track)%00%(upstream:remotename)%00%(upstream:remoteref) refs/heads/main refs/remotes/main [9ms]
2023-04-16 17:16:03.036 [info] > git status -z -uall [290ms]
2023-04-16 17:16:08.122 [info] > git config --get commit.template [16ms]
2023-04-16 17:16:08.159 [info] > git for-each-ref --format=%(refname)%00%(upstream:short)%00%(objectname)%00%(upstream:track)%00%(upstream:remotename)%00%(upstream:remoteref) refs/heads/main refs/remotes/main [18ms]
2023-04-16 17:16:08.416 [info] > git status -z -uall [225ms]
2023-04-16 17:16:13.534 [info] > git config --get commit.template [6ms]
2023-04-16 17:16:13.567 [info] > git for-each-ref --format=%(refname)%00%(upstream:short)%00%(objectname)%00%(upstream:track)%00%(upstream:remotename)%00%(upstream:remoteref) refs/heads/main refs/remotes/main [8ms]
2023-04-16 17:16:13.835 [info] > git status -z -uall [242ms]
2023-04-16 17:16:18.915 [info] > git config --get commit.template [9ms]
2023-04-16 17:16:18.947 [info] > git for-each-ref --format=%(refname)%00%(upstream:short)%00%(objectname)%00%(upstream:track)%00%(upstream:remotename)%00%(upstream:remoteref) refs/heads/main refs/remotes/main [5ms]
2023-04-16 17:16:19.229 [info] > git status -z -uall [245ms]
2023-04-16 17:16:24.328 [info] > git config --get commit.template [28ms]
2023-04-16 17:16:24.340 [info] > git for-each-ref --format=%(refname)%00%(upstream:short)%00%(objectname)%00%(upstream:track)%00%(upstream:remotename)%00%(upstream:remoteref) refs/heads/main refs/remotes/main [11ms]
2023-04-16 17:16:24.753 [info] > git status -z -uall [377ms]
2023-04-16 17:16:29.867 [info] > git config --get commit.template [34ms]
2023-04-16 17:16:29.880 [info] > git for-each-ref --format=%(refname)%00%(upstream:short)%00%(objectname)%00%(upstream:track)%00%(upstream:remotename)%00%(upstream:remoteref) refs/heads/main refs/remotes/main [16ms]
2023-04-16 17:16:30.183 [info] > git status -z -uall [279ms]
2023-04-16 17:16:35.262 [info] > git config --get commit.template [3ms]
2023-04-16 17:16:35.306 [info] > git for-each-ref --format=%(refname)%00%(upstream:short)%00%(objectname)%00%(upstream:track)%00%(upstream:remotename)%00%(upstream:remoteref) refs/heads/main refs/remotes/main [14ms]
2023-04-16 17:16:35.659 [info] > git status -z -uall [335ms]
2023-04-16 17:16:40.780 [info] > git config --get commit.template [8ms]
2023-04-16 17:16:40.820 [info] > git for-each-ref --format=%(refname)%00%(upstream:short)%00%(objectname)%00%(upstream:track)%00%(upstream:remotename)%00%(upstream:remoteref) refs/heads/main refs/remotes/main [12ms]
2023-04-16 17:16:41.119 [info] > git status -z -uall [274ms]
2023-04-16 17:16:46.214 [info] > git config --get commit.template [11ms]
2023-04-16 17:16:46.267 [info] > git for-each-ref --format=%(refname)%00%(upstream:short)%00%(objectname)%00%(upstream:track)%00%(upstream:remotename)%00%(upstream:remoteref) refs/heads/main refs/remotes/main [31ms]
2023-04-16 17:16:46.630 [info] > git status -z -uall [320ms]
2023-04-16 17:16:51.793 [info] > git config --get commit.template [56ms]
2023-04-16 17:16:51.802 [info] > git for-each-ref --format=%(refname)%00%(upstream:short)%00%(objectname)%00%(upstream:track)%00%(upstream:remotename)%00%(upstream:remoteref) refs/heads/main refs/remotes/main [22ms]
2023-04-16 17:16:52.033 [info] > git status -z -uall [180ms]
2023-04-16 17:16:57.161 [info] > git config --get commit.template [31ms]
2023-04-16 17:16:57.177 [info] > git for-each-ref --format=%(refname)%00%(upstream:short)%00%(objectname)%00%(upstream:track)%00%(upstream:remotename)%00%(upstream:remoteref) refs/heads/main refs/remotes/main [18ms]
2023-04-16 17:16:57.516 [info] > git status -z -uall [318ms]
2023-04-16 17:17:02.672 [info] > git config --get commit.template [18ms]
2023-04-16 17:17:02.679 [info] > git for-each-ref --format=%(refname)%00%(upstream:short)%00%(objectname)%00%(upstream:track)%00%(upstream:remotename)%00%(upstream:remoteref) refs/heads/main refs/remotes/main [7ms]
2023-04-16 17:17:02.829 [info] > git status -z -uall [135ms]
2023-04-16 17:17:07.953 [info] > git config --get commit.template [30ms]
2023-04-16 17:17:07.960 [info] > git for-each-ref --format=%(refname)%00%(upstream:short)%00%(objectname)%00%(upstream:track)%00%(upstream:remotename)%00%(upstream:remoteref) refs/heads/main refs/remotes/main [15ms]
2023-04-16 17:17:08.224 [info] > git status -z -uall [229ms]
2023-04-16 17:17:13.333 [info] > git config --get commit.template [12ms]
2023-04-16 17:17:13.339 [info] > git for-each-ref --format=%(refname)%00%(upstream:short)%00%(objectname)%00%(upstream:track)%00%(upstream:remotename)%00%(upstream:remoteref) refs/heads/main refs/remotes/main [7ms]
2023-04-16 17:17:13.514 [info] > git status -z -uall [161ms]
2023-04-16 17:17:18.604 [info] > git config --get commit.template [5ms]
2023-04-16 17:17:18.649 [info] > git for-each-ref --format=%(refname)%00%(upstream:short)%00%(objectname)%00%(upstream:track)%00%(upstream:remotename)%00%(upstream:remoteref) refs/heads/main refs/remotes/main [16ms]
2023-04-16 17:17:18.913 [info] > git status -z -uall [245ms]
2023-04-16 17:17:24.057 [info] > git for-each-ref --format=%(refname)%00%(upstream:short)%00%(objectname)%00%(upstream:track)%00%(upstream:remotename)%00%(upstream:remoteref) refs/heads/main refs/remotes/main [10ms]
2023-04-16 17:17:24.060 [info] > git config --get commit.template [33ms]
2023-04-16 17:17:24.355 [info] > git status -z -uall [273ms]
2023-04-16 17:17:29.440 [info] > git config --get commit.template [9ms]
2023-04-16 17:17:29.497 [info] > git for-each-ref --format=%(refname)%00%(upstream:short)%00%(objectname)%00%(upstream:track)%00%(upstream:remotename)%00%(upstream:remoteref) refs/heads/main refs/remotes/main [8ms]
2023-04-16 17:17:29.817 [info] > git status -z -uall [292ms]
2023-04-16 17:17:34.908 [info] > git config --get commit.template [14ms]
2023-04-16 17:17:34.984 [info] > git for-each-ref --format=%(refname)%00%(upstream:short)%00%(objectname)%00%(upstream:track)%00%(upstream:remotename)%00%(upstream:remoteref) refs/heads/main refs/remotes/main [18ms]
2023-04-16 17:17:35.325 [info] > git status -z -uall [285ms]
2023-04-16 17:17:40.420 [info] > git config --get commit.template [10ms]
2023-04-16 17:17:40.456 [info] > git for-each-ref --format=%(refname)%00%(upstream:short)%00%(objectname)%00%(upstream:track)%00%(upstream:remotename)%00%(upstream:remoteref) refs/heads/main refs/remotes/main [11ms]
2023-04-16 17:17:40.720 [info] > git status -z -uall [220ms]
2023-04-16 17:17:45.861 [info] > git for-each-ref --format=%(refname)%00%(upstream:short)%00%(objectname)%00%(upstream:track)%00%(upstream:remotename)%00%(upstream:remoteref) refs/heads/main refs/remotes/main [3ms]
2023-04-16 17:17:45.863 [info] > git config --get commit.template [35ms]
2023-04-16 17:17:46.213 [info] > git status -z -uall [322ms]
2023-04-16 17:17:51.342 [info] > git config --get commit.template [30ms]
2023-04-16 17:17:51.402 [info] > git for-each-ref --format=%(refname)%00%(upstream:short)%00%(objectname)%00%(upstream:track)%00%(upstream:remotename)%00%(upstream:remoteref) refs/heads/main refs/remotes/main [13ms]
2023-04-16 17:17:51.699 [info] > git status -z -uall [267ms]
2023-04-16 17:17:56.846 [info] > git config --get commit.template [51ms]
2023-04-16 17:17:56.860 [info] > git for-each-ref --format=%(refname)%00%(upstream:short)%00%(objectname)%00%(upstream:track)%00%(upstream:remotename)%00%(upstream:remoteref) refs/heads/main refs/remotes/main [14ms]
2023-04-16 17:17:57.136 [info] > git status -z -uall [244ms]
2023-04-16 17:18:02.206 [info] > git config --get commit.template [3ms]
2023-04-16 17:18:02.245 [info] > git for-each-ref --format=%(refname)%00%(upstream:short)%00%(objectname)%00%(upstream:track)%00%(upstream:remotename)%00%(upstream:remoteref) refs/heads/main refs/remotes/main [19ms]
2023-04-16 17:18:02.506 [info] > git status -z -uall [241ms]
2023-04-16 17:18:07.644 [info] > git for-each-ref --format=%(refname)%00%(upstream:short)%00%(objectname)%00%(upstream:track)%00%(upstream:remotename)%00%(upstream:remoteref) refs/heads/main refs/remotes/main [14ms]
2023-04-16 17:18:07.647 [info] > git config --get commit.template [42ms]
2023-04-16 17:18:07.920 [info] > git status -z -uall [248ms]
2023-04-16 17:18:13.037 [info] > git config --get commit.template [2ms]
2023-04-16 17:18:13.098 [info] > git for-each-ref --format=%(refname)%00%(upstream:short)%00%(objectname)%00%(upstream:track)%00%(upstream:remotename)%00%(upstream:remoteref) refs/heads/main refs/remotes/main [11ms]
2023-04-16 17:18:13.290 [info] > git status -z -uall [157ms]
2023-04-16 17:18:18.441 [info] > git config --get commit.template [63ms]
2023-04-16 17:18:18.457 [info] > git for-each-ref --format=%(refname)%00%(upstream:short)%00%(objectname)%00%(upstream:track)%00%(upstream:remotename)%00%(upstream:remoteref) refs/heads/main refs/remotes/main [18ms]
2023-04-16 17:18:18.725 [info] > git status -z -uall [208ms]
2023-04-16 17:18:23.928 [info] > git config --get commit.template [79ms]
2023-04-16 17:18:23.936 [info] > git for-each-ref --format=%(refname)%00%(upstream:short)%00%(objectname)%00%(upstream:track)%00%(upstream:remotename)%00%(upstream:remoteref) refs/heads/main refs/remotes/main [9ms]
2023-04-16 17:18:24.213 [info] > git status -z -uall [232ms]
2023-04-16 17:18:29.327 [info] > git config --get commit.template [43ms]
2023-04-16 17:18:29.329 [info] > git for-each-ref --format=%(refname)%00%(upstream:short)%00%(objectname)%00%(upstream:track)%00%(upstream:remotename)%00%(upstream:remoteref) refs/heads/main refs/remotes/main [10ms]
2023-04-16 17:18:29.741 [info] > git status -z -uall [381ms]
2023-04-16 17:18:34.958 [info] > git config --get commit.template [53ms]
2023-04-16 17:18:34.967 [info] > git for-each-ref --format=%(refname)%00%(upstream:short)%00%(objectname)%00%(upstream:track)%00%(upstream:remotename)%00%(upstream:remoteref) refs/heads/main refs/remotes/main [31ms]
2023-04-16 17:18:35.244 [info] > git status -z -uall [233ms]
2023-04-16 17:18:40.358 [info] > git config --get commit.template [33ms]
2023-04-16 17:18:40.364 [info] > git for-each-ref --format=%(refname)%00%(upstream:short)%00%(objectname)%00%(upstream:track)%00%(upstream:remotename)%00%(upstream:remoteref) refs/heads/main refs/remotes/main [9ms]
2023-04-16 17:18:40.653 [info] > git status -z -uall [264ms]
2023-04-16 17:18:45.704 [info] > git config --get commit.template [5ms]
2023-04-16 17:18:45.720 [info] > git for-each-ref --format=%(refname)%00%(upstream:short)%00%(objectname)%00%(upstream:track)%00%(upstream:remotename)%00%(upstream:remoteref) refs/heads/main refs/remotes/main [4ms]
2023-04-16 17:18:45.887 [info] > git status -z -uall [158ms]
2023-04-16 17:18:51.065 [info] > git for-each-ref --format=%(refname)%00%(upstream:short)%00%(objectname)%00%(upstream:track)%00%(upstream:remotename)%00%(upstream:remoteref) refs/heads/main refs/remotes/main [63ms]
2023-04-16 17:18:51.094 [info] > git config --get commit.template [17ms]
2023-04-16 17:18:51.316 [info] > git status -z -uall [171ms]
2023-04-16 17:18:56.406 [info] > git config --get commit.template [3ms]
2023-04-16 17:18:56.469 [info] > git for-each-ref --format=%(refname)%00%(upstream:short)%00%(objectname)%00%(upstream:track)%00%(upstream:remotename)%00%(upstream:remoteref) refs/heads/main refs/remotes/main [26ms]
2023-04-16 17:18:56.842 [info] > git status -z -uall [343ms]
2023-04-16 17:19:01.965 [info] > git config --get commit.template [12ms]
2023-04-16 17:19:02.023 [info] > git for-each-ref --format=%(refname)%00%(upstream:short)%00%(objectname)%00%(upstream:track)%00%(upstream:remotename)%00%(upstream:remoteref) refs/heads/main refs/remotes/main [23ms]
2023-04-16 17:19:02.304 [info] > git status -z -uall [258ms]
2023-04-16 17:19:07.402 [info] > git config --get commit.template [27ms]
2023-04-16 17:19:07.425 [info] > git for-each-ref --format=%(refname)%00%(upstream:short)%00%(objectname)%00%(upstream:track)%00%(upstream:remotename)%00%(upstream:remoteref) refs/heads/main refs/remotes/main [25ms]
2023-04-16 17:19:07.740 [info] > git status -z -uall [273ms]
2023-04-16 17:19:12.865 [info] > git config --get commit.template [41ms]
2023-04-16 17:19:12.880 [info] > git for-each-ref --format=%(refname)%00%(upstream:short)%00%(objectname)%00%(upstream:track)%00%(upstream:remotename)%00%(upstream:remoteref) refs/heads/main refs/remotes/main [22ms]
2023-04-16 17:19:13.188 [info] > git status -z -uall [287ms]
2023-04-16 17:19:18.313 [info] > git config --get commit.template [48ms]
2023-04-16 17:19:18.318 [info] > git for-each-ref --format=%(refname)%00%(upstream:short)%00%(objectname)%00%(upstream:track)%00%(upstream:remotename)%00%(upstream:remoteref) refs/heads/main refs/remotes/main [9ms]
2023-04-16 17:19:18.612 [info] > git status -z -uall [275ms]
2023-04-16 17:19:23.736 [info] > git config --get commit.template [39ms]
2023-04-16 17:19:23.765 [info] > git for-each-ref --format=%(refname)%00%(upstream:short)%00%(objectname)%00%(upstream:track)%00%(upstream:remotename)%00%(upstream:remoteref) refs/heads/main refs/remotes/main [39ms]
2023-04-16 17:19:24.110 [info] > git status -z -uall [323ms]
2023-04-16 17:19:29.208 [info] > git config --get commit.template [28ms]
2023-04-16 17:19:29.217 [info] > git for-each-ref --format=%(refname)%00%(upstream:short)%00%(objectname)%00%(upstream:track)%00%(upstream:remotename)%00%(upstream:remoteref) refs/heads/main refs/remotes/main [13ms]
2023-04-16 17:19:29.506 [info] > git status -z -uall [259ms]
2023-04-16 17:19:34.644 [info] > git config --get commit.template [31ms]
2023-04-16 17:19:34.663 [info] > git for-each-ref --format=%(refname)%00%(upstream:short)%00%(objectname)%00%(upstream:track)%00%(upstream:remotename)%00%(upstream:remoteref) refs/heads/main refs/remotes/main [23ms]
2023-04-16 17:19:34.975 [info] > git status -z -uall [284ms]
2023-04-16 17:19:40.149 [info] > git config --get commit.template [71ms]
2023-04-16 17:19:40.172 [info] > git for-each-ref --format=%(refname)%00%(upstream:short)%00%(objectname)%00%(upstream:track)%00%(upstream:remotename)%00%(upstream:remoteref) refs/heads/main refs/remotes/main [36ms]
2023-04-16 17:19:40.374 [info] > git status -z -uall [169ms]
2023-04-16 17:19:45.538 [info] > git config --get commit.template [46ms]
2023-04-16 17:19:45.562 [info] > git for-each-ref --format=%(refname)%00%(upstream:short)%00%(objectname)%00%(upstream:track)%00%(upstream:remotename)%00%(upstream:remoteref) refs/heads/main refs/remotes/main [35ms]
2023-04-16 17:19:45.789 [info] > git status -z -uall [183ms]
2023-04-16 17:19:50.882 [info] > git config --get commit.template [11ms]
2023-04-16 17:19:50.913 [info] > git for-each-ref --format=%(refname)%00%(upstream:short)%00%(objectname)%00%(upstream:track)%00%(upstream:remotename)%00%(upstream:remoteref) refs/heads/main refs/remotes/main [8ms]
2023-04-16 17:19:51.228 [info] > git status -z -uall [257ms]
2023-04-16 17:19:56.365 [info] > git config --get commit.template [41ms]
2023-04-16 17:19:56.374 [info] > git for-each-ref --format=%(refname)%00%(upstream:short)%00%(objectname)%00%(upstream:track)%00%(upstream:remotename)%00%(upstream:remoteref) refs/heads/main refs/remotes/main [11ms]
2023-04-16 17:19:56.693 [info] > git status -z -uall [302ms]
2023-04-16 17:20:01.884 [info] > git config --get commit.template [92ms]
2023-04-16 17:20:01.892 [info] > git for-each-ref --format=%(refname)%00%(upstream:short)%00%(objectname)%00%(upstream:track)%00%(upstream:remotename)%00%(upstream:remoteref) refs/heads/main refs/remotes/main [17ms]
2023-04-16 17:20:02.108 [info] > git status -z -uall [164ms]
2023-04-16 17:20:07.242 [info] > git config --get commit.template [11ms]
2023-04-16 17:20:07.276 [info] > git for-each-ref --format=%(refname)%00%(upstream:short)%00%(objectname)%00%(upstream:track)%00%(upstream:remotename)%00%(upstream:remoteref) refs/heads/main refs/remotes/main [11ms]
2023-04-16 17:20:07.597 [info] > git status -z -uall [292ms]
2023-04-16 17:20:12.695 [info] > git config --get commit.template [15ms]
2023-04-16 17:20:12.729 [info] > git for-each-ref --format=%(refname)%00%(upstream:short)%00%(objectname)%00%(upstream:track)%00%(upstream:remotename)%00%(upstream:remoteref) refs/heads/main refs/remotes/main [12ms]
2023-04-16 17:20:13.048 [info] > git status -z -uall [281ms]
2023-04-16 17:20:18.133 [info] > git config --get commit.template [16ms]
2023-04-16 17:20:18.179 [info] > git for-each-ref --format=%(refname)%00%(upstream:short)%00%(objectname)%00%(upstream:track)%00%(upstream:remotename)%00%(upstream:remoteref) refs/heads/main refs/remotes/main [17ms]
2023-04-16 17:20:18.398 [info] > git status -z -uall [198ms]
2023-04-16 17:20:23.560 [info] > git config --get commit.template [33ms]
2023-04-16 17:20:23.575 [info] > git for-each-ref --format=%(refname)%00%(upstream:short)%00%(objectname)%00%(upstream:track)%00%(upstream:remotename)%00%(upstream:remoteref) refs/heads/main refs/remotes/main [16ms]
2023-04-16 17:20:23.800 [info] > git status -z -uall [195ms]
2023-04-16 17:20:28.923 [info] > git config --get commit.template [40ms]
2023-04-16 17:20:28.935 [info] > git for-each-ref --format=%(refname)%00%(upstream:short)%00%(objectname)%00%(upstream:track)%00%(upstream:remotename)%00%(upstream:remoteref) refs/heads/main refs/remotes/main [18ms]
2023-04-16 17:20:29.258 [info] > git status -z -uall [299ms]
2023-04-16 17:20:34.342 [info] > git config --get commit.template [4ms]
2023-04-16 17:20:34.393 [info] > git for-each-ref --format=%(refname)%00%(upstream:short)%00%(objectname)%00%(upstream:track)%00%(upstream:remotename)%00%(upstream:remoteref) refs/heads/main refs/remotes/main [26ms]
2023-04-16 17:20:34.616 [info] > git status -z -uall [188ms]
2023-04-16 17:20:39.728 [info] > git config --get commit.template [8ms]
2023-04-16 17:20:39.761 [info] > git for-each-ref --format=%(refname)%00%(upstream:short)%00%(objectname)%00%(upstream:track)%00%(upstream:remotename)%00%(upstream:remoteref) refs/heads/main refs/remotes/main [8ms]
2023-04-16 17:20:40.072 [info] > git status -z -uall [285ms]
2023-04-16 17:20:45.177 [info] > git config --get commit.template [15ms]
2023-04-16 17:20:45.225 [info] > git for-each-ref --format=%(refname)%00%(upstream:short)%00%(objectname)%00%(upstream:track)%00%(upstream:remotename)%00%(upstream:remoteref) refs/heads/main refs/remotes/main [2ms]
2023-04-16 17:20:45.500 [info] > git status -z -uall [234ms]
2023-04-16 17:20:50.607 [info] > git config --get commit.template [31ms]
2023-04-16 17:20:50.615 [info] > git for-each-ref --format=%(refname)%00%(upstream:short)%00%(objectname)%00%(upstream:track)%00%(upstream:remotename)%00%(upstream:remoteref) refs/heads/main refs/remotes/main [13ms]
2023-04-16 17:20:50.925 [info] > git status -z -uall [290ms]
2023-04-16 17:20:56.061 [info] > git config --get commit.template [45ms]
2023-04-16 17:20:56.067 [info] > git for-each-ref --format=%(refname)%00%(upstream:short)%00%(objectname)%00%(upstream:track)%00%(upstream:remotename)%00%(upstream:remoteref) refs/heads/main refs/remotes/main [8ms]
2023-04-16 17:20:56.391 [info] > git status -z -uall [299ms]
2023-04-16 17:21:01.470 [info] > git config --get commit.template [11ms]
2023-04-16 17:21:01.524 [info] > git for-each-ref --format=%(refname)%00%(upstream:short)%00%(objectname)%00%(upstream:track)%00%(upstream:remotename)%00%(upstream:remoteref) refs/heads/main refs/remotes/main [14ms]
2023-04-16 17:21:01.810 [info] > git status -z -uall [264ms]
2023-04-16 17:21:06.956 [info] > git config --get commit.template [29ms]
2023-04-16 17:21:06.970 [info] > git for-each-ref --format=%(refname)%00%(upstream:short)%00%(objectname)%00%(upstream:track)%00%(upstream:remotename)%00%(upstream:remoteref) refs/heads/main refs/remotes/main [21ms]
2023-04-16 17:21:07.192 [info] > git status -z -uall [176ms]
2023-04-16 17:21:12.291 [info] > git config --get commit.template [3ms]
2023-04-16 17:21:12.332 [info] > git for-each-ref --format=%(refname)%00%(upstream:short)%00%(objectname)%00%(upstream:track)%00%(upstream:remotename)%00%(upstream:remoteref) refs/heads/main refs/remotes/main [10ms]
2023-04-16 17:21:12.646 [info] > git status -z -uall [280ms]
2023-04-16 17:21:17.767 [info] > git for-each-ref --format=%(refname)%00%(upstream:short)%00%(objectname)%00%(upstream:track)%00%(upstream:remotename)%00%(upstream:remoteref) refs/heads/main refs/remotes/main [2ms]
2023-04-16 17:21:17.769 [info] > git config --get commit.template [35ms]
2023-04-16 17:21:18.025 [info] > git status -z -uall [235ms]
2023-04-16 17:21:23.243 [info] > git config --get commit.template [35ms]
2023-04-16 17:21:23.249 [info] > git for-each-ref --format=%(refname)%00%(upstream:short)%00%(objectname)%00%(upstream:track)%00%(upstream:remotename)%00%(upstream:remoteref) refs/heads/main refs/remotes/main [9ms]
2023-04-16 17:21:23.577 [info] > git status -z -uall [303ms]
2023-04-16 17:21:28.648 [info] > git config --get commit.template [21ms]
2023-04-16 17:21:28.656 [info] > git for-each-ref --format=%(refname)%00%(upstream:short)%00%(objectname)%00%(upstream:track)%00%(upstream:remotename)%00%(upstream:remoteref) refs/heads/main refs/remotes/main [9ms]
2023-04-16 17:21:28.824 [info] > git status -z -uall [160ms]
2023-04-16 17:21:33.957 [info] > git config --get commit.template [42ms]
2023-04-16 17:21:33.965 [info] > git for-each-ref --format=%(refname)%00%(upstream:short)%00%(objectname)%00%(upstream:track)%00%(upstream:remotename)%00%(upstream:remoteref) refs/heads/main refs/remotes/main [11ms]
2023-04-16 17:21:34.415 [info] > git status -z -uall [412ms]
2023-04-16 17:21:39.601 [info] > git config --get commit.template [26ms]
2023-04-16 17:21:39.606 [info] > git for-each-ref --format=%(refname)%00%(upstream:short)%00%(objectname)%00%(upstream:track)%00%(upstream:remotename)%00%(upstream:remoteref) refs/heads/main refs/remotes/main [8ms]
2023-04-16 17:21:39.924 [info] > git status -z -uall [291ms]
2023-04-16 17:21:45.103 [info] > git config --get commit.template [27ms]
2023-04-16 17:21:45.116 [info] > git for-each-ref --format=%(refname)%00%(upstream:short)%00%(objectname)%00%(upstream:track)%00%(upstream:remotename)%00%(upstream:remoteref) refs/heads/main refs/remotes/main [15ms]
2023-04-16 17:21:45.420 [info] > git status -z -uall [284ms]
2023-04-16 17:21:50.529 [info] > git config --get commit.template [14ms]
2023-04-16 17:21:50.559 [info] > git for-each-ref --format=%(refname)%00%(upstream:short)%00%(objectname)%00%(upstream:track)%00%(upstream:remotename)%00%(upstream:remoteref) refs/heads/main refs/remotes/main [9ms]
2023-04-16 17:21:50.814 [info] > git status -z -uall [236ms]
2023-04-16 17:21:55.907 [info] > git config --get commit.template [12ms]
2023-04-16 17:21:55.944 [info] > git for-each-ref --format=%(refname)%00%(upstream:short)%00%(objectname)%00%(upstream:track)%00%(upstream:remotename)%00%(upstream:remoteref) refs/heads/main refs/remotes/main [12ms]
2023-04-16 17:21:56.363 [info] > git status -z -uall [360ms]
2023-04-16 17:22:01.502 [info] > git config --get commit.template [55ms]
2023-04-16 17:22:01.508 [info] > git for-each-ref --format=%(refname)%00%(upstream:short)%00%(objectname)%00%(upstream:track)%00%(upstream:remotename)%00%(upstream:remoteref) refs/heads/main refs/remotes/main [14ms]
2023-04-16 17:22:01.767 [info] > git status -z -uall [231ms]
2023-04-16 17:22:06.894 [info] > git config --get commit.template [31ms]
2023-04-16 17:22:06.905 [info] > git for-each-ref --format=%(refname)%00%(upstream:short)%00%(objectname)%00%(upstream:track)%00%(upstream:remotename)%00%(upstream:remoteref) refs/heads/main refs/remotes/main [13ms]
2023-04-16 17:22:07.301 [info] > git status -z -uall [362ms]
2023-04-16 17:22:12.494 [info] > git config --get commit.template [16ms]
2023-04-16 17:22:12.531 [info] > git for-each-ref --format=%(refname)%00%(upstream:short)%00%(objectname)%00%(upstream:track)%00%(upstream:remotename)%00%(upstream:remoteref) refs/heads/main refs/remotes/main [8ms]
2023-04-16 17:22:12.854 [info] > git status -z -uall [283ms]
2023-04-16 17:22:17.935 [info] > git config --get commit.template [10ms]
2023-04-16 17:22:17.958 [info] > git for-each-ref --format=%(refname)%00%(upstream:short)%00%(objectname)%00%(upstream:track)%00%(upstream:remotename)%00%(upstream:remoteref) refs/heads/main refs/remotes/main [2ms]
2023-04-16 17:22:18.131 [info] > git status -z -uall [162ms]
2023-04-16 17:22:23.287 [info] > git config --get commit.template [35ms]
2023-04-16 17:22:23.295 [info] > git for-each-ref --format=%(refname)%00%(upstream:short)%00%(objectname)%00%(upstream:track)%00%(upstream:remotename)%00%(upstream:remoteref) refs/heads/main refs/remotes/main [12ms]
2023-04-16 17:22:23.568 [info] > git status -z -uall [249ms]
2023-04-16 17:22:28.669 [info] > git config --get commit.template [9ms]
2023-04-16 17:22:28.703 [info] > git for-each-ref --format=%(refname)%00%(upstream:short)%00%(objectname)%00%(upstream:track)%00%(upstream:remotename)%00%(upstream:remoteref) refs/heads/main refs/remotes/main [10ms]
2023-04-16 17:22:29.014 [info] > git status -z -uall [283ms]
2023-04-16 17:22:34.148 [info] > git config --get commit.template [41ms]
2023-04-16 17:22:34.150 [info] > git for-each-ref --format=%(refname)%00%(upstream:short)%00%(objectname)%00%(upstream:track)%00%(upstream:remotename)%00%(upstream:remoteref) refs/heads/main refs/remotes/main [8ms]
2023-04-16 17:22:34.446 [info] > git status -z -uall [273ms]
2023-04-16 17:22:39.552 [info] > git config --get commit.template [6ms]
2023-04-16 17:22:39.593 [info] > git for-each-ref --format=%(refname)%00%(upstream:short)%00%(objectname)%00%(upstream:track)%00%(upstream:remotename)%00%(upstream:remoteref) refs/heads/main refs/remotes/main [15ms]
2023-04-16 17:22:39.775 [info] > git status -z -uall [148ms]
2023-04-16 17:22:44.880 [info] > git config --get commit.template [37ms]
2023-04-16 17:22:44.892 [info] > git for-each-ref --format=%(refname)%00%(upstream:short)%00%(objectname)%00%(upstream:track)%00%(upstream:remotename)%00%(upstream:remoteref) refs/heads/main refs/remotes/main [16ms]
2023-04-16 17:22:45.317 [info] > git status -z -uall [401ms]
2023-04-16 17:22:50.470 [info] > git config --get commit.template [13ms]
2023-04-16 17:22:50.523 [info] > git for-each-ref --format=%(refname)%00%(upstream:short)%00%(objectname)%00%(upstream:track)%00%(upstream:remotename)%00%(upstream:remoteref) refs/heads/main refs/remotes/main [8ms]
2023-04-16 17:22:50.758 [info] > git status -z -uall [215ms]
2023-04-16 17:22:55.872 [info] > git config --get commit.template [6ms]
2023-04-16 17:22:55.914 [info] > git for-each-ref --format=%(refname)%00%(upstream:short)%00%(objectname)%00%(upstream:track)%00%(upstream:remotename)%00%(upstream:remoteref) refs/heads/main refs/remotes/main [8ms]
2023-04-16 17:22:56.263 [info] > git status -z -uall [323ms]
2023-04-16 17:23:01.330 [info] > git config --get commit.template [19ms]
2023-04-16 17:23:01.334 [info] > git for-each-ref --format=%(refname)%00%(upstream:short)%00%(objectname)%00%(upstream:track)%00%(upstream:remotename)%00%(upstream:remoteref) refs/heads/main refs/remotes/main [5ms]
2023-04-16 17:23:01.494 [info] > git status -z -uall [150ms]
2023-04-16 17:23:06.586 [info] > git config --get commit.template [12ms]
2023-04-16 17:23:06.625 [info] > git for-each-ref --format=%(refname)%00%(upstream:short)%00%(objectname)%00%(upstream:track)%00%(upstream:remotename)%00%(upstream:remoteref) refs/heads/main refs/remotes/main [7ms]
2023-04-16 17:23:06.927 [info] > git status -z -uall [277ms]
2023-04-16 17:23:12.054 [info] > git config --get commit.template [27ms]
2023-04-16 17:23:12.060 [info] > git for-each-ref --format=%(refname)%00%(upstream:short)%00%(objectname)%00%(upstream:track)%00%(upstream:remotename)%00%(upstream:remoteref) refs/heads/main refs/remotes/main [9ms]
2023-04-16 17:23:12.409 [info] > git status -z -uall [330ms]
2023-04-16 17:23:17.592 [info] > git config --get commit.template [38ms]
2023-04-16 17:23:17.617 [info] > git for-each-ref --format=%(refname)%00%(upstream:short)%00%(objectname)%00%(upstream:track)%00%(upstream:remotename)%00%(upstream:remoteref) refs/heads/main refs/remotes/main [28ms]
2023-04-16 17:23:17.876 [info] > git status -z -uall [241ms]
2023-04-16 17:23:23.024 [info] > git config --get commit.template [35ms]
2023-04-16 17:23:23.038 [info] > git for-each-ref --format=%(refname)%00%(upstream:short)%00%(objectname)%00%(upstream:track)%00%(upstream:remotename)%00%(upstream:remoteref) refs/heads/main refs/remotes/main [16ms]
2023-04-16 17:23:23.302 [info] > git status -z -uall [243ms]
2023-04-16 17:23:28.396 [info] > git config --get commit.template [18ms]
2023-04-16 17:23:28.410 [info] > git for-each-ref --format=%(refname)%00%(upstream:short)%00%(objectname)%00%(upstream:track)%00%(upstream:remotename)%00%(upstream:remoteref) refs/heads/main refs/remotes/main [16ms]
2023-04-16 17:23:28.587 [info] > git status -z -uall [162ms]
2023-04-16 17:23:33.767 [info] > git config --get commit.template [59ms]
2023-04-16 17:23:33.794 [info] > git for-each-ref --format=%(refname)%00%(upstream:short)%00%(objectname)%00%(upstream:track)%00%(upstream:remotename)%00%(upstream:remoteref) refs/heads/main refs/remotes/main [38ms]
2023-04-16 17:23:34.061 [info] > git status -z -uall [234ms]
2023-04-16 17:23:39.219 [info] > git config --get commit.template [46ms]
2023-04-16 17:23:39.238 [info] > git for-each-ref --format=%(refname)%00%(upstream:short)%00%(objectname)%00%(upstream:track)%00%(upstream:remotename)%00%(upstream:remoteref) refs/heads/main refs/remotes/main [22ms]
2023-04-16 17:23:39.506 [info] > git status -z -uall [244ms]
2023-04-16 17:23:44.587 [info] > git config --get commit.template [3ms]
2023-04-16 17:23:44.649 [info] > git for-each-ref --format=%(refname)%00%(upstream:short)%00%(objectname)%00%(upstream:track)%00%(upstream:remotename)%00%(upstream:remoteref) refs/heads/main refs/remotes/main [28ms]
2023-04-16 17:23:44.797 [info] > git status -z -uall [135ms]
2023-04-16 17:23:49.917 [info] > git config --get commit.template [31ms]
2023-04-16 17:23:49.922 [info] > git for-each-ref --format=%(refname)%00%(upstream:short)%00%(objectname)%00%(upstream:track)%00%(upstream:remotename)%00%(upstream:remoteref) refs/heads/main refs/remotes/main [16ms]
2023-04-16 17:23:50.094 [info] > git status -z -uall [137ms]
2023-04-16 17:23:55.184 [info] > git config --get commit.template [11ms]
2023-04-16 17:23:55.205 [info] > git for-each-ref --format=%(refname)%00%(upstream:short)%00%(objectname)%00%(upstream:track)%00%(upstream:remotename)%00%(upstream:remoteref) refs/heads/main refs/remotes/main [22ms]
2023-04-16 17:23:55.342 [info] > git status -z -uall [126ms]
2023-04-16 17:24:00.602 [info] > git config --get commit.template [78ms]
2023-04-16 17:24:00.633 [info] > git for-each-ref --format=%(refname)%00%(upstream:short)%00%(objectname)%00%(upstream:track)%00%(upstream:remotename)%00%(upstream:remoteref) refs/heads/main refs/remotes/main [35ms]
2023-04-16 17:24:00.858 [info] > git status -z -uall [205ms]
2023-04-16 17:24:05.955 [info] > git config --get commit.template [10ms]
2023-04-16 17:24:05.980 [info] > git for-each-ref --format=%(refname)%00%(upstream:short)%00%(objectname)%00%(upstream:track)%00%(upstream:remotename)%00%(upstream:remoteref) refs/heads/main refs/remotes/main [8ms]
2023-04-16 17:24:06.217 [info] > git status -z -uall [221ms]
2023-04-16 17:24:11.342 [info] > git config --get commit.template [37ms]
2023-04-16 17:24:11.361 [info] > git for-each-ref --format=%(refname)%00%(upstream:short)%00%(objectname)%00%(upstream:track)%00%(upstream:remotename)%00%(upstream:remoteref) refs/heads/main refs/remotes/main [27ms]
2023-04-16 17:24:11.643 [info] > git status -z -uall [257ms]
2023-04-16 17:24:16.781 [info] > git config --get commit.template [29ms]
2023-04-16 17:24:16.790 [info] > git for-each-ref --format=%(refname)%00%(upstream:short)%00%(objectname)%00%(upstream:track)%00%(upstream:remotename)%00%(upstream:remoteref) refs/heads/main refs/remotes/main [12ms]
2023-04-16 17:24:17.110 [info] > git status -z -uall [300ms]
2023-04-16 17:24:22.232 [info] > git config --get commit.template [32ms]
2023-04-16 17:24:22.240 [info] > git for-each-ref --format=%(refname)%00%(upstream:short)%00%(objectname)%00%(upstream:track)%00%(upstream:remotename)%00%(upstream:remoteref) refs/heads/main refs/remotes/main [13ms]
2023-04-16 17:24:22.559 [info] > git status -z -uall [280ms]
2023-04-16 17:24:27.654 [info] > git config --get commit.template [37ms]
2023-04-16 17:24:27.668 [info] > git for-each-ref --format=%(refname)%00%(upstream:short)%00%(objectname)%00%(upstream:track)%00%(upstream:remotename)%00%(upstream:remoteref) refs/heads/main refs/remotes/main [16ms]
2023-04-16 17:24:27.925 [info] > git status -z -uall [240ms]
2023-04-16 17:24:33.057 [info] > git for-each-ref --format=%(refname)%00%(upstream:short)%00%(objectname)%00%(upstream:track)%00%(upstream:remotename)%00%(upstream:remoteref) refs/heads/main refs/remotes/main [4ms]
2023-04-16 17:24:33.060 [info] > git config --get commit.template [53ms]
2023-04-16 17:24:33.292 [info] > git status -z -uall [190ms]
2023-04-16 17:24:38.452 [info] > git config --get commit.template [32ms]
2023-04-16 17:24:38.491 [info] > git for-each-ref --format=%(refname)%00%(upstream:short)%00%(objectname)%00%(upstream:track)%00%(upstream:remotename)%00%(upstream:remoteref) refs/heads/main refs/remotes/main [50ms]
2023-04-16 17:24:38.704 [info] > git status -z -uall [182ms]
2023-04-16 17:24:43.802 [info] > git config --get commit.template [11ms]
2023-04-16 17:24:43.868 [info] > git for-each-ref --format=%(refname)%00%(upstream:short)%00%(objectname)%00%(upstream:track)%00%(upstream:remotename)%00%(upstream:remoteref) refs/heads/main refs/remotes/main [7ms]
2023-04-16 17:24:44.149 [info] > git status -z -uall [261ms]
2023-04-16 17:24:49.244 [info] > git config --get commit.template [5ms]
2023-04-16 17:24:49.309 [info] > git for-each-ref --format=%(refname)%00%(upstream:short)%00%(objectname)%00%(upstream:track)%00%(upstream:remotename)%00%(upstream:remoteref) refs/heads/main refs/remotes/main [32ms]
2023-04-16 17:24:49.543 [info] > git status -z -uall [199ms]
2023-04-16 17:24:54.714 [info] > git config --get commit.template [38ms]
2023-04-16 17:24:54.722 [info] > git for-each-ref --format=%(refname)%00%(upstream:short)%00%(objectname)%00%(upstream:track)%00%(upstream:remotename)%00%(upstream:remoteref) refs/heads/main refs/remotes/main [15ms]
2023-04-16 17:24:54.868 [info] > git status -z -uall [132ms]
2023-04-16 17:24:59.959 [info] > git config --get commit.template [16ms]
2023-04-16 17:25:00.018 [info] > git for-each-ref --format=%(refname)%00%(upstream:short)%00%(objectname)%00%(upstream:track)%00%(upstream:remotename)%00%(upstream:remoteref) refs/heads/main refs/remotes/main [24ms]
2023-04-16 17:25:00.384 [info] > git status -z -uall [335ms]
2023-04-16 17:25:05.521 [info] > git config --get commit.template [3ms]
2023-04-16 17:25:05.555 [info] > git for-each-ref --format=%(refname)%00%(upstream:short)%00%(objectname)%00%(upstream:track)%00%(upstream:remotename)%00%(upstream:remoteref) refs/heads/main refs/remotes/main [2ms]
2023-04-16 17:25:05.846 [info] > git status -z -uall [267ms]
2023-04-16 17:25:10.896 [info] > git config --get commit.template [1ms]
2023-04-16 17:25:10.924 [info] > git for-each-ref --format=%(refname)%00%(upstream:short)%00%(objectname)%00%(upstream:track)%00%(upstream:remotename)%00%(upstream:remoteref) refs/heads/main refs/remotes/main [7ms]
2023-04-16 17:25:11.083 [info] > git status -z -uall [145ms]
2023-04-16 17:25:16.245 [info] > git config --get commit.template [59ms]
2023-04-16 17:25:16.273 [info] > git for-each-ref --format=%(refname)%00%(upstream:short)%00%(objectname)%00%(upstream:track)%00%(upstream:remotename)%00%(upstream:remoteref) refs/heads/main refs/remotes/main [42ms]
2023-04-16 17:25:16.463 [info] > git status -z -uall [156ms]
2023-04-16 17:25:21.616 [info] > git config --get commit.template [45ms]
2023-04-16 17:25:21.625 [info] > git for-each-ref --format=%(refname)%00%(upstream:short)%00%(objectname)%00%(upstream:track)%00%(upstream:remotename)%00%(upstream:remoteref) refs/heads/main refs/remotes/main [13ms]
2023-04-16 17:25:21.893 [info] > git status -z -uall [231ms]
2023-04-16 17:25:27.063 [info] > git config --get commit.template [52ms]
2023-04-16 17:25:27.075 [info] > git for-each-ref --format=%(refname)%00%(upstream:short)%00%(objectname)%00%(upstream:track)%00%(upstream:remotename)%00%(upstream:remoteref) refs/heads/main refs/remotes/main [16ms]
2023-04-16 17:25:27.316 [info] > git status -z -uall [206ms]
2023-04-16 17:25:32.410 [info] > git config --get commit.template [27ms]
2023-04-16 17:25:32.427 [info] > git for-each-ref --format=%(refname)%00%(upstream:short)%00%(objectname)%00%(upstream:track)%00%(upstream:remotename)%00%(upstream:remoteref) refs/heads/main refs/remotes/main [19ms]
2023-04-16 17:25:32.717 [info] > git status -z -uall [251ms]
2023-04-16 17:25:37.868 [info] > git config --get commit.template [28ms]
2023-04-16 17:25:37.874 [info] > git for-each-ref --format=%(refname)%00%(upstream:short)%00%(objectname)%00%(upstream:track)%00%(upstream:remotename)%00%(upstream:remoteref) refs/heads/main refs/remotes/main [10ms]
2023-04-16 17:25:38.140 [info] > git status -z -uall [239ms]
2023-04-16 17:25:43.269 [info] > git config --get commit.template [50ms]
2023-04-16 17:25:43.280 [info] > git for-each-ref --format=%(refname)%00%(upstream:short)%00%(objectname)%00%(upstream:track)%00%(upstream:remotename)%00%(upstream:remoteref) refs/heads/main refs/remotes/main [14ms]
2023-04-16 17:25:43.619 [info] > git status -z -uall [309ms]
2023-04-16 17:25:48.679 [info] > git config --get commit.template [1ms]
2023-04-16 17:25:48.694 [info] > git for-each-ref --format=%(refname)%00%(upstream:short)%00%(objectname)%00%(upstream:track)%00%(upstream:remotename)%00%(upstream:remoteref) refs/heads/main refs/remotes/main [2ms]
2023-04-16 17:25:48.831 [info] > git status -z -uall [126ms]
2023-04-16 17:25:53.903 [info] > git config --get commit.template [6ms]
2023-04-16 17:25:53.960 [info] > git for-each-ref --format=%(refname)%00%(upstream:short)%00%(objectname)%00%(upstream:track)%00%(upstream:remotename)%00%(upstream:remoteref) refs/heads/main refs/remotes/main [24ms]
2023-04-16 17:25:54.239 [info] > git status -z -uall [259ms]
2023-04-16 17:25:59.306 [info] > git config --get commit.template [12ms]
2023-04-16 17:25:59.324 [info] > git for-each-ref --format=%(refname)%00%(upstream:short)%00%(objectname)%00%(upstream:track)%00%(upstream:remotename)%00%(upstream:remoteref) refs/heads/main refs/remotes/main [19ms]
2023-04-16 17:25:59.502 [info] > git status -z -uall [167ms]
2023-04-16 17:26:04.658 [info] > git config --get commit.template [58ms]
2023-04-16 17:26:04.668 [info] > git for-each-ref --format=%(refname)%00%(upstream:short)%00%(objectname)%00%(upstream:track)%00%(upstream:remotename)%00%(upstream:remoteref) refs/heads/main refs/remotes/main [17ms]
2023-04-16 17:26:05.000 [info] > git status -z -uall [311ms]
2023-04-16 17:26:10.081 [info] > git config --get commit.template [5ms]
2023-04-16 17:26:10.116 [info] > git for-each-ref --format=%(refname)%00%(upstream:short)%00%(objectname)%00%(upstream:track)%00%(upstream:remotename)%00%(upstream:remoteref) refs/heads/main refs/remotes/main [12ms]
2023-04-16 17:26:10.444 [info] > git status -z -uall [296ms]
2023-04-16 17:26:15.610 [info] > git config --get commit.template [49ms]
2023-04-16 17:26:15.637 [info] > git for-each-ref --format=%(refname)%00%(upstream:short)%00%(objectname)%00%(upstream:track)%00%(upstream:remotename)%00%(upstream:remoteref) refs/heads/main refs/remotes/main [37ms]
2023-04-16 17:26:15.888 [info] > git status -z -uall [204ms]
2023-04-16 17:26:21.128 [info] > git config --get commit.template [34ms]
2023-04-16 17:26:21.131 [info] > git for-each-ref --format=%(refname)%00%(upstream:short)%00%(objectname)%00%(upstream:track)%00%(upstream:remotename)%00%(upstream:remoteref) refs/heads/main refs/remotes/main [9ms]
2023-04-16 17:26:21.392 [info] > git status -z -uall [221ms]
2023-04-16 17:26:26.466 [info] > git config --get commit.template [1ms]
2023-04-16 17:26:26.513 [info] > git for-each-ref --format=%(refname)%00%(upstream:short)%00%(objectname)%00%(upstream:track)%00%(upstream:remotename)%00%(upstream:remoteref) refs/heads/main refs/remotes/main [7ms]
2023-04-16 17:26:26.673 [info] > git status -z -uall [143ms]
2023-04-16 17:26:31.807 [info] > git config --get commit.template [37ms]
2023-04-16 17:26:31.812 [info] > git for-each-ref --format=%(refname)%00%(upstream:short)%00%(objectname)%00%(upstream:track)%00%(upstream:remotename)%00%(upstream:remoteref) refs/heads/main refs/remotes/main [18ms]
2023-04-16 17:26:32.071 [info] > git status -z -uall [222ms]
2023-04-16 17:26:37.156 [info] > git config --get commit.template [8ms]
2023-04-16 17:26:37.200 [info] > git for-each-ref --format=%(refname)%00%(upstream:short)%00%(objectname)%00%(upstream:track)%00%(upstream:remotename)%00%(upstream:remoteref) refs/heads/main refs/remotes/main [8ms]
2023-04-16 17:26:37.477 [info] > git status -z -uall [260ms]
2023-04-16 17:26:42.621 [info] > git config --get commit.template [10ms]
2023-04-16 17:26:42.649 [info] > git for-each-ref --format=%(refname)%00%(upstream:short)%00%(objectname)%00%(upstream:track)%00%(upstream:remotename)%00%(upstream:remoteref) refs/heads/main refs/remotes/main [4ms]
2023-04-16 17:26:42.789 [info] > git status -z -uall [122ms]
2023-04-16 17:26:47.932 [info] > git config --get commit.template [35ms]
2023-04-16 17:26:47.953 [info] > git for-each-ref --format=%(refname)%00%(upstream:short)%00%(objectname)%00%(upstream:track)%00%(upstream:remotename)%00%(upstream:remoteref) refs/heads/main refs/remotes/main [23ms]
2023-04-16 17:26:48.263 [info] > git status -z -uall [246ms]
2023-04-16 17:26:53.359 [info] > git config --get commit.template [9ms]
2023-04-16 17:26:53.397 [info] > git for-each-ref --format=%(refname)%00%(upstream:short)%00%(objectname)%00%(upstream:track)%00%(upstream:remotename)%00%(upstream:remoteref) refs/heads/main refs/remotes/main [11ms]
2023-04-16 17:26:53.783 [info] > git status -z -uall [363ms]
2023-04-16 17:26:58.912 [info] > git config --get commit.template [33ms]
2023-04-16 17:26:58.923 [info] > git for-each-ref --format=%(refname)%00%(upstream:short)%00%(objectname)%00%(upstream:track)%00%(upstream:remotename)%00%(upstream:remoteref) refs/heads/main refs/remotes/main [14ms]
2023-04-16 17:26:59.260 [info] > git status -z -uall [301ms]
2023-04-16 17:27:04.381 [info] > git config --get commit.template [15ms]
2023-04-16 17:27:04.414 [info] > git for-each-ref --format=%(refname)%00%(upstream:short)%00%(objectname)%00%(upstream:track)%00%(upstream:remotename)%00%(upstream:remoteref) refs/heads/main refs/remotes/main [12ms]
2023-04-16 17:27:04.676 [info] > git status -z -uall [233ms]
2023-04-16 17:27:09.802 [info] > git config --get commit.template [37ms]
2023-04-16 17:27:09.808 [info] > git for-each-ref --format=%(refname)%00%(upstream:short)%00%(objectname)%00%(upstream:track)%00%(upstream:remotename)%00%(upstream:remoteref) refs/heads/main refs/remotes/main [9ms]
2023-04-16 17:27:10.130 [info] > git status -z -uall [296ms]
2023-04-16 17:27:15.233 [info] > git config --get commit.template [42ms]
2023-04-16 17:27:15.244 [info] > git for-each-ref --format=%(refname)%00%(upstream:short)%00%(objectname)%00%(upstream:track)%00%(upstream:remotename)%00%(upstream:remoteref) refs/heads/main refs/remotes/main [14ms]
2023-04-16 17:27:15.584 [info] > git status -z -uall [316ms]
2023-04-16 17:27:20.719 [info] > git config --get commit.template [41ms]
2023-04-16 17:27:20.731 [info] > git for-each-ref --format=%(refname)%00%(upstream:short)%00%(objectname)%00%(upstream:track)%00%(upstream:remotename)%00%(upstream:remoteref) refs/heads/main refs/remotes/main [15ms]
2023-04-16 17:27:21.089 [info] > git status -z -uall [320ms]
2023-04-16 17:27:26.213 [info] > git config --get commit.template [35ms]
2023-04-16 17:27:26.215 [info] > git for-each-ref --format=%(refname)%00%(upstream:short)%00%(objectname)%00%(upstream:track)%00%(upstream:remotename)%00%(upstream:remoteref) refs/heads/main refs/remotes/main [10ms]
2023-04-16 17:27:26.493 [info] > git status -z -uall [259ms]
2023-04-16 17:27:31.619 [info] > git config --get commit.template [34ms]
2023-04-16 17:27:31.625 [info] > git for-each-ref --format=%(refname)%00%(upstream:short)%00%(objectname)%00%(upstream:track)%00%(upstream:remotename)%00%(upstream:remoteref) refs/heads/main refs/remotes/main [8ms]
2023-04-16 17:27:31.904 [info] > git status -z -uall [255ms]
2023-04-16 17:27:37.088 [info] > git config --get commit.template [95ms]
2023-04-16 17:27:37.103 [info] > git for-each-ref --format=%(refname)%00%(upstream:short)%00%(objectname)%00%(upstream:track)%00%(upstream:remotename)%00%(upstream:remoteref) refs/heads/main refs/remotes/main [27ms]
2023-04-16 17:27:37.320 [info] > git status -z -uall [192ms]
2023-04-16 17:27:42.445 [info] > git for-each-ref --format=%(refname)%00%(upstream:short)%00%(objectname)%00%(upstream:track)%00%(upstream:remotename)%00%(upstream:remoteref) refs/heads/main refs/remotes/main [23ms]
2023-04-16 17:27:42.448 [info] > git config --get commit.template [56ms]
2023-04-16 17:27:42.755 [info] > git status -z -uall [252ms]
2023-04-16 17:27:47.855 [info] > git config --get commit.template [37ms]
2023-04-16 17:27:47.867 [info] > git for-each-ref --format=%(refname)%00%(upstream:short)%00%(objectname)%00%(upstream:track)%00%(upstream:remotename)%00%(upstream:remoteref) refs/heads/main refs/remotes/main [16ms]
2023-04-16 17:27:48.160 [info] > git status -z -uall [274ms]
2023-04-16 17:27:53.266 [info] > git config --get commit.template [6ms]
2023-04-16 17:27:53.304 [info] > git for-each-ref --format=%(refname)%00%(upstream:short)%00%(objectname)%00%(upstream:track)%00%(upstream:remotename)%00%(upstream:remoteref) refs/heads/main refs/remotes/main [14ms]
2023-04-16 17:27:53.534 [info] > git status -z -uall [204ms]
2023-04-16 17:27:58.630 [info] > git config --get commit.template [7ms]
2023-04-16 17:27:58.673 [info] > git for-each-ref --format=%(refname)%00%(upstream:short)%00%(objectname)%00%(upstream:track)%00%(upstream:remotename)%00%(upstream:remoteref) refs/heads/main refs/remotes/main [18ms]
2023-04-16 17:27:58.920 [info] > git status -z -uall [224ms]
2023-04-16 17:28:04.077 [info] > git config --get commit.template [14ms]
2023-04-16 17:28:04.141 [info] > git for-each-ref --format=%(refname)%00%(upstream:short)%00%(objectname)%00%(upstream:track)%00%(upstream:remotename)%00%(upstream:remoteref) refs/heads/main refs/remotes/main [19ms]
2023-04-16 17:28:04.343 [info] > git status -z -uall [170ms]
2023-04-16 17:28:09.507 [info] > git config --get commit.template [33ms]
2023-04-16 17:28:09.513 [info] > git for-each-ref --format=%(refname)%00%(upstream:short)%00%(objectname)%00%(upstream:track)%00%(upstream:remotename)%00%(upstream:remoteref) refs/heads/main refs/remotes/main [9ms]
2023-04-16 17:28:09.761 [info] > git status -z -uall [224ms]
2023-04-16 17:28:14.856 [info] > git config --get commit.template [26ms]
2023-04-16 17:28:14.863 [info] > git for-each-ref --format=%(refname)%00%(upstream:short)%00%(objectname)%00%(upstream:track)%00%(upstream:remotename)%00%(upstream:remoteref) refs/heads/main refs/remotes/main [9ms]
2023-04-16 17:28:14.978 [info] > git status -z -uall [96ms]
2023-04-16 17:28:20.064 [info] > git config --get commit.template [16ms]
2023-04-16 17:28:20.107 [info] > git for-each-ref --format=%(refname)%00%(upstream:short)%00%(objectname)%00%(upstream:track)%00%(upstream:remotename)%00%(upstream:remoteref) refs/heads/main refs/remotes/main [10ms]
2023-04-16 17:28:20.250 [info] > git status -z -uall [124ms]
