2023-04-16 16:37:33.960 [info] Extension host with pid 5632 started
2023-04-16 16:37:33.960 [info] Skipping acquiring lock for /home/danielazoccari/.config/Code/User/workspaceStorage/ef38076e675e4f3814692a400186508b.
2023-04-16 16:37:36.056 [info] ExtensionService#_doActivateExtension vscode.emmet, startup: false, activationEvent: 'onLanguage'
2023-04-16 16:37:36.214 [info] ExtensionService#_doActivateExtension vscode.html-language-features, startup: false, activationEvent: 'onLanguage:html'
2023-04-16 16:37:36.767 [info] ExtensionService#_doActivateExtension vscode.git-base, startup: true, activationEvent: '*', root cause: vscode.git
2023-04-16 16:37:37.572 [info] ExtensionService#_doActivateExtension vscode.git, startup: true, activationEvent: '*'
2023-04-16 16:37:38.326 [info] ExtensionService#_doActivateExtension vscode.github, startup: true, activationEvent: '*'
2023-04-16 16:37:39.354 [info] Eager extensions activated
2023-04-16 16:37:41.416 [info] Extension host terminating: renderer closed the MessagePort
2023-04-16 16:37:41.933 [error] Canceled: Canceled
	at Object.k [as canceled] (/usr/share/code/resources/app/out/vs/workbench/api/node/extensionHostProcess.js:7:1192)
	at /usr/share/code/resources/app/out/vs/workbench/api/node/extensionHostProcess.js:108:8301
	at Array.forEach (<anonymous>)
	at c.dispose (/usr/share/code/resources/app/out/vs/workbench/api/node/extensionHostProcess.js:108:8266)
	at E.terminate (/usr/share/code/resources/app/out/vs/workbench/api/node/extensionHostProcess.js:110:9366)
	at d.terminate (/usr/share/code/resources/app/out/vs/workbench/api/node/extensionHostProcess.js:114:1544)
	at p (/usr/share/code/resources/app/out/vs/workbench/api/node/extensionHostProcess.js:124:18690)
	at MessagePortMain.<anonymous> (/usr/share/code/resources/app/out/vs/workbench/api/node/extensionHostProcess.js:124:14829)
	at MessagePortMain.emit (node:events:526:28)
	at MessagePortMain._internalPort.emit (node:electron/js2c/utility_init:5:364) setContext undefined
2023-04-16 16:37:41.934 [error] Canceled: Canceled
	at Object.k [as canceled] (/usr/share/code/resources/app/out/vs/workbench/api/node/extensionHostProcess.js:7:1192)
	at /usr/share/code/resources/app/out/vs/workbench/api/node/extensionHostProcess.js:108:8301
	at Array.forEach (<anonymous>)
	at c.dispose (/usr/share/code/resources/app/out/vs/workbench/api/node/extensionHostProcess.js:108:8266)
	at E.terminate (/usr/share/code/resources/app/out/vs/workbench/api/node/extensionHostProcess.js:110:9366)
	at d.terminate (/usr/share/code/resources/app/out/vs/workbench/api/node/extensionHostProcess.js:114:1544)
	at p (/usr/share/code/resources/app/out/vs/workbench/api/node/extensionHostProcess.js:124:18690)
	at MessagePortMain.<anonymous> (/usr/share/code/resources/app/out/vs/workbench/api/node/extensionHostProcess.js:124:14829)
	at MessagePortMain.emit (node:events:526:28)
	at MessagePortMain._internalPort.emit (node:electron/js2c/utility_init:5:364) setContext undefined
2023-04-16 16:37:41.936 [error] Canceled: Canceled
	at Object.k [as canceled] (/usr/share/code/resources/app/out/vs/workbench/api/node/extensionHostProcess.js:7:1192)
	at /usr/share/code/resources/app/out/vs/workbench/api/node/extensionHostProcess.js:108:8301
	at Array.forEach (<anonymous>)
	at c.dispose (/usr/share/code/resources/app/out/vs/workbench/api/node/extensionHostProcess.js:108:8266)
	at E.terminate (/usr/share/code/resources/app/out/vs/workbench/api/node/extensionHostProcess.js:110:9366)
	at d.terminate (/usr/share/code/resources/app/out/vs/workbench/api/node/extensionHostProcess.js:114:1544)
	at p (/usr/share/code/resources/app/out/vs/workbench/api/node/extensionHostProcess.js:124:18690)
	at MessagePortMain.<anonymous> (/usr/share/code/resources/app/out/vs/workbench/api/node/extensionHostProcess.js:124:14829)
	at MessagePortMain.emit (node:events:526:28)
	at MessagePortMain._internalPort.emit (node:electron/js2c/utility_init:5:364) setContext undefined
2023-04-16 16:37:41.936 [error] Canceled: Canceled
	at Object.k [as canceled] (/usr/share/code/resources/app/out/vs/workbench/api/node/extensionHostProcess.js:7:1192)
	at /usr/share/code/resources/app/out/vs/workbench/api/node/extensionHostProcess.js:108:8301
	at Array.forEach (<anonymous>)
	at c.dispose (/usr/share/code/resources/app/out/vs/workbench/api/node/extensionHostProcess.js:108:8266)
	at E.terminate (/usr/share/code/resources/app/out/vs/workbench/api/node/extensionHostProcess.js:110:9366)
	at d.terminate (/usr/share/code/resources/app/out/vs/workbench/api/node/extensionHostProcess.js:114:1544)
	at p (/usr/share/code/resources/app/out/vs/workbench/api/node/extensionHostProcess.js:124:18690)
	at MessagePortMain.<anonymous> (/usr/share/code/resources/app/out/vs/workbench/api/node/extensionHostProcess.js:124:14829)
	at MessagePortMain.emit (node:events:526:28)
	at MessagePortMain._internalPort.emit (node:electron/js2c/utility_init:5:364) setContext undefined
2023-04-16 16:37:41.936 [error] Canceled: Canceled
	at Object.k [as canceled] (/usr/share/code/resources/app/out/vs/workbench/api/node/extensionHostProcess.js:7:1192)
	at /usr/share/code/resources/app/out/vs/workbench/api/node/extensionHostProcess.js:108:8301
	at Array.forEach (<anonymous>)
	at c.dispose (/usr/share/code/resources/app/out/vs/workbench/api/node/extensionHostProcess.js:108:8266)
	at E.terminate (/usr/share/code/resources/app/out/vs/workbench/api/node/extensionHostProcess.js:110:9366)
	at d.terminate (/usr/share/code/resources/app/out/vs/workbench/api/node/extensionHostProcess.js:114:1544)
	at p (/usr/share/code/resources/app/out/vs/workbench/api/node/extensionHostProcess.js:124:18690)
	at MessagePortMain.<anonymous> (/usr/share/code/resources/app/out/vs/workbench/api/node/extensionHostProcess.js:124:14829)
	at MessagePortMain.emit (node:events:526:28)
	at MessagePortMain._internalPort.emit (node:electron/js2c/utility_init:5:364) setContext undefined
2023-04-16 16:37:41.937 [error] Canceled: Canceled
	at Object.k [as canceled] (/usr/share/code/resources/app/out/vs/workbench/api/node/extensionHostProcess.js:7:1192)
	at /usr/share/code/resources/app/out/vs/workbench/api/node/extensionHostProcess.js:108:8301
	at Array.forEach (<anonymous>)
	at c.dispose (/usr/share/code/resources/app/out/vs/workbench/api/node/extensionHostProcess.js:108:8266)
	at E.terminate (/usr/share/code/resources/app/out/vs/workbench/api/node/extensionHostProcess.js:110:9366)
	at d.terminate (/usr/share/code/resources/app/out/vs/workbench/api/node/extensionHostProcess.js:114:1544)
	at p (/usr/share/code/resources/app/out/vs/workbench/api/node/extensionHostProcess.js:124:18690)
	at MessagePortMain.<anonymous> (/usr/share/code/resources/app/out/vs/workbench/api/node/extensionHostProcess.js:124:14829)
	at MessagePortMain.emit (node:events:526:28)
	at MessagePortMain._internalPort.emit (node:electron/js2c/utility_init:5:364) setContext undefined
2023-04-16 16:37:42.020 [error] Canceled: Canceled
	at new l (/usr/share/code/resources/app/out/vs/workbench/api/node/extensionHostProcess.js:98:105190)
	at c.O (/usr/share/code/resources/app/out/vs/workbench/api/node/extensionHostProcess.js:108:11692)
	at G.<computed>.Q.charCodeAt.G.<computed> (/usr/share/code/resources/app/out/vs/workbench/api/node/extensionHostProcess.js:108:8967)
	at m.g (/usr/share/code/resources/app/out/vs/workbench/api/node/extensionHostProcess.js:98:125211)
	at m.executeCommand (/usr/share/code/resources/app/out/vs/workbench/api/node/extensionHostProcess.js:98:124587)
	at L.registerCommand.description (/usr/share/code/resources/app/out/vs/workbench/api/node/extensionHostProcess.js:98:123880)
	at m.h (/usr/share/code/resources/app/out/vs/workbench/api/node/extensionHostProcess.js:98:125797)
	at m.g (/usr/share/code/resources/app/out/vs/workbench/api/node/extensionHostProcess.js:98:124687)
	at m.executeCommand (/usr/share/code/resources/app/out/vs/workbench/api/node/extensionHostProcess.js:98:124587)
	at Object.executeCommand (/usr/share/code/resources/app/out/vs/workbench/api/node/extensionHostProcess.js:114:23801)
	at D (/usr/share/code/resources/app/extensions/git/dist/main.js:2:1467156)
	at E.invoke (/usr/share/code/resources/app/out/vs/workbench/api/node/extensionHostProcess.js:63:145)
	at h.deliver (/usr/share/code/resources/app/out/vs/workbench/api/node/extensionHostProcess.js:63:2121)
	at n.fire (/usr/share/code/resources/app/out/vs/workbench/api/node/extensionHostProcess.js:63:1729)
	at Object.m [as dispose] (/usr/share/code/resources/app/extensions/git/dist/main.js:2:1481885)
	at /usr/share/code/resources/app/extensions/git/dist/main.js:2:1485952
	at Array.forEach (<anonymous>)
	at g.dispose (/usr/share/code/resources/app/extensions/git/dist/main.js:2:1485938)
	at t.<anonymous> (/usr/share/code/resources/app/out/vs/workbench/api/node/extensionHostProcess.js:96:12398)
	at t.dispose (/usr/share/code/resources/app/out/vs/workbench/api/node/extensionHostProcess.js:96:12533)
	at t.<anonymous> (/usr/share/code/resources/app/extensions/git/dist/main.js:2:1469286)
	at t.dispose (/usr/share/code/resources/app/out/vs/workbench/api/node/extensionHostProcess.js:96:12533)
	at C (/usr/share/code/resources/app/out/vs/workbench/api/node/extensionHostProcess.js:10:12084)
	at E.Y (/usr/share/code/resources/app/out/vs/workbench/api/node/extensionHostProcess.js:110:11147)
	at /usr/share/code/resources/app/out/vs/workbench/api/node/extensionHostProcess.js:110:9131
	at Array.map (<anonymous>)
	at E.R (/usr/share/code/resources/app/out/vs/workbench/api/node/extensionHostProcess.js:110:9118)
	at E.terminate (/usr/share/code/resources/app/out/vs/workbench/api/node/extensionHostProcess.js:110:9389)
	at d.terminate (/usr/share/code/resources/app/out/vs/workbench/api/node/extensionHostProcess.js:114:1544)
	at p (/usr/share/code/resources/app/out/vs/workbench/api/node/extensionHostProcess.js:124:18690)
	at MessagePortMain.<anonymous> (/usr/share/code/resources/app/out/vs/workbench/api/node/extensionHostProcess.js:124:14829)
	at MessagePortMain.emit (node:events:526:28)
	at MessagePortMain._internalPort.emit (node:electron/js2c/utility_init:5:364) setContext undefined
2023-04-16 16:37:42.020 [info] Extension host with pid 5632 exiting with code 0
