2023-04-16 16:21:28.110 [info] Reading sessions from keychain...
2023-04-16 16:21:28.110 [info] Getting sessions for all scopes...
2023-04-16 16:21:28.110 [info] Getting sessions for user:email...
2023-04-16 16:21:28.110 [info] Got stored sessions!
2023-04-16 16:21:28.110 [info] Got 1 verified sessions.
2023-04-16 16:21:28.110 [info] Got 1 sessions for ...
2023-04-16 16:21:28.110 [info] Got 0 sessions for user:email...
2023-04-16 16:21:28.111 [info] Getting sessions for all scopes...
2023-04-16 16:21:28.111 [info] Got 1 sessions for ...
2023-04-16 16:21:28.410 [info] Getting sessions for all scopes...
2023-04-16 16:21:28.410 [info] Got 1 sessions for ...
2023-04-16 16:21:29.405 [info] Getting user info...
2023-04-16 16:21:29.752 [info] Got account info!
2023-04-16 16:31:34.833 [info] Getting sessions for user:email...
2023-04-16 16:31:34.834 [info] Got 0 sessions for user:email...
2023-04-16 16:31:38.112 [info] Logging in for the following scopes: user:email
2023-04-16 16:31:38.146 [info] Trying without local server... (user:email)
2023-04-16 16:31:57.423 [info] Exchanging code for token...
2023-04-16 16:31:58.989 [info] Token exchange success!
2023-04-16 16:31:59.007 [info] Getting user info...
2023-04-16 16:31:59.491 [info] Got account info!
2023-04-16 16:31:59.503 [info] Storing 2 sessions...
2023-04-16 16:31:59.746 [info] Reading sessions from keychain...
2023-04-16 16:31:59.747 [info] Stored 2 sessions!
2023-04-16 16:31:59.747 [info] Login success!
2023-04-16 16:31:59.789 [info] Getting sessions for user:email...
2023-04-16 16:31:59.810 [info] Getting sessions for user:email...
2023-04-16 16:31:59.821 [info] Got stored sessions!
2023-04-16 16:31:59.822 [info] Got 2 verified sessions.
2023-04-16 16:31:59.822 [info] Got 1 sessions for user:email...
2023-04-16 16:31:59.822 [info] Got 1 sessions for user:email...
