2023-03-29 15:00:12.215 [info] Log level: Info
2023-03-29 15:00:12.215 [info] Validating found git in: "git"
2023-03-29 15:00:12.215 [info] Using git "2.30.2" from "git"
2023-03-29 15:00:12.215 [info] > git rev-parse --show-toplevel [30ms]
2023-03-29 15:00:12.215 [info] fatal: not a git repository (or any of the parent directories): .git
2023-03-29 15:00:12.215 [info] > git rev-parse --show-toplevel [31ms]
2023-03-29 15:00:12.215 [info] fatal: not a git repository (or any of the parent directories): .git
2023-03-29 15:00:12.215 [info] > git rev-parse --show-toplevel [34ms]
2023-03-29 15:00:12.215 [info] fatal: not a git repository (or any of the parent directories): .git
2023-03-29 15:00:12.215 [info] > git rev-parse --show-toplevel [20ms]
2023-03-29 15:00:12.215 [info] fatal: not a git repository (or any of the parent directories): .git
2023-03-29 15:00:12.215 [info] > git rev-parse --show-toplevel [16ms]
2023-03-29 15:00:12.215 [info] fatal: not a git repository (or any of the parent directories): .git
2023-03-29 15:00:12.215 [info] > git rev-parse --show-toplevel [11ms]
2023-03-29 15:00:12.215 [info] fatal: not a git repository (or any of the parent directories): .git
2023-03-29 15:00:12.215 [info] > git rev-parse --show-toplevel [5ms]
2023-03-29 15:00:12.215 [info] fatal: not a git repository (or any of the parent directories): .git
2023-03-29 15:00:12.215 [info] > git rev-parse --show-toplevel [47ms]
2023-03-29 15:00:12.215 [info] fatal: not a git repository (or any of the parent directories): .git
2023-03-29 15:00:14.964 [info] > git rev-parse --show-toplevel [31ms]
2023-03-29 15:00:14.964 [info] fatal: not a git repository (or any of the parent directories): .git
2023-03-29 15:00:15.187 [info] > git rev-parse --show-toplevel [4ms]
2023-03-29 15:00:15.187 [info] fatal: not a git repository (or any of the parent directories): .git
2023-03-29 15:00:15.717 [info] > git rev-parse --show-toplevel [16ms]
2023-03-29 15:00:15.717 [info] fatal: not a git repository (or any of the parent directories): .git
2023-03-29 15:00:16.696 [info] > git rev-parse --show-toplevel [9ms]
2023-03-29 15:00:16.696 [info] fatal: not a git repository (or any of the parent directories): .git
2023-03-29 15:00:21.936 [info] > git rev-parse --show-toplevel [3ms]
2023-03-29 15:00:21.937 [info] fatal: not a git repository (or any of the parent directories): .git
2023-03-29 15:00:22.473 [info] > git rev-parse --show-toplevel [48ms]
2023-03-29 15:00:22.473 [info] fatal: not a git repository (or any of the parent directories): .git
2023-03-29 15:00:26.336 [info] > git rev-parse --show-toplevel [5ms]
2023-03-29 15:00:26.337 [info] fatal: not a git repository (or any of the parent directories): .git
2023-03-29 15:00:26.679 [info] > git rev-parse --show-toplevel [8ms]
2023-03-29 15:00:26.680 [info] fatal: not a git repository (or any of the parent directories): .git
2023-03-29 15:00:27.816 [info] > git rev-parse --show-toplevel [4ms]
2023-03-29 15:00:27.816 [info] fatal: not a git repository (or any of the parent directories): .git
2023-03-29 15:00:30.214 [info] > git rev-parse --show-toplevel [15ms]
2023-03-29 15:00:30.214 [info] fatal: not a git repository (or any of the parent directories): .git
2023-03-29 15:01:29.767 [info] > git rev-parse --show-toplevel [51ms]
2023-03-29 15:01:29.767 [info] fatal: not a git repository (or any of the parent directories): .git
2023-03-29 15:09:37.705 [info] > git rev-parse --show-toplevel [16ms]
2023-03-29 15:09:37.705 [info] fatal: not a git repository (or any of the parent directories): .git
