2023-04-16 16:35:54.539 [info] Extension host with pid 5462 started
2023-04-16 16:35:54.539 [info] Skipping acquiring lock for /home/danielazoccari/.config/Code/User/workspaceStorage/ef38076e675e4f3814692a400186508b.
2023-04-16 16:35:58.210 [info] ExtensionService#_doActivateExtension vscode.emmet, startup: false, activationEvent: 'onLanguage'
2023-04-16 16:35:58.274 [info] ExtensionService#_doActivateExtension vscode.html-language-features, startup: false, activationEvent: 'onLanguage:html'
2023-04-16 16:35:58.762 [info] ExtensionService#_doActivateExtension vscode.git-base, startup: true, activationEvent: '*', root cause: vscode.git
2023-04-16 16:35:59.435 [info] Extension host terminating: renderer closed the MessagePort
2023-04-16 16:35:59.502 [info] Extension host with pid 5462 exiting with code 0
2023-04-16 16:35:59.551 [info] Eager extensions activated
2023-04-16 16:35:59.590 [error] Activating extension vscode.debug-auto-launch failed due to an error:
2023-04-16 16:35:59.590 [error] Canceled: Canceled
	at new l (/usr/share/code/resources/app/out/vs/workbench/api/node/extensionHostProcess.js:98:105190)
	at c.O (/usr/share/code/resources/app/out/vs/workbench/api/node/extensionHostProcess.js:108:11692)
	at G.<computed>.Q.charCodeAt.G.<computed> (/usr/share/code/resources/app/out/vs/workbench/api/node/extensionHostProcess.js:108:8967)
	at E.Z (/usr/share/code/resources/app/out/vs/workbench/api/node/extensionHostProcess.js:110:11401)
	at Object.actualActivateExtension (/usr/share/code/resources/app/out/vs/workbench/api/node/extensionHostProcess.js:110:8634)
	at E.n (/usr/share/code/resources/app/out/vs/workbench/api/node/extensionHostProcess.js:96:6659)
	at E.m (/usr/share/code/resources/app/out/vs/workbench/api/node/extensionHostProcess.js:96:6620)
	at E.l (/usr/share/code/resources/app/out/vs/workbench/api/node/extensionHostProcess.js:96:6077)
	at new E (/usr/share/code/resources/app/out/vs/workbench/api/node/extensionHostProcess.js:96:6004)
	at I.k (/usr/share/code/resources/app/out/vs/workbench/api/node/extensionHostProcess.js:96:5513)
	at I.j (/usr/share/code/resources/app/out/vs/workbench/api/node/extensionHostProcess.js:96:5468)
	at /usr/share/code/resources/app/out/vs/workbench/api/node/extensionHostProcess.js:96:4389
	at Array.map (<anonymous>)
	at I.h (/usr/share/code/resources/app/out/vs/workbench/api/node/extensionHostProcess.js:96:4377)
	at I.activateById (/usr/share/code/resources/app/out/vs/workbench/api/node/extensionHostProcess.js:96:4289)
	at E.U (/usr/share/code/resources/app/out/vs/workbench/api/node/extensionHostProcess.js:110:9944)
	at E.fb (/usr/share/code/resources/app/out/vs/workbench/api/node/extensionHostProcess.js:110:14886)
	at /usr/share/code/resources/app/out/vs/workbench/api/node/extensionHostProcess.js:110:15570
2023-04-16 16:35:59.596 [error] Activating extension vscode.merge-conflict failed due to an error:
2023-04-16 16:35:59.597 [error] Canceled: Canceled
	at new l (/usr/share/code/resources/app/out/vs/workbench/api/node/extensionHostProcess.js:98:105190)
	at c.O (/usr/share/code/resources/app/out/vs/workbench/api/node/extensionHostProcess.js:108:11692)
	at G.<computed>.Q.charCodeAt.G.<computed> (/usr/share/code/resources/app/out/vs/workbench/api/node/extensionHostProcess.js:108:8967)
	at E.Z (/usr/share/code/resources/app/out/vs/workbench/api/node/extensionHostProcess.js:110:11401)
	at Object.actualActivateExtension (/usr/share/code/resources/app/out/vs/workbench/api/node/extensionHostProcess.js:110:8634)
	at E.n (/usr/share/code/resources/app/out/vs/workbench/api/node/extensionHostProcess.js:96:6659)
	at E.m (/usr/share/code/resources/app/out/vs/workbench/api/node/extensionHostProcess.js:96:6620)
	at E.l (/usr/share/code/resources/app/out/vs/workbench/api/node/extensionHostProcess.js:96:6077)
	at new E (/usr/share/code/resources/app/out/vs/workbench/api/node/extensionHostProcess.js:96:6004)
	at I.k (/usr/share/code/resources/app/out/vs/workbench/api/node/extensionHostProcess.js:96:5513)
	at I.j (/usr/share/code/resources/app/out/vs/workbench/api/node/extensionHostProcess.js:96:5468)
	at /usr/share/code/resources/app/out/vs/workbench/api/node/extensionHostProcess.js:96:4389
	at Array.map (<anonymous>)
	at I.h (/usr/share/code/resources/app/out/vs/workbench/api/node/extensionHostProcess.js:96:4377)
	at I.activateById (/usr/share/code/resources/app/out/vs/workbench/api/node/extensionHostProcess.js:96:4289)
	at E.U (/usr/share/code/resources/app/out/vs/workbench/api/node/extensionHostProcess.js:110:9944)
	at E.fb (/usr/share/code/resources/app/out/vs/workbench/api/node/extensionHostProcess.js:110:14886)
	at /usr/share/code/resources/app/out/vs/workbench/api/node/extensionHostProcess.js:110:15570
2023-04-16 16:35:59.602 [error] Activating extension ritwickdey.LiveServer failed due to an error:
2023-04-16 16:35:59.602 [error] Canceled: Canceled
	at new l (/usr/share/code/resources/app/out/vs/workbench/api/node/extensionHostProcess.js:98:105190)
	at c.O (/usr/share/code/resources/app/out/vs/workbench/api/node/extensionHostProcess.js:108:11692)
	at G.<computed>.Q.charCodeAt.G.<computed> (/usr/share/code/resources/app/out/vs/workbench/api/node/extensionHostProcess.js:108:8967)
	at E.Z (/usr/share/code/resources/app/out/vs/workbench/api/node/extensionHostProcess.js:110:11401)
	at Object.actualActivateExtension (/usr/share/code/resources/app/out/vs/workbench/api/node/extensionHostProcess.js:110:8634)
	at E.n (/usr/share/code/resources/app/out/vs/workbench/api/node/extensionHostProcess.js:96:6659)
	at E.m (/usr/share/code/resources/app/out/vs/workbench/api/node/extensionHostProcess.js:96:6620)
	at E.l (/usr/share/code/resources/app/out/vs/workbench/api/node/extensionHostProcess.js:96:6077)
	at new E (/usr/share/code/resources/app/out/vs/workbench/api/node/extensionHostProcess.js:96:6004)
	at I.k (/usr/share/code/resources/app/out/vs/workbench/api/node/extensionHostProcess.js:96:5513)
	at I.j (/usr/share/code/resources/app/out/vs/workbench/api/node/extensionHostProcess.js:96:5468)
	at /usr/share/code/resources/app/out/vs/workbench/api/node/extensionHostProcess.js:96:4389
	at Array.map (<anonymous>)
	at I.h (/usr/share/code/resources/app/out/vs/workbench/api/node/extensionHostProcess.js:96:4377)
	at I.activateById (/usr/share/code/resources/app/out/vs/workbench/api/node/extensionHostProcess.js:96:4289)
	at E.U (/usr/share/code/resources/app/out/vs/workbench/api/node/extensionHostProcess.js:110:9944)
	at E.fb (/usr/share/code/resources/app/out/vs/workbench/api/node/extensionHostProcess.js:110:14886)
	at /usr/share/code/resources/app/out/vs/workbench/api/node/extensionHostProcess.js:110:15570
