2023-04-15 11:29:03.937 [info] Log level: Info
2023-04-15 11:29:03.937 [info] Validating found git in: "git"
2023-04-15 11:29:03.937 [info] Using git "2.30.2" from "git"
2023-04-15 11:29:03.937 [info] > git rev-parse --show-toplevel [10ms]
2023-04-15 11:29:03.937 [info] > git rev-parse --git-dir --git-common-dir [29ms]
2023-04-15 11:29:03.937 [info] Open repository: /home/danielazoccari
2023-04-15 11:29:03.938 [info] > git rev-parse --show-toplevel [34ms]
2023-04-15 11:29:03.938 [info] > git config --get commit.template [77ms]
2023-04-15 11:29:03.938 [info] > git rev-parse --show-toplevel [52ms]
2023-04-15 11:29:03.938 [info] > git for-each-ref --format=%(refname)%00%(upstream:short)%00%(objectname)%00%(upstream:track)%00%(upstream:remotename)%00%(upstream:remoteref) refs/heads/main refs/remotes/main [7ms]
2023-04-15 11:29:03.938 [info] > git rev-parse --show-toplevel [44ms]
2023-04-15 11:29:03.938 [info] > git rev-parse --show-toplevel [4ms]
2023-04-15 11:29:03.938 [info] > git rev-parse --show-toplevel [22ms]
2023-04-15 11:29:03.938 [info] > git rev-parse --show-toplevel [27ms]
2023-04-15 11:29:03.938 [info] > git status -z -uall [221ms]
2023-04-15 11:29:03.938 [info] > git rev-parse --show-toplevel [31ms]
2023-04-15 11:29:03.938 [info] > git rev-parse --show-toplevel [568ms]
2023-04-15 11:29:03.938 [info] > git rev-parse --show-toplevel [112ms]
2023-04-15 11:29:03.938 [info] > git config --get commit.template [160ms]
2023-04-15 11:29:03.938 [info] > git for-each-ref --format=%(refname)%00%(upstream:short)%00%(objectname)%00%(upstream:track)%00%(upstream:remotename)%00%(upstream:remoteref) refs/heads/main refs/remotes/main [8ms]
2023-04-15 11:29:03.938 [info] > git status -z -uall [182ms]
2023-04-15 11:29:03.938 [info] > git check-ignore -v -z --stdin [54ms]
2023-04-15 11:29:03.938 [info] > git log --format=%H%n%aN%n%aE%n%at%n%ct%n%P%n%D%n%B -z -n133 -- /home/danielazoccari/Pre-Corso.Ch2/registrazione.html [23ms]
2023-04-15 11:29:05.465 [info] > git show --textconv :Pre-Corso.Ch2/registrazione.html [11ms]
2023-04-15 11:29:05.474 [info] > git ls-files --stage -- /home/danielazoccari/Pre-Corso.Ch2/registrazione.html [10ms]
2023-04-15 11:29:08.272 [info] > git config --get commit.template [15ms]
2023-04-15 11:29:08.348 [info] > git for-each-ref --format=%(refname)%00%(upstream:short)%00%(objectname)%00%(upstream:track)%00%(upstream:remotename)%00%(upstream:remoteref) refs/heads/main refs/remotes/main [39ms]
2023-04-15 11:29:08.456 [info] > git status -z -uall [93ms]
2023-04-15 11:29:13.569 [info] > git config --get commit.template [25ms]
2023-04-15 11:29:13.572 [info] > git for-each-ref --format=%(refname)%00%(upstream:short)%00%(objectname)%00%(upstream:track)%00%(upstream:remotename)%00%(upstream:remoteref) refs/heads/main refs/remotes/main [5ms]
2023-04-15 11:29:13.679 [info] > git status -z -uall [99ms]
2023-04-15 11:29:16.140 [info] > git for-each-ref --sort -committerdate --format %(refname) %(objectname) %(*objectname) [14ms]
2023-04-15 11:29:18.747 [info] > git config --get commit.template [21ms]
2023-04-15 11:29:18.758 [info] > git for-each-ref --format=%(refname)%00%(upstream:short)%00%(objectname)%00%(upstream:track)%00%(upstream:remotename)%00%(upstream:remoteref) refs/heads/main refs/remotes/main [12ms]
2023-04-15 11:29:18.891 [info] > git status -z -uall [119ms]
2023-04-15 11:29:19.419 [info] > git checkout -q main [135ms]
2023-04-15 11:29:19.438 [info] > git config --get commit.template [4ms]
2023-04-15 11:29:19.450 [info] > git for-each-ref --format=%(refname)%00%(upstream:short)%00%(objectname)%00%(upstream:track)%00%(upstream:remotename)%00%(upstream:remoteref) refs/heads/main refs/remotes/main [1ms]
2023-04-15 11:29:19.560 [info] > git status -z -uall [101ms]
2023-04-15 11:29:20.117 [info] > git log --format=%H%n%aN%n%aE%n%at%n%ct%n%P%n%D%n%B -z -n133 -- /home/danielazoccari/Pre-Corso.Ch2/registrazione.html [5ms]
2023-04-15 11:29:20.710 [info] > git ls-files --stage -- /home/danielazoccari/Pre-Corso.Ch2/registrazione.html [3ms]
2023-04-15 11:29:20.723 [info] > git show --textconv :Pre-Corso.Ch2/registrazione.html [4ms]
2023-04-15 11:29:23.955 [info] > git config --get commit.template [2ms]
2023-04-15 11:29:23.976 [info] > git for-each-ref --format=%(refname)%00%(upstream:short)%00%(objectname)%00%(upstream:track)%00%(upstream:remotename)%00%(upstream:remoteref) refs/heads/main refs/remotes/main [2ms]
2023-04-15 11:29:24.062 [info] > git check-ignore -v -z --stdin [20ms]
2023-04-15 11:29:24.110 [info] > git status -z -uall [121ms]
2023-04-15 11:29:29.278 [info] > git config --get commit.template [14ms]
2023-04-15 11:29:29.279 [info] > git for-each-ref --format=%(refname)%00%(upstream:short)%00%(objectname)%00%(upstream:track)%00%(upstream:remotename)%00%(upstream:remoteref) refs/heads/main refs/remotes/main [4ms]
2023-04-15 11:29:29.429 [info] > git status -z -uall [130ms]
2023-04-15 11:29:34.509 [info] > git config --get commit.template [4ms]
2023-04-15 11:29:34.534 [info] > git for-each-ref --format=%(refname)%00%(upstream:short)%00%(objectname)%00%(upstream:track)%00%(upstream:remotename)%00%(upstream:remoteref) refs/heads/main refs/remotes/main [14ms]
2023-04-15 11:29:34.705 [info] > git status -z -uall [145ms]
2023-04-15 11:29:35.343 [info] > git push [1ms]
2023-04-15 11:29:35.348 [info] fatal: The current branch main has no upstream branch.
To push the current branch and set the remote as upstream, use

    git push --set-upstream origin main
2023-04-15 11:29:35.394 [info] > git config --get commit.template [10ms]
2023-04-15 11:29:35.422 [info] > git for-each-ref --format=%(refname)%00%(upstream:short)%00%(objectname)%00%(upstream:track)%00%(upstream:remotename)%00%(upstream:remoteref) refs/heads/main refs/remotes/main [17ms]
2023-04-15 11:29:35.589 [info] > git status -z -uall [155ms]
2023-04-15 11:32:15.664 [info] > git push -u origin main [152546ms]
2023-04-15 11:32:15.664 [info] To https://github.com/daniells-21/Pre-Corso-Ch2.git
 * [new branch]      main -> main
2023-04-15 11:32:15.679 [info] > git config --get commit.template [2ms]
2023-04-15 11:32:15.697 [info] > git for-each-ref --format=%(refname)%00%(upstream:short)%00%(objectname)%00%(upstream:track)%00%(upstream:remotename)%00%(upstream:remoteref) refs/heads/main refs/remotes/main [6ms]
2023-04-15 11:32:15.822 [info] > git status -z -uall [114ms]
2023-04-15 11:32:15.950 [info] > git config --get commit.template [4ms]
2023-04-15 11:32:16.311 [info] > git for-each-ref --format=%(refname)%00%(upstream:short)%00%(objectname)%00%(upstream:track)%00%(upstream:remotename)%00%(upstream:remoteref) refs/heads/main refs/remotes/main [30ms]
2023-04-15 11:32:16.483 [info] > git status -z -uall [153ms]
2023-04-15 11:32:18.088 [info] > git ls-files --stage -- /home/danielazoccari/Pre-Corso.Ch2/registrazione.html [18ms]
2023-04-15 11:32:18.246 [info] > git show --textconv :Pre-Corso.Ch2/registrazione.html [14ms]
2023-04-15 11:32:18.629 [info] > git check-ignore -v -z --stdin [18ms]
2023-04-15 11:32:21.625 [info] > git config --get commit.template [48ms]
2023-04-15 11:32:21.630 [info] > git for-each-ref --format=%(refname)%00%(upstream:short)%00%(objectname)%00%(upstream:track)%00%(upstream:remotename)%00%(upstream:remoteref) refs/heads/main refs/remotes/main [10ms]
2023-04-15 11:32:21.744 [info] > git status -z -uall [102ms]
2023-04-15 11:32:26.807 [info] > git config --get commit.template [2ms]
2023-04-15 11:32:26.829 [info] > git for-each-ref --format=%(refname)%00%(upstream:short)%00%(objectname)%00%(upstream:track)%00%(upstream:remotename)%00%(upstream:remoteref) refs/heads/main refs/remotes/main [3ms]
2023-04-15 11:32:26.927 [info] > git status -z -uall [87ms]
2023-04-15 11:32:32.018 [info] > git config --get commit.template [11ms]
2023-04-15 11:32:32.029 [info] > git for-each-ref --format=%(refname)%00%(upstream:short)%00%(objectname)%00%(upstream:track)%00%(upstream:remotename)%00%(upstream:remoteref) refs/heads/main refs/remotes/main [2ms]
2023-04-15 11:32:32.125 [info] > git status -z -uall [87ms]
2023-04-15 11:32:37.188 [info] > git config --get commit.template [15ms]
2023-04-15 11:32:37.214 [info] > git for-each-ref --format=%(refname)%00%(upstream:short)%00%(objectname)%00%(upstream:track)%00%(upstream:remotename)%00%(upstream:remoteref) refs/heads/main refs/remotes/main [7ms]
2023-04-15 11:32:37.307 [info] > git status -z -uall [85ms]
2023-04-15 11:32:42.374 [info] > git config --get commit.template [20ms]
2023-04-15 11:32:42.376 [info] > git for-each-ref --format=%(refname)%00%(upstream:short)%00%(objectname)%00%(upstream:track)%00%(upstream:remotename)%00%(upstream:remoteref) refs/heads/main refs/remotes/main [3ms]
2023-04-15 11:32:42.470 [info] > git status -z -uall [86ms]
2023-04-15 11:32:47.560 [info] > git config --get commit.template [11ms]
2023-04-15 11:32:47.562 [info] > git for-each-ref --format=%(refname)%00%(upstream:short)%00%(objectname)%00%(upstream:track)%00%(upstream:remotename)%00%(upstream:remoteref) refs/heads/main refs/remotes/main [4ms]
2023-04-15 11:32:47.668 [info] > git status -z -uall [93ms]
2023-04-15 11:32:52.756 [info] > git config --get commit.template [19ms]
2023-04-15 11:32:52.757 [info] > git for-each-ref --format=%(refname)%00%(upstream:short)%00%(objectname)%00%(upstream:track)%00%(upstream:remotename)%00%(upstream:remoteref) refs/heads/main refs/remotes/main [2ms]
2023-04-15 11:32:52.855 [info] > git status -z -uall [91ms]
2023-04-15 11:32:57.900 [info] > git config --get commit.template [3ms]
2023-04-15 11:32:57.920 [info] > git for-each-ref --format=%(refname)%00%(upstream:short)%00%(objectname)%00%(upstream:track)%00%(upstream:remotename)%00%(upstream:remoteref) refs/heads/main refs/remotes/main [8ms]
2023-04-15 11:32:58.021 [info] > git status -z -uall [86ms]
2023-04-15 11:33:03.096 [info] > git config --get commit.template [4ms]
2023-04-15 11:33:03.117 [info] > git for-each-ref --format=%(refname)%00%(upstream:short)%00%(objectname)%00%(upstream:track)%00%(upstream:remotename)%00%(upstream:remoteref) refs/heads/main refs/remotes/main [3ms]
2023-04-15 11:33:03.215 [info] > git status -z -uall [92ms]
2023-04-15 11:33:08.284 [info] > git config --get commit.template [3ms]
2023-04-15 11:33:08.297 [info] > git for-each-ref --format=%(refname)%00%(upstream:short)%00%(objectname)%00%(upstream:track)%00%(upstream:remotename)%00%(upstream:remoteref) refs/heads/main refs/remotes/main [4ms]
2023-04-15 11:33:08.401 [info] > git status -z -uall [95ms]
2023-04-15 11:33:13.503 [info] > git config --get commit.template [15ms]
2023-04-15 11:33:13.504 [info] > git for-each-ref --format=%(refname)%00%(upstream:short)%00%(objectname)%00%(upstream:track)%00%(upstream:remotename)%00%(upstream:remoteref) refs/heads/main refs/remotes/main [2ms]
2023-04-15 11:33:13.606 [info] > git status -z -uall [94ms]
2023-04-15 11:33:18.692 [info] > git config --get commit.template [14ms]
2023-04-15 11:33:18.696 [info] > git for-each-ref --format=%(refname)%00%(upstream:short)%00%(objectname)%00%(upstream:track)%00%(upstream:remotename)%00%(upstream:remoteref) refs/heads/main refs/remotes/main [6ms]
2023-04-15 11:33:18.819 [info] > git status -z -uall [114ms]
2023-04-15 11:33:23.901 [info] > git config --get commit.template [15ms]
2023-04-15 11:33:23.908 [info] > git for-each-ref --format=%(refname)%00%(upstream:short)%00%(objectname)%00%(upstream:track)%00%(upstream:remotename)%00%(upstream:remoteref) refs/heads/main refs/remotes/main [8ms]
2023-04-15 11:33:24.013 [info] > git status -z -uall [91ms]
2023-04-15 11:33:29.069 [info] > git config --get commit.template [3ms]
2023-04-15 11:33:29.080 [info] > git for-each-ref --format=%(refname)%00%(upstream:short)%00%(objectname)%00%(upstream:track)%00%(upstream:remotename)%00%(upstream:remoteref) refs/heads/main refs/remotes/main [1ms]
2023-04-15 11:33:29.178 [info] > git status -z -uall [91ms]
2023-04-15 11:33:34.240 [info] > git config --get commit.template [3ms]
2023-04-15 11:33:34.267 [info] > git for-each-ref --format=%(refname)%00%(upstream:short)%00%(objectname)%00%(upstream:track)%00%(upstream:remotename)%00%(upstream:remoteref) refs/heads/main refs/remotes/main [3ms]
2023-04-15 11:33:34.391 [info] > git status -z -uall [112ms]
2023-04-15 11:33:39.456 [info] > git config --get commit.template [3ms]
2023-04-15 11:33:39.485 [info] > git for-each-ref --format=%(refname)%00%(upstream:short)%00%(objectname)%00%(upstream:track)%00%(upstream:remotename)%00%(upstream:remoteref) refs/heads/main refs/remotes/main [6ms]
2023-04-15 11:33:39.582 [info] > git status -z -uall [90ms]
2023-04-15 11:33:44.665 [info] > git config --get commit.template [2ms]
2023-04-15 11:33:44.678 [info] > git for-each-ref --format=%(refname)%00%(upstream:short)%00%(objectname)%00%(upstream:track)%00%(upstream:remotename)%00%(upstream:remoteref) refs/heads/main refs/remotes/main [3ms]
2023-04-15 11:33:44.770 [info] > git status -z -uall [83ms]
2023-04-15 11:33:49.891 [info] > git config --get commit.template [21ms]
2023-04-15 11:33:49.896 [info] > git for-each-ref --format=%(refname)%00%(upstream:short)%00%(objectname)%00%(upstream:track)%00%(upstream:remotename)%00%(upstream:remoteref) refs/heads/main refs/remotes/main [6ms]
2023-04-15 11:33:50.047 [info] > git status -z -uall [140ms]
2023-04-15 11:33:55.155 [info] > git config --get commit.template [14ms]
2023-04-15 11:33:55.156 [info] > git for-each-ref --format=%(refname)%00%(upstream:short)%00%(objectname)%00%(upstream:track)%00%(upstream:remotename)%00%(upstream:remoteref) refs/heads/main refs/remotes/main [6ms]
2023-04-15 11:33:55.269 [info] > git status -z -uall [101ms]
2023-04-15 11:35:29.518 [info] > git for-each-ref --format=%(refname)%00%(upstream:short)%00%(objectname)%00%(upstream:track)%00%(upstream:remotename)%00%(upstream:remoteref) refs/heads/main refs/remotes/main [2ms]
2023-04-15 11:35:29.519 [info] > git config --get commit.template [16ms]
2023-04-15 11:35:29.643 [info] > git status -z -uall [118ms]
2023-04-15 11:35:47.638 [info] > git config --get commit.template [27ms]
2023-04-15 11:35:47.698 [info] > git for-each-ref --format=%(refname)%00%(upstream:short)%00%(objectname)%00%(upstream:track)%00%(upstream:remotename)%00%(upstream:remoteref) refs/heads/main refs/remotes/main [74ms]
2023-04-15 11:35:47.905 [info] > git status -z -uall [185ms]
2023-04-15 13:48:59.979 [info] > git config --get commit.template [153ms]
2023-04-15 13:49:00.006 [info] > git for-each-ref --format=%(refname)%00%(upstream:short)%00%(objectname)%00%(upstream:track)%00%(upstream:remotename)%00%(upstream:remoteref) refs/heads/main refs/remotes/main [96ms]
2023-04-15 13:49:01.052 [info] > git status -z -uall [943ms]
2023-04-15 13:49:06.413 [info] > git config --get commit.template [54ms]
2023-04-15 13:49:06.425 [info] > git for-each-ref --format=%(refname)%00%(upstream:short)%00%(objectname)%00%(upstream:track)%00%(upstream:remotename)%00%(upstream:remoteref) refs/heads/main refs/remotes/main [12ms]
2023-04-15 13:49:06.804 [info] > git status -z -uall [327ms]
