2023-04-16 16:38:14.205 [info] Extension host with pid 5784 started
2023-04-16 16:38:14.205 [info] Skipping acquiring lock for /home/danielazoccari/.config/Code/User/workspaceStorage/ef38076e675e4f3814692a400186508b.
2023-04-16 16:38:14.929 [info] ExtensionService#_doActivateExtension vscode.emmet, startup: false, activationEvent: 'onLanguage'
2023-04-16 16:38:14.966 [info] ExtensionService#_doActivateExtension vscode.html-language-features, startup: false, activationEvent: 'onLanguage:html'
2023-04-16 16:38:15.936 [info] ExtensionService#_doActivateExtension vscode.git-base, startup: true, activationEvent: '*', root cause: vscode.git
2023-04-16 16:38:16.998 [info] ExtensionService#_doActivateExtension vscode.git, startup: true, activationEvent: '*'
2023-04-16 16:38:17.296 [info] ExtensionService#_doActivateExtension vscode.github, startup: true, activationEvent: '*'
2023-04-16 16:38:18.223 [info] Eager extensions activated
2023-04-16 16:38:19.336 [info] ExtensionService#_doActivateExtension vscode.debug-auto-launch, startup: false, activationEvent: 'onStartupFinished'
2023-04-16 16:38:19.403 [info] ExtensionService#_doActivateExtension vscode.merge-conflict, startup: false, activationEvent: 'onStartupFinished'
2023-04-16 16:38:19.539 [info] ExtensionService#_doActivateExtension ritwickdey.LiveServer, startup: false, activationEvent: 'onStartupFinished'
2023-04-16 16:38:19.871 [warning] [Decorations] CAPPING events from decorations provider vscode.git 906
2023-04-16 16:38:23.051 [warning] [Decorations] CAPPING events from decorations provider vscode.git 907
2023-04-16 16:38:25.491 [info] ExtensionService#_doActivateExtension vscode.github-authentication, startup: false, activationEvent: 'onAuthenticationRequest:github'
2023-04-16 16:38:26.124 [info] ExtensionService#_doActivateExtension vscode.microsoft-authentication, startup: false, activationEvent: 'onAuthenticationRequest:microsoft'
2023-04-16 16:38:28.305 [info] ExtensionService#_doActivateExtension vscode.configuration-editing, startup: false, activationEvent: 'onLanguage:jsonc'
2023-04-16 16:38:28.362 [info] ExtensionService#_doActivateExtension vscode.json-language-features, startup: false, activationEvent: 'onLanguage:jsonc'
2023-04-16 16:38:28.618 [info] ExtensionService#_doActivateExtension vscode.typescript-language-features, startup: false, activationEvent: 'onLanguage:jsonc'
2023-04-16 16:38:33.754 [warning] [Decorations] CAPPING events from decorations provider vscode.git 887
2023-04-16 16:38:39.312 [warning] [Decorations] CAPPING events from decorations provider vscode.git 887
2023-04-16 16:38:44.845 [warning] [Decorations] CAPPING events from decorations provider vscode.git 887
2023-04-16 16:38:50.356 [warning] [Decorations] CAPPING events from decorations provider vscode.git 887
2023-04-16 16:38:55.842 [warning] [Decorations] CAPPING events from decorations provider vscode.git 887
2023-04-16 16:39:01.424 [warning] [Decorations] CAPPING events from decorations provider vscode.git 887
2023-04-16 16:39:07.054 [warning] [Decorations] CAPPING events from decorations provider vscode.git 887
2023-04-16 16:39:12.397 [warning] [Decorations] CAPPING events from decorations provider vscode.git 887
2023-04-16 16:39:17.977 [warning] [Decorations] CAPPING events from decorations provider vscode.git 887
2023-04-16 16:39:23.487 [warning] [Decorations] CAPPING events from decorations provider vscode.git 887
2023-04-16 16:39:28.833 [warning] [Decorations] CAPPING events from decorations provider vscode.git 887
2023-04-16 16:39:34.274 [warning] [Decorations] CAPPING events from decorations provider vscode.git 887
2023-04-16 16:39:39.797 [warning] [Decorations] CAPPING events from decorations provider vscode.git 887
2023-04-16 16:39:45.202 [warning] [Decorations] CAPPING events from decorations provider vscode.git 887
2023-04-16 16:39:50.482 [warning] [Decorations] CAPPING events from decorations provider vscode.git 887
2023-04-16 16:39:55.699 [warning] [Decorations] CAPPING events from decorations provider vscode.git 887
2023-04-16 16:40:00.876 [warning] [Decorations] CAPPING events from decorations provider vscode.git 887
2023-04-16 16:40:06.012 [warning] [Decorations] CAPPING events from decorations provider vscode.git 887
2023-04-16 16:40:11.163 [warning] [Decorations] CAPPING events from decorations provider vscode.git 887
2023-04-16 16:40:16.304 [warning] [Decorations] CAPPING events from decorations provider vscode.git 887
2023-04-16 16:40:21.469 [warning] [Decorations] CAPPING events from decorations provider vscode.git 887
2023-04-16 16:40:26.624 [warning] [Decorations] CAPPING events from decorations provider vscode.git 887
2023-04-16 16:40:31.777 [warning] [Decorations] CAPPING events from decorations provider vscode.git 887
2023-04-16 16:40:36.944 [warning] [Decorations] CAPPING events from decorations provider vscode.git 887
2023-04-16 16:40:42.166 [warning] [Decorations] CAPPING events from decorations provider vscode.git 887
2023-04-16 16:40:47.395 [warning] [Decorations] CAPPING events from decorations provider vscode.git 887
2023-04-16 16:40:52.637 [warning] [Decorations] CAPPING events from decorations provider vscode.git 887
2023-04-16 16:40:58.668 [warning] [Decorations] CAPPING events from decorations provider vscode.git 887
2023-04-16 16:41:51.379 [warning] [Decorations] CAPPING events from decorations provider vscode.git 888
2023-04-16 16:41:55.656 [error] [vscode.html-language-features] provider FAILED
2023-04-16 16:41:55.665 [error] Error: INVALID selection range, must contain the previous range
	at Ee.provideSelectionRanges (/usr/share/code/resources/app/out/vs/workbench/api/node/extensionHostProcess.js:100:60345)
2023-04-16 16:41:57.489 [warning] [Decorations] CAPPING events from decorations provider vscode.git 888
2023-04-16 16:42:03.343 [warning] [Decorations] CAPPING events from decorations provider vscode.git 887
2023-04-16 16:42:09.108 [warning] [Decorations] CAPPING events from decorations provider vscode.git 887
2023-04-16 16:42:14.992 [warning] [Decorations] CAPPING events from decorations provider vscode.git 887
2023-04-16 16:42:20.930 [warning] [Decorations] CAPPING events from decorations provider vscode.git 887
2023-04-16 16:42:26.609 [warning] [Decorations] CAPPING events from decorations provider vscode.git 887
2023-04-16 16:42:32.093 [warning] [Decorations] CAPPING events from decorations provider vscode.git 887
2023-04-16 16:42:37.449 [warning] [Decorations] CAPPING events from decorations provider vscode.git 887
2023-04-16 16:42:43.057 [warning] [Decorations] CAPPING events from decorations provider vscode.git 887
2023-04-16 16:42:48.616 [warning] [Decorations] CAPPING events from decorations provider vscode.git 887
2023-04-16 16:42:54.887 [warning] [Decorations] CAPPING events from decorations provider vscode.git 887
2023-04-16 16:43:00.824 [warning] [Decorations] CAPPING events from decorations provider vscode.git 887
2023-04-16 16:43:06.300 [warning] [Decorations] CAPPING events from decorations provider vscode.git 887
2023-04-16 16:43:11.823 [warning] [Decorations] CAPPING events from decorations provider vscode.git 887
2023-04-16 16:43:17.238 [warning] [Decorations] CAPPING events from decorations provider vscode.git 887
2023-04-16 16:43:22.751 [warning] [Decorations] CAPPING events from decorations provider vscode.git 887
2023-04-16 16:43:28.224 [warning] [Decorations] CAPPING events from decorations provider vscode.git 887
2023-04-16 16:43:33.726 [warning] [Decorations] CAPPING events from decorations provider vscode.git 887
2023-04-16 16:43:39.692 [warning] [Decorations] CAPPING events from decorations provider vscode.git 887
2023-04-16 16:44:55.373 [warning] [Decorations] CAPPING events from decorations provider vscode.git 887
2023-04-16 16:45:00.588 [warning] [Decorations] CAPPING events from decorations provider vscode.git 887
2023-04-16 16:45:05.893 [warning] [Decorations] CAPPING events from decorations provider vscode.git 887
2023-04-16 16:45:11.182 [warning] [Decorations] CAPPING events from decorations provider vscode.git 887
2023-04-16 16:45:16.452 [warning] [Decorations] CAPPING events from decorations provider vscode.git 887
2023-04-16 16:45:21.793 [warning] [Decorations] CAPPING events from decorations provider vscode.git 887
2023-04-16 16:45:27.064 [warning] [Decorations] CAPPING events from decorations provider vscode.git 887
2023-04-16 16:45:32.372 [warning] [Decorations] CAPPING events from decorations provider vscode.git 887
2023-04-16 16:45:37.686 [warning] [Decorations] CAPPING events from decorations provider vscode.git 887
2023-04-16 16:45:42.927 [warning] [Decorations] CAPPING events from decorations provider vscode.git 887
2023-04-16 16:45:48.183 [warning] [Decorations] CAPPING events from decorations provider vscode.git 887
2023-04-16 16:45:53.436 [warning] [Decorations] CAPPING events from decorations provider vscode.git 887
2023-04-16 16:45:58.749 [warning] [Decorations] CAPPING events from decorations provider vscode.git 887
2023-04-16 16:46:04.000 [warning] [Decorations] CAPPING events from decorations provider vscode.git 887
2023-04-16 16:46:09.266 [warning] [Decorations] CAPPING events from decorations provider vscode.git 887
2023-04-16 16:46:14.439 [warning] [Decorations] CAPPING events from decorations provider vscode.git 887
2023-04-16 16:46:19.714 [warning] [Decorations] CAPPING events from decorations provider vscode.git 887
2023-04-16 16:46:25.051 [warning] [Decorations] CAPPING events from decorations provider vscode.git 887
2023-04-16 16:46:30.282 [warning] [Decorations] CAPPING events from decorations provider vscode.git 889
2023-04-16 16:46:35.475 [warning] [Decorations] CAPPING events from decorations provider vscode.git 889
2023-04-16 16:46:40.739 [warning] [Decorations] CAPPING events from decorations provider vscode.git 888
2023-04-16 16:46:45.960 [warning] [Decorations] CAPPING events from decorations provider vscode.git 888
2023-04-16 16:46:51.213 [warning] [Decorations] CAPPING events from decorations provider vscode.git 889
2023-04-16 16:46:56.440 [warning] [Decorations] CAPPING events from decorations provider vscode.git 889
2023-04-16 16:47:01.632 [warning] [Decorations] CAPPING events from decorations provider vscode.git 889
2023-04-16 16:47:06.928 [warning] [Decorations] CAPPING events from decorations provider vscode.git 889
2023-04-16 16:47:12.288 [warning] [Decorations] CAPPING events from decorations provider vscode.git 889
2023-04-16 16:47:17.547 [warning] [Decorations] CAPPING events from decorations provider vscode.git 889
2023-04-16 16:47:22.910 [warning] [Decorations] CAPPING events from decorations provider vscode.git 889
2023-04-16 16:47:28.049 [warning] [Decorations] CAPPING events from decorations provider vscode.git 889
2023-04-16 16:47:33.266 [warning] [Decorations] CAPPING events from decorations provider vscode.git 890
2023-04-16 16:47:38.543 [warning] [Decorations] CAPPING events from decorations provider vscode.git 890
2023-04-16 16:47:43.761 [warning] [Decorations] CAPPING events from decorations provider vscode.git 891
2023-04-16 16:47:49.003 [warning] [Decorations] CAPPING events from decorations provider vscode.git 891
2023-04-16 16:47:54.221 [warning] [Decorations] CAPPING events from decorations provider vscode.git 891
2023-04-16 16:48:00.223 [warning] [Decorations] CAPPING events from decorations provider vscode.git 891
2023-04-16 16:48:05.571 [warning] [Decorations] CAPPING events from decorations provider vscode.git 891
2023-04-16 16:48:10.859 [warning] [Decorations] CAPPING events from decorations provider vscode.git 892
2023-04-16 16:48:16.160 [warning] [Decorations] CAPPING events from decorations provider vscode.git 892
2023-04-16 16:48:21.383 [warning] [Decorations] CAPPING events from decorations provider vscode.git 892
2023-04-16 16:48:26.637 [warning] [Decorations] CAPPING events from decorations provider vscode.git 892
2023-04-16 16:48:31.884 [warning] [Decorations] CAPPING events from decorations provider vscode.git 893
2023-04-16 16:48:37.139 [warning] [Decorations] CAPPING events from decorations provider vscode.git 893
2023-04-16 16:48:42.413 [warning] [Decorations] CAPPING events from decorations provider vscode.git 893
2023-04-16 16:48:47.778 [warning] [Decorations] CAPPING events from decorations provider vscode.git 893
2023-04-16 16:48:53.105 [warning] [Decorations] CAPPING events from decorations provider vscode.git 893
2023-04-16 16:48:57.699 [info] Extension host terminating: renderer closed the MessagePort
2023-04-16 16:48:57.794 [error] Canceled: Canceled
	at new l (/usr/share/code/resources/app/out/vs/workbench/api/node/extensionHostProcess.js:98:105190)
	at c.O (/usr/share/code/resources/app/out/vs/workbench/api/node/extensionHostProcess.js:108:11692)
	at G.<computed>.Q.charCodeAt.G.<computed> (/usr/share/code/resources/app/out/vs/workbench/api/node/extensionHostProcess.js:108:8967)
	at m.g (/usr/share/code/resources/app/out/vs/workbench/api/node/extensionHostProcess.js:98:125211)
	at m.executeCommand (/usr/share/code/resources/app/out/vs/workbench/api/node/extensionHostProcess.js:98:124587)
	at L.registerCommand.description (/usr/share/code/resources/app/out/vs/workbench/api/node/extensionHostProcess.js:98:123880)
	at m.h (/usr/share/code/resources/app/out/vs/workbench/api/node/extensionHostProcess.js:98:125797)
	at m.g (/usr/share/code/resources/app/out/vs/workbench/api/node/extensionHostProcess.js:98:124687)
	at m.executeCommand (/usr/share/code/resources/app/out/vs/workbench/api/node/extensionHostProcess.js:98:124587)
	at Object.executeCommand (/usr/share/code/resources/app/out/vs/workbench/api/node/extensionHostProcess.js:114:23801)
	at D (/usr/share/code/resources/app/extensions/git/dist/main.js:2:1467156)
	at E.invoke (/usr/share/code/resources/app/out/vs/workbench/api/node/extensionHostProcess.js:63:145)
	at h.deliver (/usr/share/code/resources/app/out/vs/workbench/api/node/extensionHostProcess.js:63:2121)
	at n.fire (/usr/share/code/resources/app/out/vs/workbench/api/node/extensionHostProcess.js:63:1729)
	at Object.m [as dispose] (/usr/share/code/resources/app/extensions/git/dist/main.js:2:1481885)
	at /usr/share/code/resources/app/extensions/git/dist/main.js:2:1485952
	at Array.forEach (<anonymous>)
	at g.dispose (/usr/share/code/resources/app/extensions/git/dist/main.js:2:1485938)
	at t.<anonymous> (/usr/share/code/resources/app/out/vs/workbench/api/node/extensionHostProcess.js:96:12398)
	at t.dispose (/usr/share/code/resources/app/out/vs/workbench/api/node/extensionHostProcess.js:96:12533)
	at t.<anonymous> (/usr/share/code/resources/app/extensions/git/dist/main.js:2:1469286)
	at t.dispose (/usr/share/code/resources/app/out/vs/workbench/api/node/extensionHostProcess.js:96:12533)
	at C (/usr/share/code/resources/app/out/vs/workbench/api/node/extensionHostProcess.js:10:12084)
	at E.Y (/usr/share/code/resources/app/out/vs/workbench/api/node/extensionHostProcess.js:110:11147)
	at /usr/share/code/resources/app/out/vs/workbench/api/node/extensionHostProcess.js:110:9131
	at Array.map (<anonymous>)
	at E.R (/usr/share/code/resources/app/out/vs/workbench/api/node/extensionHostProcess.js:110:9118)
	at E.terminate (/usr/share/code/resources/app/out/vs/workbench/api/node/extensionHostProcess.js:110:9389)
	at d.terminate (/usr/share/code/resources/app/out/vs/workbench/api/node/extensionHostProcess.js:114:1544)
	at p (/usr/share/code/resources/app/out/vs/workbench/api/node/extensionHostProcess.js:124:18690)
	at MessagePortMain.<anonymous> (/usr/share/code/resources/app/out/vs/workbench/api/node/extensionHostProcess.js:124:14829)
	at MessagePortMain.emit (node:events:526:28)
	at MessagePortMain._internalPort.emit (node:electron/js2c/utility_init:5:364) setContext undefined
2023-04-16 16:48:57.864 [info] Extension host with pid 5784 exiting with code 0
