2023-04-16 16:38:22.519 [info] Log level: Info
2023-04-16 16:38:22.519 [info] Validating found git in: "git"
2023-04-16 16:38:22.519 [info] Using git "2.30.2" from "git"
2023-04-16 16:38:22.519 [info] > git rev-parse --show-toplevel [62ms]
2023-04-16 16:38:22.519 [info] > git rev-parse --git-dir --git-common-dir [11ms]
2023-04-16 16:38:22.519 [info] Open repository: /home/danielazoccari
2023-04-16 16:38:22.519 [info] > git rev-parse --show-toplevel [81ms]
2023-04-16 16:38:22.519 [info] > git rev-parse --show-toplevel [4ms]
2023-04-16 16:38:22.519 [info] > git config --get commit.template [119ms]
2023-04-16 16:38:22.519 [info] > git rev-parse --show-toplevel [45ms]
2023-04-16 16:38:22.519 [info] > git rev-parse --show-toplevel [14ms]
2023-04-16 16:38:22.519 [info] > git for-each-ref --format=%(refname)%00%(upstream:short)%00%(objectname)%00%(upstream:track)%00%(upstream:remotename)%00%(upstream:remoteref) refs/heads/main refs/remotes/main [155ms]
2023-04-16 16:38:22.519 [info] > git rev-parse --show-toplevel [111ms]
2023-04-16 16:38:22.519 [info] > git rev-parse --show-toplevel [2ms]
2023-04-16 16:38:22.519 [info] > git rev-parse --show-toplevel [2ms]
2023-04-16 16:38:22.519 [info] > git rev-parse --show-toplevel [63ms]
2023-04-16 16:38:22.520 [info] > git rev-parse --show-toplevel [48ms]
2023-04-16 16:38:22.520 [info] > git status -z -uall [783ms]
2023-04-16 16:38:22.520 [info] > git log --format=%H%n%aN%n%aE%n%at%n%ct%n%P%n%D%n%B -z -n206 -- /home/danielazoccari/Pre-Corso.Ch2/registrazione.html [209ms]
2023-04-16 16:38:22.520 [info] > git config --get commit.template [608ms]
2023-04-16 16:38:22.621 [info] > git check-ignore -v -z --stdin [120ms]
2023-04-16 16:38:22.638 [info] > git for-each-ref --format=%(refname)%00%(upstream:short)%00%(objectname)%00%(upstream:track)%00%(upstream:remotename)%00%(upstream:remoteref) refs/heads/main refs/remotes/main [36ms]
2023-04-16 16:38:22.958 [info] > git status -z -uall [289ms]
2023-04-16 16:38:25.802 [info] > git show --textconv :Pre-Corso.Ch2/registrazione.html [346ms]
2023-04-16 16:38:25.803 [info] > git ls-files --stage -- /home/danielazoccari/Pre-Corso.Ch2/registrazione.html [313ms]
2023-04-16 16:38:33.467 [info] > git for-each-ref --format=%(refname)%00%(upstream:short)%00%(objectname)%00%(upstream:track)%00%(upstream:remotename)%00%(upstream:remoteref) refs/heads/main refs/remotes/main [3ms]
2023-04-16 16:38:33.468 [info] > git config --get commit.template [42ms]
2023-04-16 16:38:33.659 [info] > git status -z -uall [177ms]
2023-04-16 16:38:38.907 [info] > git for-each-ref --format=%(refname)%00%(upstream:short)%00%(objectname)%00%(upstream:track)%00%(upstream:remotename)%00%(upstream:remoteref) refs/heads/main refs/remotes/main [7ms]
2023-04-16 16:38:38.914 [info] > git config --get commit.template [56ms]
2023-04-16 16:38:39.223 [info] > git status -z -uall [286ms]
2023-04-16 16:38:44.468 [info] > git config --get commit.template [39ms]
2023-04-16 16:38:44.500 [info] > git for-each-ref --format=%(refname)%00%(upstream:short)%00%(objectname)%00%(upstream:track)%00%(upstream:remotename)%00%(upstream:remoteref) refs/heads/main refs/remotes/main [5ms]
2023-04-16 16:38:44.780 [info] > git status -z -uall [250ms]
2023-04-16 16:38:50.016 [info] > git config --get commit.template [87ms]
2023-04-16 16:38:50.019 [info] > git for-each-ref --format=%(refname)%00%(upstream:short)%00%(objectname)%00%(upstream:track)%00%(upstream:remotename)%00%(upstream:remoteref) refs/heads/main refs/remotes/main [25ms]
2023-04-16 16:38:50.272 [info] > git status -z -uall [215ms]
2023-04-16 16:38:55.498 [info] > git config --get commit.template [10ms]
2023-04-16 16:38:55.532 [info] > git for-each-ref --format=%(refname)%00%(upstream:short)%00%(objectname)%00%(upstream:track)%00%(upstream:remotename)%00%(upstream:remoteref) refs/heads/main refs/remotes/main [2ms]
2023-04-16 16:38:55.768 [info] > git status -z -uall [217ms]
2023-04-16 16:39:01.016 [info] > git config --get commit.template [53ms]
2023-04-16 16:39:01.034 [info] > git for-each-ref --format=%(refname)%00%(upstream:short)%00%(objectname)%00%(upstream:track)%00%(upstream:remotename)%00%(upstream:remoteref) refs/heads/main refs/remotes/main [15ms]
2023-04-16 16:39:01.374 [info] > git status -z -uall [283ms]
2023-04-16 16:39:06.525 [info] > git config --get commit.template [15ms]
2023-04-16 16:39:06.583 [info] > git for-each-ref --format=%(refname)%00%(upstream:short)%00%(objectname)%00%(upstream:track)%00%(upstream:remotename)%00%(upstream:remoteref) refs/heads/main refs/remotes/main [14ms]
2023-04-16 16:39:06.940 [info] > git status -z -uall [283ms]
2023-04-16 16:39:12.169 [info] > git config --get commit.template [31ms]
2023-04-16 16:39:12.175 [info] > git for-each-ref --format=%(refname)%00%(upstream:short)%00%(objectname)%00%(upstream:track)%00%(upstream:remotename)%00%(upstream:remoteref) refs/heads/main refs/remotes/main [16ms]
2023-04-16 16:39:12.357 [info] > git status -z -uall [153ms]
2023-04-16 16:39:17.594 [info] > git config --get commit.template [109ms]
2023-04-16 16:39:17.597 [info] > git for-each-ref --format=%(refname)%00%(upstream:short)%00%(objectname)%00%(upstream:track)%00%(upstream:remotename)%00%(upstream:remoteref) refs/heads/main refs/remotes/main [16ms]
2023-04-16 16:39:17.863 [info] > git status -z -uall [228ms]
2023-04-16 16:39:23.091 [info] > git config --get commit.template [10ms]
2023-04-16 16:39:23.165 [info] > git for-each-ref --format=%(refname)%00%(upstream:short)%00%(objectname)%00%(upstream:track)%00%(upstream:remotename)%00%(upstream:remoteref) refs/heads/main refs/remotes/main [18ms]
2023-04-16 16:39:23.443 [info] > git status -z -uall [196ms]
2023-04-16 16:39:28.568 [info] > git config --get commit.template [4ms]
2023-04-16 16:39:28.609 [info] > git for-each-ref --format=%(refname)%00%(upstream:short)%00%(objectname)%00%(upstream:track)%00%(upstream:remotename)%00%(upstream:remoteref) refs/heads/main refs/remotes/main [22ms]
2023-04-16 16:39:28.775 [info] > git status -z -uall [145ms]
2023-04-16 16:39:33.985 [info] > git config --get commit.template [30ms]
2023-04-16 16:39:34.034 [info] > git for-each-ref --format=%(refname)%00%(upstream:short)%00%(objectname)%00%(upstream:track)%00%(upstream:remotename)%00%(upstream:remoteref) refs/heads/main refs/remotes/main [7ms]
2023-04-16 16:39:34.221 [info] > git status -z -uall [169ms]
2023-04-16 16:39:39.461 [info] > git for-each-ref --format=%(refname)%00%(upstream:short)%00%(objectname)%00%(upstream:track)%00%(upstream:remotename)%00%(upstream:remoteref) refs/heads/main refs/remotes/main [17ms]
2023-04-16 16:39:39.465 [info] > git config --get commit.template [109ms]
2023-04-16 16:39:39.728 [info] > git status -z -uall [231ms]
2023-04-16 16:39:44.897 [info] > git config --get commit.template [18ms]
2023-04-16 16:39:44.933 [info] > git for-each-ref --format=%(refname)%00%(upstream:short)%00%(objectname)%00%(upstream:track)%00%(upstream:remotename)%00%(upstream:remoteref) refs/heads/main refs/remotes/main [11ms]
2023-04-16 16:39:45.172 [info] > git status -z -uall [216ms]
2023-04-16 16:39:50.309 [info] > git config --get commit.template [56ms]
2023-04-16 16:39:50.314 [info] > git for-each-ref --format=%(refname)%00%(upstream:short)%00%(objectname)%00%(upstream:track)%00%(upstream:remotename)%00%(upstream:remoteref) refs/heads/main refs/remotes/main [17ms]
2023-04-16 16:39:50.459 [info] > git status -z -uall [103ms]
2023-04-16 16:39:55.524 [info] > git config --get commit.template [5ms]
2023-04-16 16:39:55.556 [info] > git for-each-ref --format=%(refname)%00%(upstream:short)%00%(objectname)%00%(upstream:track)%00%(upstream:remotename)%00%(upstream:remoteref) refs/heads/main refs/remotes/main [9ms]
2023-04-16 16:39:55.683 [info] > git status -z -uall [103ms]
2023-04-16 16:40:00.756 [info] > git config --get commit.template [2ms]
2023-04-16 16:40:00.768 [info] > git for-each-ref --format=%(refname)%00%(upstream:short)%00%(objectname)%00%(upstream:track)%00%(upstream:remotename)%00%(upstream:remoteref) refs/heads/main refs/remotes/main [3ms]
2023-04-16 16:40:00.851 [info] > git status -z -uall [56ms]
2023-04-16 16:40:05.904 [info] > git config --get commit.template [9ms]
2023-04-16 16:40:05.919 [info] > git for-each-ref --format=%(refname)%00%(upstream:short)%00%(objectname)%00%(upstream:track)%00%(upstream:remotename)%00%(upstream:remoteref) refs/heads/main refs/remotes/main [3ms]
2023-04-16 16:40:05.998 [info] > git status -z -uall [61ms]
2023-04-16 16:40:11.051 [info] > git config --get commit.template [6ms]
2023-04-16 16:40:11.063 [info] > git for-each-ref --format=%(refname)%00%(upstream:short)%00%(objectname)%00%(upstream:track)%00%(upstream:remotename)%00%(upstream:remoteref) refs/heads/main refs/remotes/main [3ms]
2023-04-16 16:40:11.147 [info] > git status -z -uall [76ms]
2023-04-16 16:40:16.204 [info] > git config --get commit.template [10ms]
2023-04-16 16:40:16.207 [info] > git for-each-ref --format=%(refname)%00%(upstream:short)%00%(objectname)%00%(upstream:track)%00%(upstream:remotename)%00%(upstream:remoteref) refs/heads/main refs/remotes/main [4ms]
2023-04-16 16:40:16.288 [info] > git status -z -uall [73ms]
2023-04-16 16:40:21.357 [info] > git config --get commit.template [16ms]
2023-04-16 16:40:21.359 [info] > git for-each-ref --format=%(refname)%00%(upstream:short)%00%(objectname)%00%(upstream:track)%00%(upstream:remotename)%00%(upstream:remoteref) refs/heads/main refs/remotes/main [3ms]
2023-04-16 16:40:21.451 [info] > git status -z -uall [84ms]
2023-04-16 16:40:26.519 [info] > git config --get commit.template [14ms]
2023-04-16 16:40:26.520 [info] > git for-each-ref --format=%(refname)%00%(upstream:short)%00%(objectname)%00%(upstream:track)%00%(upstream:remotename)%00%(upstream:remoteref) refs/heads/main refs/remotes/main [2ms]
2023-04-16 16:40:26.606 [info] > git status -z -uall [78ms]
2023-04-16 16:40:31.665 [info] > git config --get commit.template [7ms]
2023-04-16 16:40:31.679 [info] > git for-each-ref --format=%(refname)%00%(upstream:short)%00%(objectname)%00%(upstream:track)%00%(upstream:remotename)%00%(upstream:remoteref) refs/heads/main refs/remotes/main [2ms]
2023-04-16 16:40:31.760 [info] > git status -z -uall [72ms]
2023-04-16 16:40:36.833 [info] > git config --get commit.template [3ms]
2023-04-16 16:40:36.847 [info] > git for-each-ref --format=%(refname)%00%(upstream:short)%00%(objectname)%00%(upstream:track)%00%(upstream:remotename)%00%(upstream:remoteref) refs/heads/main refs/remotes/main [3ms]
2023-04-16 16:40:36.930 [info] > git status -z -uall [75ms]
2023-04-16 16:40:41.986 [info] > git config --get commit.template [3ms]
2023-04-16 16:40:42.033 [info] > git for-each-ref --format=%(refname)%00%(upstream:short)%00%(objectname)%00%(upstream:track)%00%(upstream:remotename)%00%(upstream:remoteref) refs/heads/main refs/remotes/main [15ms]
2023-04-16 16:40:42.146 [info] > git status -z -uall [93ms]
2023-04-16 16:40:47.210 [info] > git config --get commit.template [6ms]
2023-04-16 16:40:47.244 [info] > git for-each-ref --format=%(refname)%00%(upstream:short)%00%(objectname)%00%(upstream:track)%00%(upstream:remotename)%00%(upstream:remoteref) refs/heads/main refs/remotes/main [13ms]
2023-04-16 16:40:47.378 [info] > git status -z -uall [113ms]
2023-04-16 16:40:52.409 [info] > git config --get commit.template [2ms]
2023-04-16 16:40:52.438 [info] > git for-each-ref --format=%(refname)%00%(upstream:short)%00%(objectname)%00%(upstream:track)%00%(upstream:remotename)%00%(upstream:remoteref) refs/heads/main refs/remotes/main [3ms]
2023-04-16 16:40:52.580 [info] > git status -z -uall [135ms]
2023-04-16 16:40:57.942 [info] > git config --get commit.template [50ms]
2023-04-16 16:40:57.971 [info] > git for-each-ref --format=%(refname)%00%(upstream:short)%00%(objectname)%00%(upstream:track)%00%(upstream:remotename)%00%(upstream:remoteref) refs/heads/main refs/remotes/main [31ms]
2023-04-16 16:40:58.617 [info] > git status -z -uall [620ms]
2023-04-16 16:41:51.097 [info] > git config --get commit.template [23ms]
2023-04-16 16:41:51.100 [info] > git for-each-ref --format=%(refname)%00%(upstream:short)%00%(objectname)%00%(upstream:track)%00%(upstream:remotename)%00%(upstream:remoteref) refs/heads/main refs/remotes/main [5ms]
2023-04-16 16:41:51.265 [info] > git status -z -uall [151ms]
2023-04-16 16:41:56.535 [info] > git config --get commit.template [59ms]
2023-04-16 16:41:56.538 [info] > git for-each-ref --format=%(refname)%00%(upstream:short)%00%(objectname)%00%(upstream:track)%00%(upstream:remotename)%00%(upstream:remoteref) refs/heads/main refs/remotes/main [9ms]
2023-04-16 16:41:57.183 [info] > git status -z -uall [617ms]
2023-04-16 16:42:02.702 [info] > git config --get commit.template [4ms]
2023-04-16 16:42:02.726 [info] > git for-each-ref --format=%(refname)%00%(upstream:short)%00%(objectname)%00%(upstream:track)%00%(upstream:remotename)%00%(upstream:remoteref) refs/heads/main refs/remotes/main [8ms]
2023-04-16 16:42:03.283 [info] > git status -z -uall [533ms]
2023-04-16 16:42:08.630 [info] > git config --get commit.template [114ms]
2023-04-16 16:42:08.648 [info] > git for-each-ref --format=%(refname)%00%(upstream:short)%00%(objectname)%00%(upstream:track)%00%(upstream:remotename)%00%(upstream:remoteref) refs/heads/main refs/remotes/main [19ms]
2023-04-16 16:42:09.017 [info] > git status -z -uall [328ms]
2023-04-16 16:42:14.264 [info] > git config --get commit.template [85ms]
2023-04-16 16:42:14.281 [info] > git for-each-ref --format=%(refname)%00%(upstream:short)%00%(objectname)%00%(upstream:track)%00%(upstream:remotename)%00%(upstream:remoteref) refs/heads/main refs/remotes/main [40ms]
2023-04-16 16:42:14.823 [info] > git status -z -uall [466ms]
2023-04-16 16:42:20.572 [info] > git config --get commit.template [64ms]
2023-04-16 16:42:20.625 [info] > git for-each-ref --format=%(refname)%00%(upstream:short)%00%(objectname)%00%(upstream:track)%00%(upstream:remotename)%00%(upstream:remoteref) refs/heads/main refs/remotes/main [11ms]
2023-04-16 16:42:20.866 [info] > git status -z -uall [226ms]
2023-04-16 16:42:26.133 [info] > git config --get commit.template [74ms]
2023-04-16 16:42:26.151 [info] > git for-each-ref --format=%(refname)%00%(upstream:short)%00%(objectname)%00%(upstream:track)%00%(upstream:remotename)%00%(upstream:remoteref) refs/heads/main refs/remotes/main [39ms]
2023-04-16 16:42:26.543 [info] > git status -z -uall [356ms]
2023-04-16 16:42:31.855 [info] > git config --get commit.template [75ms]
2023-04-16 16:42:31.857 [info] > git for-each-ref --format=%(refname)%00%(upstream:short)%00%(objectname)%00%(upstream:track)%00%(upstream:remotename)%00%(upstream:remoteref) refs/heads/main refs/remotes/main [22ms]
2023-04-16 16:42:32.032 [info] > git status -z -uall [157ms]
2023-04-16 16:42:37.157 [info] > git config --get commit.template [6ms]
2023-04-16 16:42:37.200 [info] > git for-each-ref --format=%(refname)%00%(upstream:short)%00%(objectname)%00%(upstream:track)%00%(upstream:remotename)%00%(upstream:remoteref) refs/heads/main refs/remotes/main [7ms]
2023-04-16 16:42:37.398 [info] > git status -z -uall [175ms]
2023-04-16 16:42:42.624 [info] > git config --get commit.template [5ms]
2023-04-16 16:42:42.714 [info] > git for-each-ref --format=%(refname)%00%(upstream:short)%00%(objectname)%00%(upstream:track)%00%(upstream:remotename)%00%(upstream:remoteref) refs/heads/main refs/remotes/main [24ms]
2023-04-16 16:42:42.988 [info] > git status -z -uall [211ms]
2023-04-16 16:42:48.243 [info] > git config --get commit.template [47ms]
2023-04-16 16:42:48.256 [info] > git for-each-ref --format=%(refname)%00%(upstream:short)%00%(objectname)%00%(upstream:track)%00%(upstream:remotename)%00%(upstream:remoteref) refs/heads/main refs/remotes/main [14ms]
2023-04-16 16:42:48.560 [info] > git status -z -uall [275ms]
2023-04-16 16:42:53.890 [info] > git config --get commit.template [40ms]
2023-04-16 16:42:53.912 [info] > git for-each-ref --format=%(refname)%00%(upstream:short)%00%(objectname)%00%(upstream:track)%00%(upstream:remotename)%00%(upstream:remoteref) refs/heads/main refs/remotes/main [31ms]
2023-04-16 16:42:54.821 [info] > git status -z -uall [883ms]
2023-04-16 16:43:00.094 [info] > git config --get commit.template [15ms]
2023-04-16 16:43:00.206 [info] > git for-each-ref --format=%(refname)%00%(upstream:short)%00%(objectname)%00%(upstream:track)%00%(upstream:remotename)%00%(upstream:remoteref) refs/heads/main refs/remotes/main [82ms]
2023-04-16 16:43:00.771 [info] > git status -z -uall [450ms]
2023-04-16 16:43:05.926 [info] > git config --get commit.template [13ms]
2023-04-16 16:43:05.957 [info] > git for-each-ref --format=%(refname)%00%(upstream:short)%00%(objectname)%00%(upstream:track)%00%(upstream:remotename)%00%(upstream:remoteref) refs/heads/main refs/remotes/main [7ms]
2023-04-16 16:43:06.229 [info] > git status -z -uall [256ms]
2023-04-16 16:43:11.506 [info] > git config --get commit.template [47ms]
2023-04-16 16:43:11.510 [info] > git for-each-ref --format=%(refname)%00%(upstream:short)%00%(objectname)%00%(upstream:track)%00%(upstream:remotename)%00%(upstream:remoteref) refs/heads/main refs/remotes/main [6ms]
2023-04-16 16:43:11.768 [info] > git status -z -uall [234ms]
2023-04-16 16:43:16.876 [info] > git config --get commit.template [10ms]
2023-04-16 16:43:16.963 [info] > git for-each-ref --format=%(refname)%00%(upstream:short)%00%(objectname)%00%(upstream:track)%00%(upstream:remotename)%00%(upstream:remoteref) refs/heads/main refs/remotes/main [37ms]
2023-04-16 16:43:17.213 [info] > git status -z -uall [195ms]
2023-04-16 16:43:22.341 [info] > git config --get commit.template [15ms]
2023-04-16 16:43:22.394 [info] > git for-each-ref --format=%(refname)%00%(upstream:short)%00%(objectname)%00%(upstream:track)%00%(upstream:remotename)%00%(upstream:remoteref) refs/heads/main refs/remotes/main [16ms]
2023-04-16 16:43:22.717 [info] > git status -z -uall [295ms]
2023-04-16 16:43:27.833 [info] > git config --get commit.template [9ms]
2023-04-16 16:43:27.884 [info] > git for-each-ref --format=%(refname)%00%(upstream:short)%00%(objectname)%00%(upstream:track)%00%(upstream:remotename)%00%(upstream:remoteref) refs/heads/main refs/remotes/main [19ms]
2023-04-16 16:43:28.162 [info] > git status -z -uall [193ms]
2023-04-16 16:43:33.334 [info] > git config --get commit.template [38ms]
2023-04-16 16:43:33.411 [info] > git for-each-ref --format=%(refname)%00%(upstream:short)%00%(objectname)%00%(upstream:track)%00%(upstream:remotename)%00%(upstream:remoteref) refs/heads/main refs/remotes/main [3ms]
2023-04-16 16:43:33.602 [info] > git status -z -uall [166ms]
2023-04-16 16:43:38.830 [info] > git config --get commit.template [10ms]
2023-04-16 16:43:38.951 [info] > git for-each-ref --format=%(refname)%00%(upstream:short)%00%(objectname)%00%(upstream:track)%00%(upstream:remotename)%00%(upstream:remoteref) refs/heads/main refs/remotes/main [43ms]
2023-04-16 16:43:39.514 [info] > git status -z -uall [506ms]
2023-04-16 16:44:55.141 [info] > git config --get commit.template [1ms]
2023-04-16 16:44:55.177 [info] > git for-each-ref --format=%(refname)%00%(upstream:short)%00%(objectname)%00%(upstream:track)%00%(upstream:remotename)%00%(upstream:remoteref) refs/heads/main refs/remotes/main [9ms]
2023-04-16 16:44:55.349 [info] > git status -z -uall [158ms]
2023-04-16 16:45:00.425 [info] > git config --get commit.template [11ms]
2023-04-16 16:45:00.430 [info] > git for-each-ref --format=%(refname)%00%(upstream:short)%00%(objectname)%00%(upstream:track)%00%(upstream:remotename)%00%(upstream:remoteref) refs/heads/main refs/remotes/main [7ms]
2023-04-16 16:45:00.545 [info] > git status -z -uall [104ms]
2023-04-16 16:45:05.684 [info] > git config --get commit.template [21ms]
2023-04-16 16:45:05.691 [info] > git for-each-ref --format=%(refname)%00%(upstream:short)%00%(objectname)%00%(upstream:track)%00%(upstream:remotename)%00%(upstream:remoteref) refs/heads/main refs/remotes/main [13ms]
2023-04-16 16:45:05.844 [info] > git status -z -uall [134ms]
2023-04-16 16:45:10.993 [info] > git config --get commit.template [3ms]
2023-04-16 16:45:11.021 [info] > git for-each-ref --format=%(refname)%00%(upstream:short)%00%(objectname)%00%(upstream:track)%00%(upstream:remotename)%00%(upstream:remoteref) refs/heads/main refs/remotes/main [4ms]
2023-04-16 16:45:11.136 [info] > git status -z -uall [106ms]
2023-04-16 16:45:16.232 [info] > git config --get commit.template [2ms]
2023-04-16 16:45:16.259 [info] > git for-each-ref --format=%(refname)%00%(upstream:short)%00%(objectname)%00%(upstream:track)%00%(upstream:remotename)%00%(upstream:remoteref) refs/heads/main refs/remotes/main [2ms]
2023-04-16 16:45:16.393 [info] > git status -z -uall [121ms]
2023-04-16 16:45:21.618 [info] > git config --get commit.template [33ms]
2023-04-16 16:45:21.620 [info] > git for-each-ref --format=%(refname)%00%(upstream:short)%00%(objectname)%00%(upstream:track)%00%(upstream:remotename)%00%(upstream:remoteref) refs/heads/main refs/remotes/main [8ms]
2023-04-16 16:45:21.760 [info] > git status -z -uall [121ms]
2023-04-16 16:45:26.856 [info] > git config --get commit.template [16ms]
2023-04-16 16:45:26.859 [info] > git for-each-ref --format=%(refname)%00%(upstream:short)%00%(objectname)%00%(upstream:track)%00%(upstream:remotename)%00%(upstream:remoteref) refs/heads/main refs/remotes/main [4ms]
2023-04-16 16:45:27.006 [info] > git status -z -uall [130ms]
2023-04-16 16:45:32.226 [info] > git config --get commit.template [55ms]
2023-04-16 16:45:32.236 [info] > git for-each-ref --format=%(refname)%00%(upstream:short)%00%(objectname)%00%(upstream:track)%00%(upstream:remotename)%00%(upstream:remoteref) refs/heads/main refs/remotes/main [13ms]
2023-04-16 16:45:32.352 [info] > git status -z -uall [101ms]
2023-04-16 16:45:37.452 [info] > git config --get commit.template [36ms]
2023-04-16 16:45:37.455 [info] > git for-each-ref --format=%(refname)%00%(upstream:short)%00%(objectname)%00%(upstream:track)%00%(upstream:remotename)%00%(upstream:remoteref) refs/heads/main refs/remotes/main [7ms]
2023-04-16 16:45:37.647 [info] > git status -z -uall [178ms]
2023-04-16 16:45:42.725 [info] > git config --get commit.template [3ms]
2023-04-16 16:45:42.746 [info] > git for-each-ref --format=%(refname)%00%(upstream:short)%00%(objectname)%00%(upstream:track)%00%(upstream:remotename)%00%(upstream:remoteref) refs/heads/main refs/remotes/main [7ms]
2023-04-16 16:45:42.880 [info] > git status -z -uall [122ms]
2023-04-16 16:45:48.050 [info] > git config --get commit.template [20ms]
2023-04-16 16:45:48.052 [info] > git for-each-ref --format=%(refname)%00%(upstream:short)%00%(objectname)%00%(upstream:track)%00%(upstream:remotename)%00%(upstream:remoteref) refs/heads/main refs/remotes/main [10ms]
2023-04-16 16:45:48.163 [info] > git status -z -uall [94ms]
2023-04-16 16:45:53.292 [info] > git config --get commit.template [4ms]
2023-04-16 16:45:53.308 [info] > git for-each-ref --format=%(refname)%00%(upstream:short)%00%(objectname)%00%(upstream:track)%00%(upstream:remotename)%00%(upstream:remoteref) refs/heads/main refs/remotes/main [4ms]
2023-04-16 16:45:53.408 [info] > git status -z -uall [89ms]
2023-04-16 16:45:58.567 [info] > git config --get commit.template [25ms]
2023-04-16 16:45:58.576 [info] > git for-each-ref --format=%(refname)%00%(upstream:short)%00%(objectname)%00%(upstream:track)%00%(upstream:remotename)%00%(upstream:remoteref) refs/heads/main refs/remotes/main [12ms]
2023-04-16 16:45:58.721 [info] > git status -z -uall [129ms]
2023-04-16 16:46:03.859 [info] > git config --get commit.template [6ms]
2023-04-16 16:46:03.879 [info] > git for-each-ref --format=%(refname)%00%(upstream:short)%00%(objectname)%00%(upstream:track)%00%(upstream:remotename)%00%(upstream:remoteref) refs/heads/main refs/remotes/main [4ms]
2023-04-16 16:46:03.979 [info] > git status -z -uall [91ms]
2023-04-16 16:46:09.105 [info] > git config --get commit.template [25ms]
2023-04-16 16:46:09.108 [info] > git for-each-ref --format=%(refname)%00%(upstream:short)%00%(objectname)%00%(upstream:track)%00%(upstream:remotename)%00%(upstream:remoteref) refs/heads/main refs/remotes/main [8ms]
2023-04-16 16:46:09.249 [info] > git status -z -uall [127ms]
2023-04-16 16:46:14.297 [info] > git config --get commit.template [12ms]
2023-04-16 16:46:14.300 [info] > git for-each-ref --format=%(refname)%00%(upstream:short)%00%(objectname)%00%(upstream:track)%00%(upstream:remotename)%00%(upstream:remoteref) refs/heads/main refs/remotes/main [8ms]
2023-04-16 16:46:14.414 [info] > git status -z -uall [95ms]
2023-04-16 16:46:19.487 [info] > git config --get commit.template [4ms]
2023-04-16 16:46:19.507 [info] > git for-each-ref --format=%(refname)%00%(upstream:short)%00%(objectname)%00%(upstream:track)%00%(upstream:remotename)%00%(upstream:remoteref) refs/heads/main refs/remotes/main [4ms]
2023-04-16 16:46:19.657 [info] > git status -z -uall [138ms]
2023-04-16 16:46:24.763 [info] > git config --get commit.template [3ms]
2023-04-16 16:46:24.821 [info] > git for-each-ref --format=%(refname)%00%(upstream:short)%00%(objectname)%00%(upstream:track)%00%(upstream:remotename)%00%(upstream:remoteref) refs/heads/main refs/remotes/main [5ms]
2023-04-16 16:46:25.015 [info] > git status -z -uall [182ms]
2023-04-16 16:46:30.121 [info] > git config --get commit.template [5ms]
2023-04-16 16:46:30.139 [info] > git for-each-ref --format=%(refname)%00%(upstream:short)%00%(objectname)%00%(upstream:track)%00%(upstream:remotename)%00%(upstream:remoteref) refs/heads/main refs/remotes/main [5ms]
2023-04-16 16:46:30.264 [info] > git status -z -uall [117ms]
2023-04-16 16:46:35.353 [info] > git config --get commit.template [18ms]
2023-04-16 16:46:35.356 [info] > git for-each-ref --format=%(refname)%00%(upstream:short)%00%(objectname)%00%(upstream:track)%00%(upstream:remotename)%00%(upstream:remoteref) refs/heads/main refs/remotes/main [4ms]
2023-04-16 16:46:35.456 [info] > git status -z -uall [90ms]
2023-04-16 16:46:40.532 [info] > git config --get commit.template [2ms]
2023-04-16 16:46:40.546 [info] > git for-each-ref --format=%(refname)%00%(upstream:short)%00%(objectname)%00%(upstream:track)%00%(upstream:remotename)%00%(upstream:remoteref) refs/heads/main refs/remotes/main [5ms]
2023-04-16 16:46:40.698 [info] > git status -z -uall [129ms]
2023-04-16 16:46:45.810 [info] > git config --get commit.template [23ms]
2023-04-16 16:46:45.814 [info] > git for-each-ref --format=%(refname)%00%(upstream:short)%00%(objectname)%00%(upstream:track)%00%(upstream:remotename)%00%(upstream:remoteref) refs/heads/main refs/remotes/main [11ms]
2023-04-16 16:46:45.929 [info] > git status -z -uall [108ms]
2023-04-16 16:46:51.024 [info] > git config --get commit.template [12ms]
2023-04-16 16:46:51.048 [info] > git for-each-ref --format=%(refname)%00%(upstream:short)%00%(objectname)%00%(upstream:track)%00%(upstream:remotename)%00%(upstream:remoteref) refs/heads/main refs/remotes/main [6ms]
2023-04-16 16:46:51.186 [info] > git status -z -uall [122ms]
2023-04-16 16:46:56.282 [info] > git config --get commit.template [12ms]
2023-04-16 16:46:56.336 [info] > git for-each-ref --format=%(refname)%00%(upstream:short)%00%(objectname)%00%(upstream:track)%00%(upstream:remotename)%00%(upstream:remoteref) refs/heads/main refs/remotes/main [7ms]
2023-04-16 16:46:56.427 [info] > git status -z -uall [82ms]
2023-04-16 16:47:01.480 [info] > git config --get commit.template [1ms]
2023-04-16 16:47:01.495 [info] > git for-each-ref --format=%(refname)%00%(upstream:short)%00%(objectname)%00%(upstream:track)%00%(upstream:remotename)%00%(upstream:remoteref) refs/heads/main refs/remotes/main [2ms]
2023-04-16 16:47:01.592 [info] > git status -z -uall [88ms]
2023-04-16 16:47:06.724 [info] > git config --get commit.template [18ms]
2023-04-16 16:47:06.739 [info] > git for-each-ref --format=%(refname)%00%(upstream:short)%00%(objectname)%00%(upstream:track)%00%(upstream:remotename)%00%(upstream:remoteref) refs/heads/main refs/remotes/main [6ms]
2023-04-16 16:47:06.907 [info] > git status -z -uall [155ms]
2023-04-16 16:47:12.074 [info] > git config --get commit.template [30ms]
2023-04-16 16:47:12.098 [info] > git for-each-ref --format=%(refname)%00%(upstream:short)%00%(objectname)%00%(upstream:track)%00%(upstream:remotename)%00%(upstream:remoteref) refs/heads/main refs/remotes/main [26ms]
2023-04-16 16:47:12.247 [info] > git status -z -uall [131ms]
2023-04-16 16:47:17.322 [info] > git config --get commit.template [3ms]
2023-04-16 16:47:17.369 [info] > git for-each-ref --format=%(refname)%00%(upstream:short)%00%(objectname)%00%(upstream:track)%00%(upstream:remotename)%00%(upstream:remoteref) refs/heads/main refs/remotes/main [16ms]
2023-04-16 16:47:17.522 [info] > git status -z -uall [128ms]
2023-04-16 16:47:22.610 [info] > git config --get commit.template [2ms]
2023-04-16 16:47:22.646 [info] > git for-each-ref --format=%(refname)%00%(upstream:short)%00%(objectname)%00%(upstream:track)%00%(upstream:remotename)%00%(upstream:remoteref) refs/heads/main refs/remotes/main [8ms]
2023-04-16 16:47:22.854 [info] > git status -z -uall [174ms]
2023-04-16 16:47:27.933 [info] > git config --get commit.template [2ms]
2023-04-16 16:47:27.944 [info] > git for-each-ref --format=%(refname)%00%(upstream:short)%00%(objectname)%00%(upstream:track)%00%(upstream:remotename)%00%(upstream:remoteref) refs/heads/main refs/remotes/main [2ms]
2023-04-16 16:47:28.027 [info] > git status -z -uall [72ms]
2023-04-16 16:47:33.124 [info] > git config --get commit.template [39ms]
2023-04-16 16:47:33.142 [info] > git for-each-ref --format=%(refname)%00%(upstream:short)%00%(objectname)%00%(upstream:track)%00%(upstream:remotename)%00%(upstream:remoteref) refs/heads/main refs/remotes/main [22ms]
2023-04-16 16:47:33.237 [info] > git status -z -uall [75ms]
2023-04-16 16:47:38.317 [info] > git config --get commit.template [10ms]
2023-04-16 16:47:38.351 [info] > git for-each-ref --format=%(refname)%00%(upstream:short)%00%(objectname)%00%(upstream:track)%00%(upstream:remotename)%00%(upstream:remoteref) refs/heads/main refs/remotes/main [6ms]
2023-04-16 16:47:38.508 [info] > git status -z -uall [129ms]
2023-04-16 16:47:43.578 [info] > git config --get commit.template [15ms]
2023-04-16 16:47:43.580 [info] > git for-each-ref --format=%(refname)%00%(upstream:short)%00%(objectname)%00%(upstream:track)%00%(upstream:remotename)%00%(upstream:remoteref) refs/heads/main refs/remotes/main [3ms]
2023-04-16 16:47:43.729 [info] > git status -z -uall [130ms]
2023-04-16 16:47:48.856 [info] > git config --get commit.template [16ms]
2023-04-16 16:47:48.859 [info] > git for-each-ref --format=%(refname)%00%(upstream:short)%00%(objectname)%00%(upstream:track)%00%(upstream:remotename)%00%(upstream:remoteref) refs/heads/main refs/remotes/main [5ms]
2023-04-16 16:47:48.969 [info] > git status -z -uall [100ms]
2023-04-16 16:47:54.091 [info] > git config --get commit.template [14ms]
2023-04-16 16:47:54.093 [info] > git for-each-ref --format=%(refname)%00%(upstream:short)%00%(objectname)%00%(upstream:track)%00%(upstream:remotename)%00%(upstream:remoteref) refs/heads/main refs/remotes/main [5ms]
2023-04-16 16:47:54.188 [info] > git status -z -uall [81ms]
2023-04-16 16:47:59.697 [info] > git config --get commit.template [249ms]
2023-04-16 16:47:59.934 [info] > git for-each-ref --format=%(refname)%00%(upstream:short)%00%(objectname)%00%(upstream:track)%00%(upstream:remotename)%00%(upstream:remoteref) refs/heads/main refs/remotes/main [24ms]
2023-04-16 16:48:00.192 [info] > git status -z -uall [223ms]
2023-04-16 16:48:03.969 [info] > git check-ignore -v -z --stdin [30ms]
2023-04-16 16:48:05.409 [info] > git config --get commit.template [106ms]
2023-04-16 16:48:05.413 [info] > git for-each-ref --format=%(refname)%00%(upstream:short)%00%(objectname)%00%(upstream:track)%00%(upstream:remotename)%00%(upstream:remoteref) refs/heads/main refs/remotes/main [5ms]
2023-04-16 16:48:05.535 [info] > git status -z -uall [100ms]
2023-04-16 16:48:10.648 [info] > git config --get commit.template [27ms]
2023-04-16 16:48:10.652 [info] > git for-each-ref --format=%(refname)%00%(upstream:short)%00%(objectname)%00%(upstream:track)%00%(upstream:remotename)%00%(upstream:remoteref) refs/heads/main refs/remotes/main [6ms]
2023-04-16 16:48:10.818 [info] > git status -z -uall [139ms]
2023-04-16 16:48:15.960 [info] > git config --get commit.template [49ms]
2023-04-16 16:48:15.965 [info] > git for-each-ref --format=%(refname)%00%(upstream:short)%00%(objectname)%00%(upstream:track)%00%(upstream:remotename)%00%(upstream:remoteref) refs/heads/main refs/remotes/main [13ms]
2023-04-16 16:48:16.134 [info] > git status -z -uall [132ms]
2023-04-16 16:48:21.226 [info] > git config --get commit.template [33ms]
2023-04-16 16:48:21.231 [info] > git for-each-ref --format=%(refname)%00%(upstream:short)%00%(objectname)%00%(upstream:track)%00%(upstream:remotename)%00%(upstream:remoteref) refs/heads/main refs/remotes/main [10ms]
2023-04-16 16:48:21.356 [info] > git status -z -uall [108ms]
2023-04-16 16:48:26.464 [info] > git config --get commit.template [9ms]
2023-04-16 16:48:26.484 [info] > git for-each-ref --format=%(refname)%00%(upstream:short)%00%(objectname)%00%(upstream:track)%00%(upstream:remotename)%00%(upstream:remoteref) refs/heads/main refs/remotes/main [8ms]
2023-04-16 16:48:26.611 [info] > git status -z -uall [111ms]
2023-04-16 16:48:31.724 [info] > git config --get commit.template [38ms]
2023-04-16 16:48:31.748 [info] > git for-each-ref --format=%(refname)%00%(upstream:short)%00%(objectname)%00%(upstream:track)%00%(upstream:remotename)%00%(upstream:remoteref) refs/heads/main refs/remotes/main [27ms]
2023-04-16 16:48:31.857 [info] > git status -z -uall [92ms]
2023-04-16 16:48:36.967 [info] > git config --get commit.template [36ms]
2023-04-16 16:48:36.977 [info] > git for-each-ref --format=%(refname)%00%(upstream:short)%00%(objectname)%00%(upstream:track)%00%(upstream:remotename)%00%(upstream:remoteref) refs/heads/main refs/remotes/main [13ms]
2023-04-16 16:48:37.122 [info] > git status -z -uall [114ms]
2023-04-16 16:48:42.225 [info] > git config --get commit.template [17ms]
2023-04-16 16:48:42.228 [info] > git for-each-ref --format=%(refname)%00%(upstream:short)%00%(objectname)%00%(upstream:track)%00%(upstream:remotename)%00%(upstream:remoteref) refs/heads/main refs/remotes/main [3ms]
2023-04-16 16:48:42.370 [info] > git status -z -uall [130ms]
2023-04-16 16:48:43.539 [info] > git check-ignore -v -z --stdin [17ms]
2023-04-16 16:48:45.569 [info] > git log --format=%H%n%aN%n%aE%n%at%n%ct%n%P%n%D%n%B -z -n206 -- /home/danielazoccari/Pre-Corso.Ch2/registrazione.html [11ms]
2023-04-16 16:48:47.450 [info] > git config --get commit.template [9ms]
2023-04-16 16:48:47.480 [info] > git for-each-ref --format=%(refname)%00%(upstream:short)%00%(objectname)%00%(upstream:track)%00%(upstream:remotename)%00%(upstream:remoteref) refs/heads/main refs/remotes/main [12ms]
2023-04-16 16:48:47.724 [info] > git status -z -uall [217ms]
2023-04-16 16:48:51.242 [info] > git log --format=%H%n%aN%n%aE%n%at%n%ct%n%P%n%D%n%B -z -n206 -- /home/danielazoccari/Pre-Corso.Ch2/registrazione.html [7ms]
2023-04-16 16:48:52.891 [info] > git config --get commit.template [49ms]
2023-04-16 16:48:52.895 [info] > git for-each-ref --format=%(refname)%00%(upstream:short)%00%(objectname)%00%(upstream:track)%00%(upstream:remotename)%00%(upstream:remoteref) refs/heads/main refs/remotes/main [11ms]
2023-04-16 16:48:53.083 [info] > git status -z -uall [158ms]
