2023-04-16 23:05:13.274 [info] Extension host with pid 4945 started
2023-04-16 23:05:13.274 [info] Skipping acquiring lock for /home/danielazoccari/.config/Code/User/workspaceStorage/ef38076e675e4f3814692a400186508b.
2023-04-16 23:05:13.923 [info] ExtensionService#_doActivateExtension vscode.emmet, startup: false, activationEvent: 'onLanguage'
2023-04-16 23:05:13.954 [info] ExtensionService#_doActivateExtension vscode.html-language-features, startup: false, activationEvent: 'onLanguage:html'
2023-04-16 23:05:14.649 [info] ExtensionService#_doActivateExtension vscode.git-base, startup: true, activationEvent: '*', root cause: vscode.git
2023-04-16 23:05:14.696 [info] ExtensionService#_doActivateExtension vscode.git, startup: true, activationEvent: '*'
2023-04-16 23:05:14.825 [info] ExtensionService#_doActivateExtension vscode.github, startup: true, activationEvent: '*'
2023-04-16 23:05:15.729 [warning] [Decorations] CAPPING events from decorations provider vscode.git 908
2023-04-16 23:05:16.260 [info] Eager extensions activated
2023-04-16 23:05:16.804 [info] ExtensionService#_doActivateExtension vscode.debug-auto-launch, startup: false, activationEvent: 'onStartupFinished'
2023-04-16 23:05:16.813 [info] ExtensionService#_doActivateExtension vscode.merge-conflict, startup: false, activationEvent: 'onStartupFinished'
2023-04-16 23:05:16.841 [info] ExtensionService#_doActivateExtension ritwickdey.LiveServer, startup: false, activationEvent: 'onStartupFinished'
2023-04-16 23:05:19.032 [info] ExtensionService#_doActivateExtension vscode.github-authentication, startup: false, activationEvent: 'onAuthenticationRequest:github'
2023-04-16 23:05:19.642 [info] ExtensionService#_doActivateExtension vscode.microsoft-authentication, startup: false, activationEvent: 'onAuthenticationRequest:microsoft'
2023-04-16 23:05:20.564 [info] ExtensionService#_doActivateExtension vscode.configuration-editing, startup: false, activationEvent: 'onLanguage:jsonc'
2023-04-16 23:05:20.577 [info] ExtensionService#_doActivateExtension vscode.json-language-features, startup: false, activationEvent: 'onLanguage:jsonc'
2023-04-16 23:05:20.676 [info] ExtensionService#_doActivateExtension vscode.typescript-language-features, startup: false, activationEvent: 'onLanguage:jsonc'
2023-04-16 23:05:24.183 [warning] [Decorations] CAPPING events from decorations provider vscode.git 919
2023-04-16 23:05:29.352 [warning] [Decorations] CAPPING events from decorations provider vscode.git 901
2023-04-16 23:05:34.530 [warning] [Decorations] CAPPING events from decorations provider vscode.git 901
2023-04-16 23:05:39.691 [warning] [Decorations] CAPPING events from decorations provider vscode.git 901
2023-04-16 23:05:44.843 [warning] [Decorations] CAPPING events from decorations provider vscode.git 901
2023-04-16 23:05:50.012 [warning] [Decorations] CAPPING events from decorations provider vscode.git 901
2023-04-16 23:05:55.187 [warning] [Decorations] CAPPING events from decorations provider vscode.git 901
2023-04-16 23:06:00.352 [warning] [Decorations] CAPPING events from decorations provider vscode.git 901
2023-04-16 23:06:05.511 [warning] [Decorations] CAPPING events from decorations provider vscode.git 901
2023-04-16 23:06:10.683 [warning] [Decorations] CAPPING events from decorations provider vscode.git 901
2023-04-16 23:06:15.828 [warning] [Decorations] CAPPING events from decorations provider vscode.git 901
2023-04-16 23:06:20.975 [warning] [Decorations] CAPPING events from decorations provider vscode.git 901
2023-04-16 23:06:26.154 [warning] [Decorations] CAPPING events from decorations provider vscode.git 901
2023-04-16 23:06:31.296 [warning] [Decorations] CAPPING events from decorations provider vscode.git 901
2023-04-16 23:06:36.466 [warning] [Decorations] CAPPING events from decorations provider vscode.git 901
2023-04-16 23:06:41.628 [warning] [Decorations] CAPPING events from decorations provider vscode.git 901
2023-04-16 23:06:46.757 [warning] [Decorations] CAPPING events from decorations provider vscode.git 901
2023-04-16 23:06:51.906 [warning] [Decorations] CAPPING events from decorations provider vscode.git 901
2023-04-16 23:06:57.078 [warning] [Decorations] CAPPING events from decorations provider vscode.git 901
2023-04-16 23:07:02.253 [warning] [Decorations] CAPPING events from decorations provider vscode.git 901
2023-04-16 23:07:07.421 [warning] [Decorations] CAPPING events from decorations provider vscode.git 901
2023-04-16 23:07:12.613 [warning] [Decorations] CAPPING events from decorations provider vscode.git 901
2023-04-16 23:07:17.883 [warning] [Decorations] CAPPING events from decorations provider vscode.git 901
2023-04-16 23:07:23.079 [warning] [Decorations] CAPPING events from decorations provider vscode.git 901
2023-04-16 23:07:28.245 [warning] [Decorations] CAPPING events from decorations provider vscode.git 901
2023-04-16 23:07:33.418 [warning] [Decorations] CAPPING events from decorations provider vscode.git 901
2023-04-16 23:07:38.669 [warning] [Decorations] CAPPING events from decorations provider vscode.git 901
2023-04-16 23:48:32.428 [warning] [Decorations] CAPPING events from decorations provider vscode.git 901
2023-04-17 13:33:57.234 [warning] [Decorations] CAPPING events from decorations provider vscode.git 901
2023-04-17 13:34:02.572 [warning] [Decorations] CAPPING events from decorations provider vscode.git 901
2023-04-17 13:34:07.826 [warning] [Decorations] CAPPING events from decorations provider vscode.git 901
2023-04-17 13:34:13.125 [warning] [Decorations] CAPPING events from decorations provider vscode.git 901
2023-04-17 13:34:18.325 [warning] [Decorations] CAPPING events from decorations provider vscode.git 901
2023-04-17 13:34:23.531 [warning] [Decorations] CAPPING events from decorations provider vscode.git 901
2023-04-17 13:34:28.678 [warning] [Decorations] CAPPING events from decorations provider vscode.git 901
2023-04-17 13:34:33.858 [warning] [Decorations] CAPPING events from decorations provider vscode.git 901
2023-04-17 13:34:39.003 [warning] [Decorations] CAPPING events from decorations provider vscode.git 901
2023-04-17 13:34:44.168 [warning] [Decorations] CAPPING events from decorations provider vscode.git 901
2023-04-17 13:34:49.342 [warning] [Decorations] CAPPING events from decorations provider vscode.git 901
2023-04-17 13:34:54.678 [warning] [Decorations] CAPPING events from decorations provider vscode.git 901
2023-04-17 13:34:59.876 [warning] [Decorations] CAPPING events from decorations provider vscode.git 901
2023-04-17 13:35:05.143 [warning] [Decorations] CAPPING events from decorations provider vscode.git 901
2023-04-17 13:35:10.310 [warning] [Decorations] CAPPING events from decorations provider vscode.git 901
2023-04-17 13:35:15.449 [warning] [Decorations] CAPPING events from decorations provider vscode.git 901
2023-04-17 13:35:20.616 [warning] [Decorations] CAPPING events from decorations provider vscode.git 901
2023-04-17 13:35:25.748 [warning] [Decorations] CAPPING events from decorations provider vscode.git 901
2023-04-17 13:35:30.928 [warning] [Decorations] CAPPING events from decorations provider vscode.git 902
2023-04-17 13:35:36.144 [warning] [Decorations] CAPPING events from decorations provider vscode.git 902
2023-04-17 13:35:41.336 [warning] [Decorations] CAPPING events from decorations provider vscode.git 902
2023-04-17 13:35:46.510 [warning] [Decorations] CAPPING events from decorations provider vscode.git 902
2023-04-17 13:35:51.663 [warning] [Decorations] CAPPING events from decorations provider vscode.git 902
2023-04-17 13:35:56.846 [warning] [Decorations] CAPPING events from decorations provider vscode.git 902
2023-04-17 13:36:02.010 [warning] [Decorations] CAPPING events from decorations provider vscode.git 902
2023-04-17 13:36:07.232 [warning] [Decorations] CAPPING events from decorations provider vscode.git 902
2023-04-17 13:36:12.405 [warning] [Decorations] CAPPING events from decorations provider vscode.git 902
2023-04-17 13:36:17.663 [warning] [Decorations] CAPPING events from decorations provider vscode.git 902
2023-04-17 13:36:22.841 [warning] [Decorations] CAPPING events from decorations provider vscode.git 902
2023-04-17 13:36:28.076 [warning] [Decorations] CAPPING events from decorations provider vscode.git 902
2023-04-17 13:36:33.224 [warning] [Decorations] CAPPING events from decorations provider vscode.git 902
2023-04-17 13:36:38.795 [warning] [Decorations] CAPPING events from decorations provider vscode.git 902
2023-04-17 13:36:44.044 [warning] [Decorations] CAPPING events from decorations provider vscode.git 902
2023-04-17 13:36:49.218 [warning] [Decorations] CAPPING events from decorations provider vscode.git 902
2023-04-17 13:36:54.402 [warning] [Decorations] CAPPING events from decorations provider vscode.git 902
2023-04-17 13:36:59.541 [warning] [Decorations] CAPPING events from decorations provider vscode.git 902
2023-04-17 13:37:04.684 [warning] [Decorations] CAPPING events from decorations provider vscode.git 902
2023-04-17 13:37:09.840 [warning] [Decorations] CAPPING events from decorations provider vscode.git 902
2023-04-17 13:37:14.998 [warning] [Decorations] CAPPING events from decorations provider vscode.git 902
2023-04-17 13:37:20.165 [warning] [Decorations] CAPPING events from decorations provider vscode.git 902
2023-04-17 13:37:25.307 [warning] [Decorations] CAPPING events from decorations provider vscode.git 902
2023-04-17 13:37:30.469 [warning] [Decorations] CAPPING events from decorations provider vscode.git 902
2023-04-17 13:37:35.666 [warning] [Decorations] CAPPING events from decorations provider vscode.git 902
2023-04-17 13:37:40.973 [warning] [Decorations] CAPPING events from decorations provider vscode.git 902
2023-04-17 13:37:47.374 [warning] [Decorations] CAPPING events from decorations provider vscode.git 902
2023-04-17 13:37:53.746 [warning] [Decorations] CAPPING events from decorations provider vscode.git 902
2023-04-17 13:37:59.143 [warning] [Decorations] CAPPING events from decorations provider vscode.git 902
2023-04-17 13:38:04.396 [warning] [Decorations] CAPPING events from decorations provider vscode.git 902
2023-04-17 13:38:09.690 [warning] [Decorations] CAPPING events from decorations provider vscode.git 902
2023-04-17 13:38:14.935 [warning] [Decorations] CAPPING events from decorations provider vscode.git 902
2023-04-17 13:38:20.153 [warning] [Decorations] CAPPING events from decorations provider vscode.git 902
2023-04-17 13:38:25.386 [warning] [Decorations] CAPPING events from decorations provider vscode.git 902
2023-04-17 13:38:30.600 [warning] [Decorations] CAPPING events from decorations provider vscode.git 902
2023-04-17 13:38:36.028 [warning] [Decorations] CAPPING events from decorations provider vscode.git 902
2023-04-17 13:38:41.597 [warning] [Decorations] CAPPING events from decorations provider vscode.git 902
2023-04-17 13:38:46.752 [warning] [Decorations] CAPPING events from decorations provider vscode.git 902
2023-04-17 13:38:51.976 [warning] [Decorations] CAPPING events from decorations provider vscode.git 902
2023-04-17 13:38:57.133 [warning] [Decorations] CAPPING events from decorations provider vscode.git 902
2023-04-17 13:39:02.263 [warning] [Decorations] CAPPING events from decorations provider vscode.git 902
2023-04-17 13:39:07.420 [warning] [Decorations] CAPPING events from decorations provider vscode.git 902
2023-04-17 13:39:12.553 [warning] [Decorations] CAPPING events from decorations provider vscode.git 902
2023-04-17 13:39:17.678 [warning] [Decorations] CAPPING events from decorations provider vscode.git 902
2023-04-17 13:39:22.965 [warning] [Decorations] CAPPING events from decorations provider vscode.git 902
2023-04-17 13:39:28.091 [warning] [Decorations] CAPPING events from decorations provider vscode.git 902
2023-04-17 13:39:33.251 [warning] [Decorations] CAPPING events from decorations provider vscode.git 902
2023-04-17 13:39:38.696 [warning] [Decorations] CAPPING events from decorations provider vscode.git 902
2023-04-17 13:39:43.838 [warning] [Decorations] CAPPING events from decorations provider vscode.git 902
2023-04-17 13:39:48.998 [warning] [Decorations] CAPPING events from decorations provider vscode.git 902
2023-04-17 13:39:54.143 [warning] [Decorations] CAPPING events from decorations provider vscode.git 902
2023-04-17 13:39:59.272 [warning] [Decorations] CAPPING events from decorations provider vscode.git 902
2023-04-17 13:40:04.511 [warning] [Decorations] CAPPING events from decorations provider vscode.git 902
2023-04-17 13:40:09.688 [warning] [Decorations] CAPPING events from decorations provider vscode.git 902
2023-04-17 13:40:14.882 [warning] [Decorations] CAPPING events from decorations provider vscode.git 902
2023-04-17 13:40:20.066 [warning] [Decorations] CAPPING events from decorations provider vscode.git 902
2023-04-17 13:40:25.203 [warning] [Decorations] CAPPING events from decorations provider vscode.git 902
2023-04-17 13:40:30.334 [warning] [Decorations] CAPPING events from decorations provider vscode.git 902
2023-04-17 13:40:35.508 [warning] [Decorations] CAPPING events from decorations provider vscode.git 901
2023-04-17 13:40:40.654 [warning] [Decorations] CAPPING events from decorations provider vscode.git 901
2023-04-17 13:40:45.782 [warning] [Decorations] CAPPING events from decorations provider vscode.git 901
2023-04-17 13:40:50.934 [warning] [Decorations] CAPPING events from decorations provider vscode.git 901
2023-04-17 13:40:56.092 [warning] [Decorations] CAPPING events from decorations provider vscode.git 901
2023-04-17 13:41:01.206 [warning] [Decorations] CAPPING events from decorations provider vscode.git 901
2023-04-17 13:41:06.373 [warning] [Decorations] CAPPING events from decorations provider vscode.git 901
2023-04-17 13:41:11.531 [warning] [Decorations] CAPPING events from decorations provider vscode.git 901
2023-04-17 13:41:16.669 [warning] [Decorations] CAPPING events from decorations provider vscode.git 901
2023-04-17 13:41:21.844 [warning] [Decorations] CAPPING events from decorations provider vscode.git 901
2023-04-17 13:41:26.962 [warning] [Decorations] CAPPING events from decorations provider vscode.git 901
2023-04-17 13:41:32.098 [warning] [Decorations] CAPPING events from decorations provider vscode.git 901
2023-04-17 13:41:37.245 [warning] [Decorations] CAPPING events from decorations provider vscode.git 901
2023-04-17 13:41:42.388 [warning] [Decorations] CAPPING events from decorations provider vscode.git 901
2023-04-17 13:41:47.549 [warning] [Decorations] CAPPING events from decorations provider vscode.git 901
2023-04-17 13:41:52.701 [warning] [Decorations] CAPPING events from decorations provider vscode.git 901
2023-04-17 13:41:57.824 [warning] [Decorations] CAPPING events from decorations provider vscode.git 901
2023-04-17 13:42:02.967 [warning] [Decorations] CAPPING events from decorations provider vscode.git 901
2023-04-17 13:42:08.143 [warning] [Decorations] CAPPING events from decorations provider vscode.git 901
2023-04-17 13:42:13.292 [warning] [Decorations] CAPPING events from decorations provider vscode.git 901
2023-04-17 13:42:18.444 [warning] [Decorations] CAPPING events from decorations provider vscode.git 901
2023-04-17 13:42:23.595 [warning] [Decorations] CAPPING events from decorations provider vscode.git 901
2023-04-17 13:42:28.786 [warning] [Decorations] CAPPING events from decorations provider vscode.git 901
2023-04-17 13:42:33.924 [warning] [Decorations] CAPPING events from decorations provider vscode.git 901
2023-04-17 13:42:39.101 [warning] [Decorations] CAPPING events from decorations provider vscode.git 901
2023-04-17 13:42:44.248 [warning] [Decorations] CAPPING events from decorations provider vscode.git 901
2023-04-17 13:42:49.391 [warning] [Decorations] CAPPING events from decorations provider vscode.git 901
2023-04-17 13:42:54.550 [warning] [Decorations] CAPPING events from decorations provider vscode.git 901
2023-04-17 13:42:59.727 [warning] [Decorations] CAPPING events from decorations provider vscode.git 901
2023-04-17 13:43:04.895 [warning] [Decorations] CAPPING events from decorations provider vscode.git 901
2023-04-17 13:43:10.033 [warning] [Decorations] CAPPING events from decorations provider vscode.git 901
2023-04-17 13:43:15.206 [warning] [Decorations] CAPPING events from decorations provider vscode.git 901
2023-04-17 13:43:20.346 [warning] [Decorations] CAPPING events from decorations provider vscode.git 901
2023-04-17 13:43:25.503 [warning] [Decorations] CAPPING events from decorations provider vscode.git 901
2023-04-17 13:43:30.687 [warning] [Decorations] CAPPING events from decorations provider vscode.git 901
2023-04-17 13:43:35.857 [warning] [Decorations] CAPPING events from decorations provider vscode.git 901
2023-04-17 13:43:41.010 [warning] [Decorations] CAPPING events from decorations provider vscode.git 901
2023-04-17 13:43:46.161 [warning] [Decorations] CAPPING events from decorations provider vscode.git 901
2023-04-17 13:43:51.369 [warning] [Decorations] CAPPING events from decorations provider vscode.git 901
2023-04-17 13:43:56.503 [warning] [Decorations] CAPPING events from decorations provider vscode.git 901
2023-04-17 13:44:01.667 [warning] [Decorations] CAPPING events from decorations provider vscode.git 901
2023-04-17 13:44:06.794 [warning] [Decorations] CAPPING events from decorations provider vscode.git 901
2023-04-17 13:44:11.948 [warning] [Decorations] CAPPING events from decorations provider vscode.git 901
2023-04-17 13:44:17.108 [warning] [Decorations] CAPPING events from decorations provider vscode.git 901
2023-04-17 13:44:22.266 [warning] [Decorations] CAPPING events from decorations provider vscode.git 901
2023-04-17 13:44:27.452 [warning] [Decorations] CAPPING events from decorations provider vscode.git 901
2023-04-17 13:44:32.644 [warning] [Decorations] CAPPING events from decorations provider vscode.git 901
2023-04-17 13:44:37.820 [warning] [Decorations] CAPPING events from decorations provider vscode.git 901
2023-04-17 13:44:43.006 [warning] [Decorations] CAPPING events from decorations provider vscode.git 901
2023-04-17 13:44:48.134 [warning] [Decorations] CAPPING events from decorations provider vscode.git 901
2023-04-17 13:44:53.261 [warning] [Decorations] CAPPING events from decorations provider vscode.git 901
2023-04-17 13:44:58.407 [warning] [Decorations] CAPPING events from decorations provider vscode.git 901
2023-04-17 13:45:03.531 [warning] [Decorations] CAPPING events from decorations provider vscode.git 901
2023-04-17 13:45:08.672 [warning] [Decorations] CAPPING events from decorations provider vscode.git 901
2023-04-17 13:45:13.813 [warning] [Decorations] CAPPING events from decorations provider vscode.git 901
2023-04-17 13:45:18.959 [warning] [Decorations] CAPPING events from decorations provider vscode.git 901
2023-04-17 13:45:24.120 [warning] [Decorations] CAPPING events from decorations provider vscode.git 901
2023-04-17 13:45:29.283 [warning] [Decorations] CAPPING events from decorations provider vscode.git 901
2023-04-17 13:45:34.443 [warning] [Decorations] CAPPING events from decorations provider vscode.git 901
2023-04-17 13:45:39.569 [warning] [Decorations] CAPPING events from decorations provider vscode.git 901
2023-04-17 13:45:44.785 [warning] [Decorations] CAPPING events from decorations provider vscode.git 901
2023-04-17 13:45:49.910 [warning] [Decorations] CAPPING events from decorations provider vscode.git 901
2023-04-17 13:45:55.054 [warning] [Decorations] CAPPING events from decorations provider vscode.git 901
2023-04-17 13:46:00.226 [warning] [Decorations] CAPPING events from decorations provider vscode.git 901
2023-04-17 13:46:05.366 [warning] [Decorations] CAPPING events from decorations provider vscode.git 901
2023-04-17 13:46:10.492 [warning] [Decorations] CAPPING events from decorations provider vscode.git 901
2023-04-17 13:46:15.646 [warning] [Decorations] CAPPING events from decorations provider vscode.git 901
2023-04-17 13:46:20.782 [warning] [Decorations] CAPPING events from decorations provider vscode.git 901
2023-04-17 13:46:25.914 [warning] [Decorations] CAPPING events from decorations provider vscode.git 901
2023-04-17 13:46:31.044 [warning] [Decorations] CAPPING events from decorations provider vscode.git 901
2023-04-17 13:46:36.168 [warning] [Decorations] CAPPING events from decorations provider vscode.git 901
2023-04-17 13:46:41.301 [warning] [Decorations] CAPPING events from decorations provider vscode.git 901
2023-04-17 14:15:29.194 [warning] [Decorations] CAPPING events from decorations provider vscode.git 901
2023-04-17 14:15:35.395 [warning] [Decorations] CAPPING events from decorations provider vscode.git 901
2023-04-17 14:15:40.837 [warning] [Decorations] CAPPING events from decorations provider vscode.git 901
2023-04-17 14:15:46.003 [warning] [Decorations] CAPPING events from decorations provider vscode.git 901
2023-04-17 14:15:51.199 [warning] [Decorations] CAPPING events from decorations provider vscode.git 901
2023-04-17 14:15:56.394 [warning] [Decorations] CAPPING events from decorations provider vscode.git 901
2023-04-17 14:16:01.561 [warning] [Decorations] CAPPING events from decorations provider vscode.git 901
2023-04-17 14:16:06.812 [warning] [Decorations] CAPPING events from decorations provider vscode.git 901
2023-04-17 14:16:11.989 [warning] [Decorations] CAPPING events from decorations provider vscode.git 901
2023-04-17 14:16:17.143 [warning] [Decorations] CAPPING events from decorations provider vscode.git 901
2023-04-17 14:16:22.287 [warning] [Decorations] CAPPING events from decorations provider vscode.git 901
2023-04-17 14:16:27.423 [warning] [Decorations] CAPPING events from decorations provider vscode.git 901
2023-04-17 14:16:32.641 [warning] [Decorations] CAPPING events from decorations provider vscode.git 901
2023-04-17 14:16:37.977 [warning] [Decorations] CAPPING events from decorations provider vscode.git 901
2023-04-17 14:16:43.154 [warning] [Decorations] CAPPING events from decorations provider vscode.git 901
2023-04-17 14:16:48.389 [warning] [Decorations] CAPPING events from decorations provider vscode.git 901
2023-04-17 14:16:53.566 [warning] [Decorations] CAPPING events from decorations provider vscode.git 901
2023-04-17 14:16:58.751 [warning] [Decorations] CAPPING events from decorations provider vscode.git 901
2023-04-17 14:17:03.924 [warning] [Decorations] CAPPING events from decorations provider vscode.git 901
2023-04-17 14:17:09.056 [warning] [Decorations] CAPPING events from decorations provider vscode.git 901
2023-04-17 14:17:14.231 [warning] [Decorations] CAPPING events from decorations provider vscode.git 901
2023-04-17 14:17:19.369 [warning] [Decorations] CAPPING events from decorations provider vscode.git 901
2023-04-17 14:17:25.057 [warning] [Decorations] CAPPING events from decorations provider vscode.git 901
2023-04-17 14:17:30.272 [warning] [Decorations] CAPPING events from decorations provider vscode.git 901
2023-04-17 14:17:35.458 [warning] [Decorations] CAPPING events from decorations provider vscode.git 901
2023-04-17 14:17:40.583 [warning] [Decorations] CAPPING events from decorations provider vscode.git 901
2023-04-17 14:17:45.725 [warning] [Decorations] CAPPING events from decorations provider vscode.git 901
2023-04-17 14:17:50.844 [warning] [Decorations] CAPPING events from decorations provider vscode.git 901
2023-04-17 14:17:56.053 [warning] [Decorations] CAPPING events from decorations provider vscode.git 901
2023-04-17 14:18:01.231 [warning] [Decorations] CAPPING events from decorations provider vscode.git 901
2023-04-17 14:18:06.365 [warning] [Decorations] CAPPING events from decorations provider vscode.git 901
2023-04-17 14:18:11.522 [warning] [Decorations] CAPPING events from decorations provider vscode.git 901
2023-04-17 14:18:16.650 [warning] [Decorations] CAPPING events from decorations provider vscode.git 901
2023-04-17 14:18:21.819 [warning] [Decorations] CAPPING events from decorations provider vscode.git 901
2023-04-17 14:18:26.977 [warning] [Decorations] CAPPING events from decorations provider vscode.git 901
2023-04-17 14:18:32.147 [warning] [Decorations] CAPPING events from decorations provider vscode.git 901
2023-04-17 14:18:37.333 [warning] [Decorations] CAPPING events from decorations provider vscode.git 901
2023-04-17 14:18:42.482 [warning] [Decorations] CAPPING events from decorations provider vscode.git 901
2023-04-17 14:18:47.666 [warning] [Decorations] CAPPING events from decorations provider vscode.git 901
2023-04-17 14:18:52.816 [warning] [Decorations] CAPPING events from decorations provider vscode.git 901
2023-04-17 14:18:57.989 [warning] [Decorations] CAPPING events from decorations provider vscode.git 901
2023-04-17 14:19:03.220 [warning] [Decorations] CAPPING events from decorations provider vscode.git 901
2023-04-17 14:19:08.340 [warning] [Decorations] CAPPING events from decorations provider vscode.git 901
2023-04-17 14:19:13.485 [warning] [Decorations] CAPPING events from decorations provider vscode.git 901
2023-04-17 14:19:18.614 [warning] [Decorations] CAPPING events from decorations provider vscode.git 901
2023-04-17 14:19:23.750 [warning] [Decorations] CAPPING events from decorations provider vscode.git 901
2023-04-17 14:19:28.897 [warning] [Decorations] CAPPING events from decorations provider vscode.git 901
2023-04-17 14:19:34.047 [warning] [Decorations] CAPPING events from decorations provider vscode.git 901
2023-04-17 14:19:39.225 [warning] [Decorations] CAPPING events from decorations provider vscode.git 901
2023-04-17 14:19:44.366 [warning] [Decorations] CAPPING events from decorations provider vscode.git 901
2023-04-17 14:19:49.520 [warning] [Decorations] CAPPING events from decorations provider vscode.git 901
2023-04-17 14:19:54.713 [warning] [Decorations] CAPPING events from decorations provider vscode.git 901
2023-04-17 14:19:59.837 [warning] [Decorations] CAPPING events from decorations provider vscode.git 901
2023-04-17 14:20:04.999 [warning] [Decorations] CAPPING events from decorations provider vscode.git 901
2023-04-17 14:20:10.144 [warning] [Decorations] CAPPING events from decorations provider vscode.git 901
2023-04-17 14:20:15.286 [warning] [Decorations] CAPPING events from decorations provider vscode.git 901
2023-04-17 14:20:20.417 [warning] [Decorations] CAPPING events from decorations provider vscode.git 901
2023-04-17 14:20:25.563 [warning] [Decorations] CAPPING events from decorations provider vscode.git 901
2023-04-17 14:20:30.723 [warning] [Decorations] CAPPING events from decorations provider vscode.git 901
2023-04-17 14:20:35.904 [warning] [Decorations] CAPPING events from decorations provider vscode.git 901
2023-04-17 14:20:41.084 [warning] [Decorations] CAPPING events from decorations provider vscode.git 901
2023-04-17 14:20:46.215 [warning] [Decorations] CAPPING events from decorations provider vscode.git 901
2023-04-17 14:20:51.349 [warning] [Decorations] CAPPING events from decorations provider vscode.git 901
2023-04-17 14:20:56.479 [warning] [Decorations] CAPPING events from decorations provider vscode.git 901
2023-04-17 14:21:01.604 [warning] [Decorations] CAPPING events from decorations provider vscode.git 901
2023-04-17 14:21:06.727 [warning] [Decorations] CAPPING events from decorations provider vscode.git 901
2023-04-17 14:21:11.858 [warning] [Decorations] CAPPING events from decorations provider vscode.git 901
2023-04-17 14:21:17.010 [warning] [Decorations] CAPPING events from decorations provider vscode.git 901
2023-04-17 14:21:22.158 [warning] [Decorations] CAPPING events from decorations provider vscode.git 901
2023-04-17 14:21:27.304 [warning] [Decorations] CAPPING events from decorations provider vscode.git 901
2023-04-17 14:21:32.430 [warning] [Decorations] CAPPING events from decorations provider vscode.git 901
2023-04-17 14:21:37.580 [warning] [Decorations] CAPPING events from decorations provider vscode.git 901
2023-04-17 14:21:42.763 [warning] [Decorations] CAPPING events from decorations provider vscode.git 901
2023-04-17 14:21:47.906 [warning] [Decorations] CAPPING events from decorations provider vscode.git 901
2023-04-17 14:21:53.048 [warning] [Decorations] CAPPING events from decorations provider vscode.git 901
2023-04-17 14:21:58.200 [warning] [Decorations] CAPPING events from decorations provider vscode.git 901
2023-04-17 14:22:03.346 [warning] [Decorations] CAPPING events from decorations provider vscode.git 901
2023-04-17 14:22:08.530 [warning] [Decorations] CAPPING events from decorations provider vscode.git 901
2023-04-17 14:22:13.683 [warning] [Decorations] CAPPING events from decorations provider vscode.git 901
2023-04-17 14:22:18.812 [warning] [Decorations] CAPPING events from decorations provider vscode.git 901
2023-04-17 14:22:23.947 [warning] [Decorations] CAPPING events from decorations provider vscode.git 901
2023-04-17 14:22:29.087 [warning] [Decorations] CAPPING events from decorations provider vscode.git 901
2023-04-17 14:22:34.234 [warning] [Decorations] CAPPING events from decorations provider vscode.git 901
2023-04-17 14:22:39.360 [warning] [Decorations] CAPPING events from decorations provider vscode.git 901
2023-04-17 14:22:44.539 [warning] [Decorations] CAPPING events from decorations provider vscode.git 901
2023-04-17 14:22:49.679 [warning] [Decorations] CAPPING events from decorations provider vscode.git 901
2023-04-17 14:22:54.866 [warning] [Decorations] CAPPING events from decorations provider vscode.git 901
2023-04-17 14:22:59.989 [warning] [Decorations] CAPPING events from decorations provider vscode.git 901
2023-04-17 14:23:05.109 [warning] [Decorations] CAPPING events from decorations provider vscode.git 901
2023-04-17 14:23:10.333 [warning] [Decorations] CAPPING events from decorations provider vscode.git 901
2023-04-17 14:23:15.506 [warning] [Decorations] CAPPING events from decorations provider vscode.git 901
2023-04-17 14:23:20.659 [warning] [Decorations] CAPPING events from decorations provider vscode.git 901
2023-04-17 14:23:25.790 [warning] [Decorations] CAPPING events from decorations provider vscode.git 901
2023-04-17 14:23:30.964 [warning] [Decorations] CAPPING events from decorations provider vscode.git 901
2023-04-17 14:23:36.113 [warning] [Decorations] CAPPING events from decorations provider vscode.git 901
2023-04-17 14:23:41.321 [warning] [Decorations] CAPPING events from decorations provider vscode.git 901
2023-04-17 14:23:46.491 [warning] [Decorations] CAPPING events from decorations provider vscode.git 901
2023-04-17 14:23:51.635 [warning] [Decorations] CAPPING events from decorations provider vscode.git 901
2023-04-17 14:23:56.776 [warning] [Decorations] CAPPING events from decorations provider vscode.git 901
2023-04-17 14:24:01.982 [warning] [Decorations] CAPPING events from decorations provider vscode.git 901
2023-04-17 14:24:07.128 [warning] [Decorations] CAPPING events from decorations provider vscode.git 901
2023-04-17 14:24:12.263 [warning] [Decorations] CAPPING events from decorations provider vscode.git 901
2023-04-17 14:24:17.395 [warning] [Decorations] CAPPING events from decorations provider vscode.git 901
2023-04-17 14:24:22.531 [warning] [Decorations] CAPPING events from decorations provider vscode.git 901
2023-04-17 14:24:27.732 [warning] [Decorations] CAPPING events from decorations provider vscode.git 901
2023-04-17 14:24:32.969 [warning] [Decorations] CAPPING events from decorations provider vscode.git 901
2023-04-17 14:24:38.109 [warning] [Decorations] CAPPING events from decorations provider vscode.git 901
2023-04-17 14:24:43.308 [warning] [Decorations] CAPPING events from decorations provider vscode.git 901
2023-04-17 14:24:48.441 [warning] [Decorations] CAPPING events from decorations provider vscode.git 901
2023-04-17 14:24:53.613 [warning] [Decorations] CAPPING events from decorations provider vscode.git 901
2023-04-17 14:24:58.755 [warning] [Decorations] CAPPING events from decorations provider vscode.git 901
2023-04-17 14:25:03.876 [warning] [Decorations] CAPPING events from decorations provider vscode.git 901
2023-04-17 14:31:49.809 [warning] [Decorations] CAPPING events from decorations provider vscode.git 901
2023-04-17 14:31:55.091 [warning] [Decorations] CAPPING events from decorations provider vscode.git 901
2023-04-17 14:32:00.265 [warning] [Decorations] CAPPING events from decorations provider vscode.git 901
2023-04-17 14:32:05.418 [warning] [Decorations] CAPPING events from decorations provider vscode.git 901
2023-04-17 14:32:10.655 [warning] [Decorations] CAPPING events from decorations provider vscode.git 901
2023-04-17 14:32:15.837 [warning] [Decorations] CAPPING events from decorations provider vscode.git 901
2023-04-17 14:32:20.978 [warning] [Decorations] CAPPING events from decorations provider vscode.git 901
2023-04-17 14:32:26.138 [warning] [Decorations] CAPPING events from decorations provider vscode.git 901
2023-04-17 14:32:31.574 [warning] [Decorations] CAPPING events from decorations provider vscode.git 901
2023-04-17 14:32:36.782 [warning] [Decorations] CAPPING events from decorations provider vscode.git 901
2023-04-17 14:32:41.957 [warning] [Decorations] CAPPING events from decorations provider vscode.git 901
2023-04-17 14:32:47.146 [warning] [Decorations] CAPPING events from decorations provider vscode.git 901
2023-04-17 14:32:52.312 [warning] [Decorations] CAPPING events from decorations provider vscode.git 901
2023-04-17 14:32:57.496 [warning] [Decorations] CAPPING events from decorations provider vscode.git 901
2023-04-17 14:33:02.673 [warning] [Decorations] CAPPING events from decorations provider vscode.git 901
2023-04-17 14:33:07.831 [warning] [Decorations] CAPPING events from decorations provider vscode.git 901
2023-04-17 14:33:12.986 [warning] [Decorations] CAPPING events from decorations provider vscode.git 901
2023-04-17 14:33:18.136 [warning] [Decorations] CAPPING events from decorations provider vscode.git 901
2023-04-17 14:33:23.298 [warning] [Decorations] CAPPING events from decorations provider vscode.git 901
2023-04-17 14:33:28.423 [warning] [Decorations] CAPPING events from decorations provider vscode.git 901
2023-04-17 14:33:33.599 [warning] [Decorations] CAPPING events from decorations provider vscode.git 901
2023-04-17 14:33:38.802 [warning] [Decorations] CAPPING events from decorations provider vscode.git 901
2023-04-17 14:33:43.967 [warning] [Decorations] CAPPING events from decorations provider vscode.git 901
2023-04-17 14:33:49.335 [warning] [Decorations] CAPPING events from decorations provider vscode.git 901
2023-04-17 14:33:54.601 [warning] [Decorations] CAPPING events from decorations provider vscode.git 901
2023-04-17 14:33:59.828 [warning] [Decorations] CAPPING events from decorations provider vscode.git 901
2023-04-17 14:43:09.761 [warning] [Decorations] CAPPING events from decorations provider vscode.git 901
2023-04-17 14:43:15.059 [warning] [Decorations] CAPPING events from decorations provider vscode.git 901
2023-04-17 14:55:08.941 [warning] [Decorations] CAPPING events from decorations provider vscode.git 901
2023-04-17 14:55:14.126 [warning] [Decorations] CAPPING events from decorations provider vscode.git 901
2023-04-17 14:55:19.379 [warning] [Decorations] CAPPING events from decorations provider vscode.git 901
2023-04-18 07:27:25.209 [warning] [Decorations] CAPPING events from decorations provider vscode.git 901
2023-04-18 13:39:11.306 [warning] [Decorations] CAPPING events from decorations provider vscode.git 901
2023-04-18 13:39:16.684 [warning] [Decorations] CAPPING events from decorations provider vscode.git 901
2023-04-18 13:46:46.599 [warning] [Decorations] CAPPING events from decorations provider vscode.git 900
2023-04-18 16:27:57.852 [warning] [Decorations] CAPPING events from decorations provider vscode.git 900
2023-04-18 16:53:38.287 [warning] [Decorations] CAPPING events from decorations provider vscode.git 900
2023-04-18 16:55:05.112 [warning] [Decorations] CAPPING events from decorations provider vscode.git 900
2023-04-18 16:55:10.263 [warning] [Decorations] CAPPING events from decorations provider vscode.git 900
2023-04-18 16:56:09.297 [warning] [Decorations] CAPPING events from decorations provider vscode.git 900
2023-04-18 16:56:14.739 [warning] [Decorations] CAPPING events from decorations provider vscode.git 901
2023-04-18 17:00:44.828 [warning] [Decorations] CAPPING events from decorations provider vscode.git 901
2023-04-18 17:00:50.019 [warning] [Decorations] CAPPING events from decorations provider vscode.git 900
2023-04-18 17:00:55.188 [warning] [Decorations] CAPPING events from decorations provider vscode.git 900
2023-04-18 17:01:00.364 [warning] [Decorations] CAPPING events from decorations provider vscode.git 900
2023-04-18 17:01:05.544 [warning] [Decorations] CAPPING events from decorations provider vscode.git 900
2023-04-18 17:01:10.730 [warning] [Decorations] CAPPING events from decorations provider vscode.git 900
2023-04-18 17:01:15.923 [warning] [Decorations] CAPPING events from decorations provider vscode.git 900
2023-04-18 17:01:21.079 [warning] [Decorations] CAPPING events from decorations provider vscode.git 900
2023-04-18 17:01:26.319 [warning] [Decorations] CAPPING events from decorations provider vscode.git 900
2023-04-18 17:01:31.587 [warning] [Decorations] CAPPING events from decorations provider vscode.git 900
2023-04-18 17:01:37.306 [warning] [Decorations] CAPPING events from decorations provider vscode.git 900
2023-04-18 17:01:42.697 [warning] [Decorations] CAPPING events from decorations provider vscode.git 900
2023-04-18 17:01:47.866 [warning] [Decorations] CAPPING events from decorations provider vscode.git 900
2023-04-18 17:01:53.169 [warning] [Decorations] CAPPING events from decorations provider vscode.git 900
2023-04-18 17:01:58.320 [warning] [Decorations] CAPPING events from decorations provider vscode.git 900
2023-04-18 17:02:03.623 [warning] [Decorations] CAPPING events from decorations provider vscode.git 900
2023-04-18 17:02:09.132 [warning] [Decorations] CAPPING events from decorations provider vscode.git 900
2023-04-18 17:02:14.450 [warning] [Decorations] CAPPING events from decorations provider vscode.git 900
2023-04-18 17:02:19.731 [warning] [Decorations] CAPPING events from decorations provider vscode.git 900
2023-04-18 17:02:24.995 [warning] [Decorations] CAPPING events from decorations provider vscode.git 900
2023-04-18 17:02:30.286 [warning] [Decorations] CAPPING events from decorations provider vscode.git 900
2023-04-18 17:02:35.556 [warning] [Decorations] CAPPING events from decorations provider vscode.git 900
2023-04-18 17:02:40.758 [warning] [Decorations] CAPPING events from decorations provider vscode.git 900
2023-04-18 17:02:46.018 [warning] [Decorations] CAPPING events from decorations provider vscode.git 900
2023-04-18 17:02:51.188 [warning] [Decorations] CAPPING events from decorations provider vscode.git 900
2023-04-18 17:02:56.802 [warning] [Decorations] CAPPING events from decorations provider vscode.git 900
2023-04-18 17:03:02.019 [warning] [Decorations] CAPPING events from decorations provider vscode.git 900
2023-04-18 17:03:07.275 [warning] [Decorations] CAPPING events from decorations provider vscode.git 900
2023-04-18 17:03:12.468 [warning] [Decorations] CAPPING events from decorations provider vscode.git 900
2023-04-18 17:03:17.645 [warning] [Decorations] CAPPING events from decorations provider vscode.git 900
2023-04-18 17:03:22.833 [warning] [Decorations] CAPPING events from decorations provider vscode.git 900
2023-04-18 17:03:28.002 [warning] [Decorations] CAPPING events from decorations provider vscode.git 900
2023-04-18 17:03:33.168 [warning] [Decorations] CAPPING events from decorations provider vscode.git 900
2023-04-18 17:03:38.367 [warning] [Decorations] CAPPING events from decorations provider vscode.git 900
2023-04-18 17:03:43.599 [warning] [Decorations] CAPPING events from decorations provider vscode.git 900
2023-04-18 17:03:48.776 [warning] [Decorations] CAPPING events from decorations provider vscode.git 900
2023-04-18 17:03:53.941 [warning] [Decorations] CAPPING events from decorations provider vscode.git 900
2023-04-18 17:03:59.108 [warning] [Decorations] CAPPING events from decorations provider vscode.git 900
2023-04-18 17:04:04.344 [warning] [Decorations] CAPPING events from decorations provider vscode.git 900
2023-04-18 17:04:09.506 [warning] [Decorations] CAPPING events from decorations provider vscode.git 900
2023-04-18 17:04:14.685 [warning] [Decorations] CAPPING events from decorations provider vscode.git 900
2023-04-18 17:04:19.864 [warning] [Decorations] CAPPING events from decorations provider vscode.git 900
2023-04-18 17:04:25.125 [warning] [Decorations] CAPPING events from decorations provider vscode.git 900
2023-04-18 17:04:30.320 [warning] [Decorations] CAPPING events from decorations provider vscode.git 900
2023-04-18 17:04:35.490 [warning] [Decorations] CAPPING events from decorations provider vscode.git 900
2023-04-18 17:04:40.726 [warning] [Decorations] CAPPING events from decorations provider vscode.git 900
2023-04-18 17:04:45.890 [warning] [Decorations] CAPPING events from decorations provider vscode.git 900
2023-04-18 17:04:51.057 [warning] [Decorations] CAPPING events from decorations provider vscode.git 900
2023-04-18 17:04:56.225 [warning] [Decorations] CAPPING events from decorations provider vscode.git 900
2023-04-18 17:05:01.412 [warning] [Decorations] CAPPING events from decorations provider vscode.git 900
2023-04-18 17:05:06.602 [warning] [Decorations] CAPPING events from decorations provider vscode.git 900
2023-04-18 17:05:11.807 [warning] [Decorations] CAPPING events from decorations provider vscode.git 900
2023-04-18 17:05:17.108 [warning] [Decorations] CAPPING events from decorations provider vscode.git 900
2023-04-18 17:05:22.394 [warning] [Decorations] CAPPING events from decorations provider vscode.git 900
2023-04-18 17:05:27.551 [warning] [Decorations] CAPPING events from decorations provider vscode.git 900
2023-04-18 17:05:32.785 [warning] [Decorations] CAPPING events from decorations provider vscode.git 900
2023-04-18 17:05:37.952 [warning] [Decorations] CAPPING events from decorations provider vscode.git 900
2023-04-18 17:05:43.192 [warning] [Decorations] CAPPING events from decorations provider vscode.git 900
2023-04-18 17:05:48.416 [warning] [Decorations] CAPPING events from decorations provider vscode.git 900
2023-04-18 17:05:53.577 [warning] [Decorations] CAPPING events from decorations provider vscode.git 900
2023-04-18 17:05:58.749 [warning] [Decorations] CAPPING events from decorations provider vscode.git 900
2023-04-18 17:06:03.976 [warning] [Decorations] CAPPING events from decorations provider vscode.git 900
2023-04-18 17:06:09.147 [warning] [Decorations] CAPPING events from decorations provider vscode.git 900
2023-04-18 17:06:14.328 [warning] [Decorations] CAPPING events from decorations provider vscode.git 900
2023-04-18 17:06:19.483 [warning] [Decorations] CAPPING events from decorations provider vscode.git 900
2023-04-18 17:06:24.682 [warning] [Decorations] CAPPING events from decorations provider vscode.git 900
2023-04-18 17:06:29.834 [warning] [Decorations] CAPPING events from decorations provider vscode.git 900
2023-04-18 17:06:36.077 [warning] [Decorations] CAPPING events from decorations provider vscode.git 900
2023-04-18 17:06:41.734 [warning] [Decorations] CAPPING events from decorations provider vscode.git 900
2023-04-18 17:06:47.180 [warning] [Decorations] CAPPING events from decorations provider vscode.git 900
2023-04-18 17:06:52.395 [warning] [Decorations] CAPPING events from decorations provider vscode.git 900
2023-04-18 17:06:57.545 [warning] [Decorations] CAPPING events from decorations provider vscode.git 900
2023-04-18 17:07:02.744 [warning] [Decorations] CAPPING events from decorations provider vscode.git 900
2023-04-18 17:07:07.894 [warning] [Decorations] CAPPING events from decorations provider vscode.git 900
2023-04-18 17:07:13.047 [warning] [Decorations] CAPPING events from decorations provider vscode.git 900
2023-04-18 17:07:18.220 [warning] [Decorations] CAPPING events from decorations provider vscode.git 900
2023-04-18 17:07:23.368 [warning] [Decorations] CAPPING events from decorations provider vscode.git 900
2023-04-18 17:07:28.541 [warning] [Decorations] CAPPING events from decorations provider vscode.git 900
2023-04-18 17:07:33.702 [warning] [Decorations] CAPPING events from decorations provider vscode.git 900
2023-04-18 17:07:38.883 [warning] [Decorations] CAPPING events from decorations provider vscode.git 900
2023-04-18 17:07:44.030 [warning] [Decorations] CAPPING events from decorations provider vscode.git 900
2023-04-18 17:07:49.199 [warning] [Decorations] CAPPING events from decorations provider vscode.git 900
2023-04-18 17:07:54.348 [warning] [Decorations] CAPPING events from decorations provider vscode.git 900
2023-04-18 17:07:59.513 [warning] [Decorations] CAPPING events from decorations provider vscode.git 900
2023-04-18 17:08:04.661 [warning] [Decorations] CAPPING events from decorations provider vscode.git 900
2023-04-18 17:08:09.839 [warning] [Decorations] CAPPING events from decorations provider vscode.git 900
2023-04-18 17:08:15.031 [warning] [Decorations] CAPPING events from decorations provider vscode.git 900
2023-04-18 17:08:20.181 [warning] [Decorations] CAPPING events from decorations provider vscode.git 900
2023-04-18 17:08:25.355 [warning] [Decorations] CAPPING events from decorations provider vscode.git 900
2023-04-18 17:08:30.528 [warning] [Decorations] CAPPING events from decorations provider vscode.git 900
2023-04-18 17:08:35.707 [warning] [Decorations] CAPPING events from decorations provider vscode.git 900
2023-04-18 17:08:40.869 [warning] [Decorations] CAPPING events from decorations provider vscode.git 900
2023-04-18 17:08:46.014 [warning] [Decorations] CAPPING events from decorations provider vscode.git 900
2023-04-18 17:08:51.176 [warning] [Decorations] CAPPING events from decorations provider vscode.git 900
2023-04-18 17:08:56.305 [warning] [Decorations] CAPPING events from decorations provider vscode.git 900
2023-04-18 17:09:01.447 [warning] [Decorations] CAPPING events from decorations provider vscode.git 900
2023-04-18 17:09:06.767 [warning] [Decorations] CAPPING events from decorations provider vscode.git 900
2023-04-18 17:09:11.928 [warning] [Decorations] CAPPING events from decorations provider vscode.git 900
2023-04-18 17:09:17.070 [warning] [Decorations] CAPPING events from decorations provider vscode.git 900
2023-04-18 17:09:22.334 [warning] [Decorations] CAPPING events from decorations provider vscode.git 900
2023-04-18 17:09:27.513 [warning] [Decorations] CAPPING events from decorations provider vscode.git 900
2023-04-18 17:09:32.673 [warning] [Decorations] CAPPING events from decorations provider vscode.git 900
2023-04-18 17:09:39.933 [warning] [Decorations] CAPPING events from decorations provider vscode.git 900
2023-04-18 17:09:45.215 [warning] [Decorations] CAPPING events from decorations provider vscode.git 900
2023-04-18 17:09:50.516 [warning] [Decorations] CAPPING events from decorations provider vscode.git 900
2023-04-18 17:09:55.761 [warning] [Decorations] CAPPING events from decorations provider vscode.git 900
2023-04-18 17:10:00.979 [warning] [Decorations] CAPPING events from decorations provider vscode.git 900
2023-04-18 17:10:06.228 [warning] [Decorations] CAPPING events from decorations provider vscode.git 900
2023-04-18 17:10:11.385 [warning] [Decorations] CAPPING events from decorations provider vscode.git 900
2023-04-18 17:10:16.549 [warning] [Decorations] CAPPING events from decorations provider vscode.git 900
2023-04-18 17:10:21.708 [warning] [Decorations] CAPPING events from decorations provider vscode.git 900
2023-04-18 17:10:26.868 [warning] [Decorations] CAPPING events from decorations provider vscode.git 900
2023-04-18 17:10:32.051 [warning] [Decorations] CAPPING events from decorations provider vscode.git 900
2023-04-18 17:10:37.269 [warning] [Decorations] CAPPING events from decorations provider vscode.git 900
2023-04-18 17:10:42.519 [warning] [Decorations] CAPPING events from decorations provider vscode.git 900
2023-04-18 17:10:47.800 [warning] [Decorations] CAPPING events from decorations provider vscode.git 900
2023-04-18 17:10:53.868 [warning] [Decorations] CAPPING events from decorations provider vscode.git 900
2023-04-18 17:10:59.175 [warning] [Decorations] CAPPING events from decorations provider vscode.git 900
2023-04-18 17:11:04.437 [warning] [Decorations] CAPPING events from decorations provider vscode.git 900
2023-04-18 17:11:09.749 [warning] [Decorations] CAPPING events from decorations provider vscode.git 900
2023-04-18 17:11:15.046 [warning] [Decorations] CAPPING events from decorations provider vscode.git 900
2023-04-18 17:11:20.748 [warning] [Decorations] CAPPING events from decorations provider vscode.git 900
2023-04-18 17:11:26.160 [warning] [Decorations] CAPPING events from decorations provider vscode.git 900
2023-04-18 17:11:31.318 [warning] [Decorations] CAPPING events from decorations provider vscode.git 900
2023-04-18 17:11:36.523 [warning] [Decorations] CAPPING events from decorations provider vscode.git 900
2023-04-18 17:11:41.661 [warning] [Decorations] CAPPING events from decorations provider vscode.git 900
2023-04-18 17:11:46.802 [warning] [Decorations] CAPPING events from decorations provider vscode.git 900
2023-04-18 17:11:51.961 [warning] [Decorations] CAPPING events from decorations provider vscode.git 900
2023-04-18 17:11:57.145 [warning] [Decorations] CAPPING events from decorations provider vscode.git 900
2023-04-18 17:12:02.321 [warning] [Decorations] CAPPING events from decorations provider vscode.git 900
2023-04-18 17:12:07.495 [warning] [Decorations] CAPPING events from decorations provider vscode.git 900
2023-04-18 17:12:12.671 [warning] [Decorations] CAPPING events from decorations provider vscode.git 900
2023-04-18 17:12:17.826 [warning] [Decorations] CAPPING events from decorations provider vscode.git 900
2023-04-18 17:12:22.981 [warning] [Decorations] CAPPING events from decorations provider vscode.git 900
2023-04-18 17:12:28.158 [warning] [Decorations] CAPPING events from decorations provider vscode.git 900
2023-04-18 17:12:33.378 [warning] [Decorations] CAPPING events from decorations provider vscode.git 900
2023-04-18 17:12:38.632 [warning] [Decorations] CAPPING events from decorations provider vscode.git 900
2023-04-18 17:12:43.911 [warning] [Decorations] CAPPING events from decorations provider vscode.git 900
2023-04-18 17:12:49.087 [warning] [Decorations] CAPPING events from decorations provider vscode.git 900
2023-04-18 17:12:54.265 [warning] [Decorations] CAPPING events from decorations provider vscode.git 900
2023-04-18 17:12:59.418 [warning] [Decorations] CAPPING events from decorations provider vscode.git 900
2023-04-18 17:13:04.563 [warning] [Decorations] CAPPING events from decorations provider vscode.git 900
2023-04-18 17:13:09.715 [warning] [Decorations] CAPPING events from decorations provider vscode.git 900
2023-04-18 17:13:14.863 [warning] [Decorations] CAPPING events from decorations provider vscode.git 900
2023-04-18 17:13:20.028 [warning] [Decorations] CAPPING events from decorations provider vscode.git 900
2023-04-18 17:13:25.168 [warning] [Decorations] CAPPING events from decorations provider vscode.git 900
2023-04-18 17:13:30.398 [warning] [Decorations] CAPPING events from decorations provider vscode.git 900
2023-04-18 17:13:35.561 [warning] [Decorations] CAPPING events from decorations provider vscode.git 900
2023-04-18 17:13:40.713 [warning] [Decorations] CAPPING events from decorations provider vscode.git 900
2023-04-18 17:13:45.882 [warning] [Decorations] CAPPING events from decorations provider vscode.git 900
2023-04-18 17:13:51.055 [warning] [Decorations] CAPPING events from decorations provider vscode.git 900
2023-04-18 17:13:56.242 [warning] [Decorations] CAPPING events from decorations provider vscode.git 900
2023-04-18 17:14:01.400 [warning] [Decorations] CAPPING events from decorations provider vscode.git 900
2023-04-18 17:14:07.148 [warning] [Decorations] CAPPING events from decorations provider vscode.git 900
2023-04-18 17:14:12.295 [warning] [Decorations] CAPPING events from decorations provider vscode.git 900
2023-04-18 17:14:17.494 [warning] [Decorations] CAPPING events from decorations provider vscode.git 900
2023-04-18 17:14:22.666 [warning] [Decorations] CAPPING events from decorations provider vscode.git 900
2023-04-18 17:14:27.828 [warning] [Decorations] CAPPING events from decorations provider vscode.git 900
2023-04-18 17:14:33.026 [warning] [Decorations] CAPPING events from decorations provider vscode.git 900
2023-04-18 17:14:38.201 [warning] [Decorations] CAPPING events from decorations provider vscode.git 900
2023-04-18 17:14:43.365 [warning] [Decorations] CAPPING events from decorations provider vscode.git 900
2023-04-18 17:14:48.521 [warning] [Decorations] CAPPING events from decorations provider vscode.git 900
2023-04-18 17:14:53.669 [warning] [Decorations] CAPPING events from decorations provider vscode.git 900
2023-04-18 17:14:58.822 [warning] [Decorations] CAPPING events from decorations provider vscode.git 900
2023-04-18 17:15:03.981 [warning] [Decorations] CAPPING events from decorations provider vscode.git 900
2023-04-18 17:15:09.140 [warning] [Decorations] CAPPING events from decorations provider vscode.git 900
2023-04-18 17:15:14.302 [warning] [Decorations] CAPPING events from decorations provider vscode.git 900
2023-04-18 17:15:19.466 [warning] [Decorations] CAPPING events from decorations provider vscode.git 900
2023-04-18 17:15:24.630 [warning] [Decorations] CAPPING events from decorations provider vscode.git 900
2023-04-18 17:15:29.794 [warning] [Decorations] CAPPING events from decorations provider vscode.git 900
2023-04-18 17:15:34.960 [warning] [Decorations] CAPPING events from decorations provider vscode.git 900
2023-04-18 17:15:40.106 [warning] [Decorations] CAPPING events from decorations provider vscode.git 900
2023-04-18 17:15:45.274 [warning] [Decorations] CAPPING events from decorations provider vscode.git 900
2023-04-18 17:15:50.444 [warning] [Decorations] CAPPING events from decorations provider vscode.git 900
2023-04-18 17:15:55.658 [warning] [Decorations] CAPPING events from decorations provider vscode.git 900
2023-04-18 17:16:00.809 [warning] [Decorations] CAPPING events from decorations provider vscode.git 900
2023-04-18 17:16:05.951 [warning] [Decorations] CAPPING events from decorations provider vscode.git 900
2023-04-18 17:16:11.113 [warning] [Decorations] CAPPING events from decorations provider vscode.git 900
2023-04-18 17:16:16.527 [warning] [Decorations] CAPPING events from decorations provider vscode.git 900
2023-04-18 17:16:21.761 [warning] [Decorations] CAPPING events from decorations provider vscode.git 900
2023-04-18 17:16:26.930 [warning] [Decorations] CAPPING events from decorations provider vscode.git 900
2023-04-18 17:16:32.083 [warning] [Decorations] CAPPING events from decorations provider vscode.git 900
2023-04-18 17:16:37.259 [warning] [Decorations] CAPPING events from decorations provider vscode.git 900
2023-04-18 17:16:42.432 [warning] [Decorations] CAPPING events from decorations provider vscode.git 900
2023-04-18 17:16:47.687 [warning] [Decorations] CAPPING events from decorations provider vscode.git 900
2023-04-18 17:16:52.865 [warning] [Decorations] CAPPING events from decorations provider vscode.git 900
2023-04-18 17:16:58.018 [warning] [Decorations] CAPPING events from decorations provider vscode.git 900
2023-04-18 17:17:03.224 [warning] [Decorations] CAPPING events from decorations provider vscode.git 900
2023-04-18 17:17:08.393 [warning] [Decorations] CAPPING events from decorations provider vscode.git 900
2023-04-18 17:17:13.562 [warning] [Decorations] CAPPING events from decorations provider vscode.git 900
2023-04-18 17:17:18.727 [warning] [Decorations] CAPPING events from decorations provider vscode.git 900
2023-04-18 17:17:23.911 [warning] [Decorations] CAPPING events from decorations provider vscode.git 900
2023-04-18 17:17:29.088 [warning] [Decorations] CAPPING events from decorations provider vscode.git 900
2023-04-18 17:17:36.531 [warning] [Decorations] CAPPING events from decorations provider vscode.git 900
2023-04-18 17:17:41.768 [warning] [Decorations] CAPPING events from decorations provider vscode.git 900
2023-04-18 17:17:46.946 [warning] [Decorations] CAPPING events from decorations provider vscode.git 900
2023-04-18 17:17:52.088 [warning] [Decorations] CAPPING events from decorations provider vscode.git 900
2023-04-18 17:17:57.285 [warning] [Decorations] CAPPING events from decorations provider vscode.git 900
2023-04-18 17:18:02.485 [warning] [Decorations] CAPPING events from decorations provider vscode.git 900
2023-04-18 17:18:07.684 [warning] [Decorations] CAPPING events from decorations provider vscode.git 900
2023-04-18 17:18:12.950 [warning] [Decorations] CAPPING events from decorations provider vscode.git 900
2023-04-18 17:18:18.123 [warning] [Decorations] CAPPING events from decorations provider vscode.git 900
2023-04-18 17:18:23.324 [warning] [Decorations] CAPPING events from decorations provider vscode.git 900
2023-04-18 17:22:21.789 [warning] [Decorations] CAPPING events from decorations provider vscode.git 900
2023-04-18 17:22:27.073 [warning] [Decorations] CAPPING events from decorations provider vscode.git 900
2023-04-18 17:22:32.329 [warning] [Decorations] CAPPING events from decorations provider vscode.git 900
2023-04-18 17:22:37.507 [warning] [Decorations] CAPPING events from decorations provider vscode.git 900
2023-04-18 17:22:42.783 [warning] [Decorations] CAPPING events from decorations provider vscode.git 919
2023-04-18 17:22:48.030 [warning] [Decorations] CAPPING events from decorations provider vscode.git 901
2023-04-18 17:22:53.269 [warning] [Decorations] CAPPING events from decorations provider vscode.git 901
2023-04-18 17:22:58.470 [warning] [Decorations] CAPPING events from decorations provider vscode.git 901
2023-04-18 17:23:03.761 [warning] [Decorations] CAPPING events from decorations provider vscode.git 901
2023-04-18 17:23:08.980 [warning] [Decorations] CAPPING events from decorations provider vscode.git 901
2023-04-18 17:23:14.223 [warning] [Decorations] CAPPING events from decorations provider vscode.git 901
2023-04-18 17:23:19.437 [warning] [Decorations] CAPPING events from decorations provider vscode.git 901
2023-04-18 17:23:24.635 [warning] [Decorations] CAPPING events from decorations provider vscode.git 901
2023-04-18 17:23:29.911 [warning] [Decorations] CAPPING events from decorations provider vscode.git 901
2023-04-18 17:23:35.186 [warning] [Decorations] CAPPING events from decorations provider vscode.git 901
2023-04-18 17:23:36.380 [warning] [Decorations] CAPPING events from decorations provider vscode.git 901
