2023-03-29 14:38:39.759 [info] Extension host with pid 11889 started
2023-03-29 14:38:39.759 [info] Skipping acquiring lock for /home/danielazoccari/.config/Code/User/workspaceStorage/ef38076e675e4f3814692a400186508b.
2023-03-29 14:38:40.500 [info] ExtensionService#_doActivateExtension vscode.emmet, startup: false, activationEvent: 'onLanguage'
2023-03-29 14:38:40.534 [info] ExtensionService#_doActivateExtension vscode.html-language-features, startup: false, activationEvent: 'onLanguage:html'
2023-03-29 14:38:40.682 [info] ExtensionService#_doActivateExtension vscode.git-base, startup: true, activationEvent: '*', root cause: vscode.git
2023-03-29 14:38:40.970 [info] Extension host terminating: renderer closed the MessagePort
2023-03-29 14:38:40.998 [info] Extension host with pid 11889 exiting with code 0
2023-03-29 14:38:40.999 [info] Eager extensions activated
2023-03-29 14:38:41.000 [error] Activating extension vscode.debug-auto-launch failed due to an error:
2023-03-29 14:38:41.000 [error] Canceled: Canceled
	at new l (/usr/share/code/resources/app/out/vs/workbench/api/node/extensionHostProcess.js:96:88793)
	at a.O (/usr/share/code/resources/app/out/vs/workbench/api/node/extensionHostProcess.js:106:11260)
	at V.<computed>.Q.charCodeAt.V.<computed> (/usr/share/code/resources/app/out/vs/workbench/api/node/extensionHostProcess.js:106:8550)
	at f.Y (/usr/share/code/resources/app/out/vs/workbench/api/node/extensionHostProcess.js:108:11539)
	at Object.actualActivateExtension (/usr/share/code/resources/app/out/vs/workbench/api/node/extensionHostProcess.js:108:8591)
	at f.n (/usr/share/code/resources/app/out/vs/workbench/api/node/extensionHostProcess.js:94:6831)
	at f.m (/usr/share/code/resources/app/out/vs/workbench/api/node/extensionHostProcess.js:94:6792)
	at f.l (/usr/share/code/resources/app/out/vs/workbench/api/node/extensionHostProcess.js:94:6249)
	at new f (/usr/share/code/resources/app/out/vs/workbench/api/node/extensionHostProcess.js:94:6176)
	at D.k (/usr/share/code/resources/app/out/vs/workbench/api/node/extensionHostProcess.js:94:5656)
	at D.j (/usr/share/code/resources/app/out/vs/workbench/api/node/extensionHostProcess.js:94:5611)
	at /usr/share/code/resources/app/out/vs/workbench/api/node/extensionHostProcess.js:94:4445
	at Array.map (<anonymous>)
	at D.h (/usr/share/code/resources/app/out/vs/workbench/api/node/extensionHostProcess.js:94:4433)
	at D.activateById (/usr/share/code/resources/app/out/vs/workbench/api/node/extensionHostProcess.js:94:4345)
	at f.S (/usr/share/code/resources/app/out/vs/workbench/api/node/extensionHostProcess.js:108:10068)
	at f.eb (/usr/share/code/resources/app/out/vs/workbench/api/node/extensionHostProcess.js:108:15044)
	at /usr/share/code/resources/app/out/vs/workbench/api/node/extensionHostProcess.js:108:15733
2023-03-29 14:38:41.001 [error] Activating extension vscode.merge-conflict failed due to an error:
2023-03-29 14:38:41.001 [error] Canceled: Canceled
	at new l (/usr/share/code/resources/app/out/vs/workbench/api/node/extensionHostProcess.js:96:88793)
	at a.O (/usr/share/code/resources/app/out/vs/workbench/api/node/extensionHostProcess.js:106:11260)
	at V.<computed>.Q.charCodeAt.V.<computed> (/usr/share/code/resources/app/out/vs/workbench/api/node/extensionHostProcess.js:106:8550)
	at f.Y (/usr/share/code/resources/app/out/vs/workbench/api/node/extensionHostProcess.js:108:11539)
	at Object.actualActivateExtension (/usr/share/code/resources/app/out/vs/workbench/api/node/extensionHostProcess.js:108:8591)
	at f.n (/usr/share/code/resources/app/out/vs/workbench/api/node/extensionHostProcess.js:94:6831)
	at f.m (/usr/share/code/resources/app/out/vs/workbench/api/node/extensionHostProcess.js:94:6792)
	at f.l (/usr/share/code/resources/app/out/vs/workbench/api/node/extensionHostProcess.js:94:6249)
	at new f (/usr/share/code/resources/app/out/vs/workbench/api/node/extensionHostProcess.js:94:6176)
	at D.k (/usr/share/code/resources/app/out/vs/workbench/api/node/extensionHostProcess.js:94:5656)
	at D.j (/usr/share/code/resources/app/out/vs/workbench/api/node/extensionHostProcess.js:94:5611)
	at /usr/share/code/resources/app/out/vs/workbench/api/node/extensionHostProcess.js:94:4445
	at Array.map (<anonymous>)
	at D.h (/usr/share/code/resources/app/out/vs/workbench/api/node/extensionHostProcess.js:94:4433)
	at D.activateById (/usr/share/code/resources/app/out/vs/workbench/api/node/extensionHostProcess.js:94:4345)
	at f.S (/usr/share/code/resources/app/out/vs/workbench/api/node/extensionHostProcess.js:108:10068)
	at f.eb (/usr/share/code/resources/app/out/vs/workbench/api/node/extensionHostProcess.js:108:15044)
	at /usr/share/code/resources/app/out/vs/workbench/api/node/extensionHostProcess.js:108:15733
