2023-03-29 14:44:15.085 [info] Log level: Info
2023-03-29 14:44:15.085 [info] Validating found git in: "git"
2023-03-29 14:44:15.085 [info] Using git "2.30.2" from "git"
2023-03-29 14:44:15.085 [info] > git rev-parse --show-toplevel [15ms]
2023-03-29 14:44:15.085 [info] fatal: not a git repository (or any of the parent directories): .git
2023-03-29 14:44:15.085 [info] > git rev-parse --show-toplevel [16ms]
2023-03-29 14:44:15.085 [info] fatal: not a git repository (or any of the parent directories): .git
2023-03-29 14:44:15.085 [info] > git rev-parse --show-toplevel [38ms]
2023-03-29 14:44:15.085 [info] fatal: not a git repository (or any of the parent directories): .git
2023-03-29 14:44:15.085 [info] > git rev-parse --show-toplevel [104ms]
2023-03-29 14:44:15.085 [info] fatal: not a git repository (or any of the parent directories): .git
2023-03-29 14:44:15.085 [info] > git rev-parse --show-toplevel [67ms]
2023-03-29 14:44:15.085 [info] fatal: not a git repository (or any of the parent directories): .git
2023-03-29 14:44:15.085 [info] > git rev-parse --show-toplevel [227ms]
2023-03-29 14:44:15.085 [info] fatal: not a git repository (or any of the parent directories): .git
2023-03-29 14:44:15.085 [info] > git rev-parse --show-toplevel [260ms]
2023-03-29 14:44:15.085 [info] fatal: not a git repository (or any of the parent directories): .git
2023-03-29 14:44:15.496 [info] > git rev-parse --show-toplevel [16ms]
2023-03-29 14:44:15.496 [info] fatal: not a git repository (or any of the parent directories): .git
2023-03-29 14:44:16.957 [info] > git rev-parse --show-toplevel [4ms]
2023-03-29 14:44:16.958 [info] fatal: not a git repository (or any of the parent directories): .git
2023-03-29 14:44:17.818 [info] > git rev-parse --show-toplevel [1ms]
2023-03-29 14:44:17.818 [info] fatal: not a git repository (or any of the parent directories): .git
2023-03-29 14:44:19.426 [info] > git rev-parse --show-toplevel [30ms]
2023-03-29 14:44:19.426 [info] fatal: not a git repository (or any of the parent directories): .git
2023-03-29 14:49:33.162 [info] > git rev-parse --show-toplevel [2ms]
2023-03-29 14:49:33.162 [info] fatal: not a git repository (or any of the parent directories): .git
2023-03-29 14:49:33.193 [info] > git rev-parse --show-toplevel [16ms]
2023-03-29 14:49:33.193 [info] fatal: not a git repository (or any of the parent directories): .git
2023-03-29 14:49:34.386 [info] > git rev-parse --show-toplevel [7ms]
2023-03-29 14:49:34.387 [info] fatal: not a git repository (or any of the parent directories): .git
2023-03-29 14:49:34.406 [info] > git rev-parse --show-toplevel [8ms]
2023-03-29 14:49:34.408 [info] fatal: not a git repository (or any of the parent directories): .git
2023-03-29 14:49:34.442 [info] > git rev-parse --show-toplevel [25ms]
2023-03-29 14:49:34.442 [info] fatal: not a git repository (or any of the parent directories): .git
2023-03-29 14:49:36.560 [info] > git rev-parse --show-toplevel [6ms]
2023-03-29 14:49:36.562 [info] fatal: not a git repository (or any of the parent directories): .git
2023-03-29 14:49:36.586 [info] > git rev-parse --show-toplevel [11ms]
2023-03-29 14:49:36.590 [info] fatal: not a git repository (or any of the parent directories): .git
2023-03-29 14:49:37.684 [info] > git rev-parse --show-toplevel [8ms]
2023-03-29 14:49:37.684 [info] fatal: not a git repository (or any of the parent directories): .git
2023-03-29 14:50:45.321 [info] > git rev-parse --show-toplevel [109ms]
2023-03-29 14:50:45.322 [info] fatal: not a git repository (or any of the parent directories): .git
2023-03-29 14:50:45.730 [info] > git rev-parse --show-toplevel [28ms]
2023-03-29 14:50:45.730 [info] fatal: not a git repository (or any of the parent directories): .git
2023-03-29 14:50:48.249 [info] > git rev-parse --show-toplevel [2ms]
2023-03-29 14:50:48.249 [info] fatal: not a git repository (or any of the parent directories): .git
2023-03-29 14:50:58.377 [info] > git rev-parse --show-toplevel [6ms]
2023-03-29 14:50:58.378 [info] fatal: not a git repository (or any of the parent directories): .git
2023-03-29 14:51:07.493 [info] > git rev-parse --show-toplevel [1ms]
2023-03-29 14:51:07.510 [info] fatal: not a git repository (or any of the parent directories): .git
2023-03-29 14:51:56.628 [info] > git rev-parse --show-toplevel [10ms]
2023-03-29 14:51:56.628 [info] fatal: not a git repository (or any of the parent directories): .git
2023-03-29 14:52:00.695 [info] > git rev-parse --show-toplevel [4ms]
2023-03-29 14:52:00.695 [info] fatal: not a git repository (or any of the parent directories): .git
2023-03-29 14:54:12.240 [info] > git rev-parse --show-toplevel [7ms]
2023-03-29 14:54:12.240 [info] fatal: not a git repository (or any of the parent directories): .git
2023-03-29 14:54:18.672 [info] > git rev-parse --show-toplevel [8ms]
2023-03-29 14:54:18.672 [info] fatal: not a git repository (or any of the parent directories): .git
2023-03-29 14:54:23.188 [info] > git rev-parse --show-toplevel [2ms]
2023-03-29 14:54:23.188 [info] fatal: not a git repository (or any of the parent directories): .git
2023-03-29 14:54:28.955 [info] > git rev-parse --show-toplevel [6ms]
2023-03-29 14:54:28.955 [info] fatal: not a git repository (or any of the parent directories): .git
2023-03-29 14:54:29.331 [info] > git rev-parse --show-toplevel [3ms]
2023-03-29 14:54:29.332 [info] fatal: not a git repository (or any of the parent directories): .git
2023-03-29 14:54:29.647 [info] > git rev-parse --show-toplevel [4ms]
2023-03-29 14:54:29.647 [info] fatal: not a git repository (or any of the parent directories): .git
2023-03-29 14:54:30.171 [info] > git rev-parse --show-toplevel [2ms]
2023-03-29 14:54:30.172 [info] fatal: not a git repository (or any of the parent directories): .git
2023-03-29 14:54:30.656 [info] > git rev-parse --show-toplevel [3ms]
2023-03-29 14:54:30.656 [info] fatal: not a git repository (or any of the parent directories): .git
2023-03-29 14:54:31.445 [info] > git rev-parse --show-toplevel [8ms]
2023-03-29 14:54:31.445 [info] fatal: not a git repository (or any of the parent directories): .git
2023-03-29 14:54:33.356 [info] > git rev-parse --show-toplevel [5ms]
2023-03-29 14:54:33.357 [info] fatal: not a git repository (or any of the parent directories): .git
