2023-04-15 11:28:58.650 [info] Extension host with pid 1991 started
2023-04-15 11:28:58.650 [info] Skipping acquiring lock for /home/danielazoccari/.config/Code/User/workspaceStorage/ef38076e675e4f3814692a400186508b.
2023-04-15 11:28:59.359 [info] ExtensionService#_doActivateExtension vscode.emmet, startup: false, activationEvent: 'onLanguage'
2023-04-15 11:28:59.410 [info] ExtensionService#_doActivateExtension vscode.html-language-features, startup: false, activationEvent: 'onLanguage:html'
2023-04-15 11:29:00.592 [info] ExtensionService#_doActivateExtension vscode.git-base, startup: true, activationEvent: '*', root cause: vscode.git
2023-04-15 11:29:00.998 [info] ExtensionService#_doActivateExtension vscode.git, startup: true, activationEvent: '*'
2023-04-15 11:29:01.167 [info] ExtensionService#_doActivateExtension vscode.github, startup: true, activationEvent: '*'
2023-04-15 11:29:01.724 [info] Eager extensions activated
2023-04-15 11:29:02.335 [warning] [Decorations] CAPPING events from decorations provider vscode.git 711
2023-04-15 11:29:02.813 [info] ExtensionService#_doActivateExtension vscode.debug-auto-launch, startup: false, activationEvent: 'onStartupFinished'
2023-04-15 11:29:02.832 [info] ExtensionService#_doActivateExtension vscode.merge-conflict, startup: false, activationEvent: 'onStartupFinished'
2023-04-15 11:29:02.855 [info] ExtensionService#_doActivateExtension ritwickdey.LiveServer, startup: false, activationEvent: 'onStartupFinished'
2023-04-15 11:29:03.279 [warning] [Decorations] CAPPING events from decorations provider vscode.git 711
2023-04-15 11:29:05.174 [info] ExtensionService#_doActivateExtension vscode.github-authentication, startup: false, activationEvent: 'onAuthenticationRequest:github'
2023-04-15 11:29:05.517 [info] ExtensionService#_doActivateExtension vscode.microsoft-authentication, startup: false, activationEvent: 'onAuthenticationRequest:microsoft'
2023-04-15 11:29:08.497 [warning] [Decorations] CAPPING events from decorations provider vscode.git 772
2023-04-15 11:29:13.702 [warning] [Decorations] CAPPING events from decorations provider vscode.git 772
2023-04-15 11:29:18.928 [warning] [Decorations] CAPPING events from decorations provider vscode.git 772
2023-04-15 11:29:19.588 [warning] [Decorations] CAPPING events from decorations provider vscode.git 772
2023-04-15 11:29:24.137 [warning] [Decorations] CAPPING events from decorations provider vscode.git 772
2023-04-15 11:29:29.460 [warning] [Decorations] CAPPING events from decorations provider vscode.git 772
2023-04-15 11:29:34.742 [warning] [Decorations] CAPPING events from decorations provider vscode.git 772
2023-04-15 11:29:35.612 [warning] [Decorations] CAPPING events from decorations provider vscode.git 772
2023-04-15 11:32:15.902 [warning] [Decorations] CAPPING events from decorations provider vscode.git 775
2023-04-15 11:32:16.512 [warning] [Decorations] CAPPING events from decorations provider vscode.git 775
2023-04-15 11:32:21.767 [warning] [Decorations] CAPPING events from decorations provider vscode.git 775
2023-04-15 11:32:26.948 [warning] [Decorations] CAPPING events from decorations provider vscode.git 775
2023-04-15 11:32:32.146 [warning] [Decorations] CAPPING events from decorations provider vscode.git 775
2023-04-15 11:32:37.322 [warning] [Decorations] CAPPING events from decorations provider vscode.git 775
2023-04-15 11:32:42.497 [warning] [Decorations] CAPPING events from decorations provider vscode.git 775
2023-04-15 11:32:47.684 [warning] [Decorations] CAPPING events from decorations provider vscode.git 775
2023-04-15 11:32:52.874 [warning] [Decorations] CAPPING events from decorations provider vscode.git 775
2023-04-15 11:32:58.042 [warning] [Decorations] CAPPING events from decorations provider vscode.git 775
2023-04-15 11:33:03.230 [warning] [Decorations] CAPPING events from decorations provider vscode.git 775
2023-04-15 11:33:08.427 [warning] [Decorations] CAPPING events from decorations provider vscode.git 775
2023-04-15 11:33:13.628 [warning] [Decorations] CAPPING events from decorations provider vscode.git 775
2023-04-15 11:33:18.854 [warning] [Decorations] CAPPING events from decorations provider vscode.git 775
2023-04-15 11:33:24.035 [warning] [Decorations] CAPPING events from decorations provider vscode.git 775
2023-04-15 11:33:29.203 [warning] [Decorations] CAPPING events from decorations provider vscode.git 775
2023-04-15 11:33:34.410 [warning] [Decorations] CAPPING events from decorations provider vscode.git 775
2023-04-15 11:33:39.607 [warning] [Decorations] CAPPING events from decorations provider vscode.git 775
2023-04-15 11:33:44.785 [warning] [Decorations] CAPPING events from decorations provider vscode.git 775
2023-04-15 11:33:50.080 [warning] [Decorations] CAPPING events from decorations provider vscode.git 775
2023-04-15 11:33:55.315 [warning] [Decorations] CAPPING events from decorations provider vscode.git 775
2023-04-15 11:35:29.667 [warning] [Decorations] CAPPING events from decorations provider vscode.git 775
2023-04-15 11:35:47.991 [warning] [Decorations] CAPPING events from decorations provider vscode.git 775
2023-04-15 13:49:01.250 [warning] [Decorations] CAPPING events from decorations provider vscode.git 775
2023-04-15 13:49:06.995 [warning] [Decorations] CAPPING events from decorations provider vscode.git 775
